<?xml version="1.0" encoding="UTF-8"?>
<testsuite name="be.kdg.prog6.friends.core.RemoveFriendImplTestIntegration" tests="2" skipped="0" failures="0" errors="0" timestamp="2025-01-03T19:46:42" hostname="JOSIE" time="0.321">
  <properties/>
  <testcase name="shouldNotRemoveNotExistingFriend()" classname="be.kdg.prog6.friends.core.RemoveFriendImplTestIntegration" time="0.244"/>
  <testcase name="shouldRemoveFriendOfPlayer()" classname="be.kdg.prog6.friends.core.RemoveFriendImplTestIntegration" time="0.075"/>
  <system-out><![CDATA[20:46:13.940 [Test worker] INFO org.springframework.test.context.support.AnnotationConfigContextLoaderUtils -- Could not detect default configuration classes for test class [be.kdg.prog6.friends.core.AbstractDatabaseAndRabbitTest]: AbstractDatabaseAndRabbitTest does not declare any static, non-private, non-final, nested classes annotated with @Configuration.
20:46:14.041 [Test worker] INFO org.springframework.boot.test.context.SpringBootTestContextBootstrapper -- Found @SpringBootConfiguration be.kdg.prog6.friends.FriendsBondedContextApplication for test class be.kdg.prog6.friends.core.RemoveFriendImplTestIntegration
20:46:14.188 [Test worker] INFO org.testcontainers.utility.ImageNameSubstitutor -- Image name substitution will be performed by: DefaultImageNameSubstitutor (composite of 'ConfigurationFileImageNameSubstitutor' and 'PrefixingImageNameSubstitutor')
20:46:14.443 [Test worker] INFO org.testcontainers.dockerclient.DockerClientProviderStrategy -- Loaded org.testcontainers.dockerclient.NpipeSocketClientProviderStrategy from ~/.testcontainers.properties, will try it first
20:46:14.703 [Test worker] INFO org.testcontainers.dockerclient.DockerClientProviderStrategy -- Found Docker environment with local Npipe socket (npipe:////./pipe/docker_engine)
20:46:14.705 [Test worker] INFO org.testcontainers.DockerClientFactory -- Docker host IP address is localhost
20:46:14.723 [Test worker] INFO org.testcontainers.DockerClientFactory -- Connected to docker: 
  Server Version: 27.4.0
  API Version: 1.47
  Operating System: Docker Desktop
  Total Memory: 15543 MB
20:46:15.011 [Test worker] INFO tc.testcontainers/ryuk:0.5.1 -- Creating container for image: testcontainers/ryuk:0.5.1
20:46:15.280 [Test worker] INFO tc.testcontainers/ryuk:0.5.1 -- Container testcontainers/ryuk:0.5.1 is starting: 6e8fda1fdaf41cfdd2c96d35aefc7aecf490c6c5880af74d3b37e51ad99eb004
20:46:15.942 [Test worker] INFO tc.testcontainers/ryuk:0.5.1 -- Container testcontainers/ryuk:0.5.1 started in PT1.2122781S
20:46:15.949 [Test worker] INFO org.testcontainers.utility.RyukResourceReaper -- Ryuk started - will monitor and terminate Testcontainers containers on JVM exit
20:46:15.949 [Test worker] INFO org.testcontainers.DockerClientFactory -- Checking the system...
20:46:15.950 [Test worker] INFO org.testcontainers.DockerClientFactory -- ✔︎ Docker server version should be at least 1.6.0
20:46:15.954 [Test worker] INFO tc.mysql:8.0.30 -- Creating container for image: mysql:8.0.30
20:46:16.156 [Test worker] INFO tc.mysql:8.0.30 -- Container mysql:8.0.30 is starting: 2e7d4f1cee63b707f18b19adf5bfeed8326ed142d2488674f6d3bdb018cb5a00
20:46:16.680 [Test worker] INFO tc.mysql:8.0.30 -- Waiting for database connection to become available at jdbc:mysql://localhost:55877/friends using query 'SELECT 1'
20:46:30.006 [Test worker] INFO tc.mysql:8.0.30 -- Container mysql:8.0.30 started in PT14.0512113S
20:46:30.006 [Test worker] INFO tc.mysql:8.0.30 -- Container is started (JDBC URL: jdbc:mysql://localhost:55877/friends)
20:46:30.006 [Test worker] INFO tc.rabbitmq:3.11-management -- Creating container for image: rabbitmq:3.11-management
20:46:30.123 [Test worker] INFO tc.rabbitmq:3.11-management -- Container rabbitmq:3.11-management is starting: aed739f3c9d103299a7035c38faaeaacc1f49466e249c0094d47390d264b5a61
20:46:37.726 [Test worker] INFO tc.rabbitmq:3.11-management -- Container rabbitmq:3.11-management started in PT7.7195096S

  .   ____          _            __ _ _
 /\\ / ___'_ __ _ _(_)_ __  __ _ \ \ \ \
( ( )\___ | '_ | '_| | '_ \/ _` | \ \ \ \
 \\/  ___)| |_)| | | | | || (_| |  ) ) ) )
  '  |____| .__|_| |_|_| |_\__, | / / / /
 =========|_|==============|___/=/_/_/_/
 :: Spring Boot ::                (v3.1.1)

2025-01-03T20:46:38.133+01:00  INFO 7788 --- [    Test worker] .k.p.f.c.RemoveFriendImplTestIntegration : Starting RemoveFriendImplTestIntegration using Java 21.0.5 with PID 7788 (started by josia in C:\Users\josia\IdeaProjects\bandit-games\friends)
2025-01-03T20:46:38.134+01:00  INFO 7788 --- [    Test worker] .k.p.f.c.RemoveFriendImplTestIntegration : No active profile set, falling back to 1 default profile: "default"
2025-01-03T20:46:38.681+01:00  INFO 7788 --- [    Test worker] .s.d.r.c.RepositoryConfigurationDelegate : Bootstrapping Spring Data JPA repositories in DEFAULT mode.
2025-01-03T20:46:38.739+01:00  INFO 7788 --- [    Test worker] .s.d.r.c.RepositoryConfigurationDelegate : Finished Spring Data repository scanning in 52 ms. Found 4 JPA repository interfaces.
2025-01-03T20:46:39.096+01:00  INFO 7788 --- [    Test worker] o.hibernate.jpa.internal.util.LogHelper  : HHH000204: Processing PersistenceUnitInfo [name: default]
2025-01-03T20:46:39.153+01:00  INFO 7788 --- [    Test worker] org.hibernate.Version                    : HHH000412: Hibernate ORM core version 6.2.5.Final
2025-01-03T20:46:39.156+01:00  INFO 7788 --- [    Test worker] org.hibernate.cfg.Environment            : HHH000406: Using bytecode reflection optimizer
2025-01-03T20:46:39.313+01:00  INFO 7788 --- [    Test worker] o.h.b.i.BytecodeProviderInitiator        : HHH000021: Bytecode provider name : bytebuddy
2025-01-03T20:46:39.321+01:00  INFO 7788 --- [    Test worker] o.s.o.j.p.SpringPersistenceUnitInfo      : No LoadTimeWeaver setup: ignoring JPA class transformer
2025-01-03T20:46:39.334+01:00  INFO 7788 --- [    Test worker] com.zaxxer.hikari.HikariDataSource       : HikariPool-1 - Starting...
2025-01-03T20:46:39.502+01:00  INFO 7788 --- [    Test worker] com.zaxxer.hikari.pool.HikariPool        : HikariPool-1 - Added connection com.mysql.cj.jdbc.ConnectionImpl@36a2fd51
2025-01-03T20:46:39.504+01:00  INFO 7788 --- [    Test worker] com.zaxxer.hikari.HikariDataSource       : HikariPool-1 - Start completed.
2025-01-03T20:46:39.757+01:00  INFO 7788 --- [    Test worker] o.h.b.i.BytecodeProviderInitiator        : HHH000021: Bytecode provider name : bytebuddy
2025-01-03T20:46:40.194+01:00  INFO 7788 --- [    Test worker] o.h.e.t.j.p.i.JtaPlatformInitiator       : HHH000490: Using JtaPlatform implementation: [org.hibernate.engine.transaction.jta.platform.internal.NoJtaPlatform]
2025-01-03T20:46:40.227+01:00  WARN 7788 --- [    Test worker] o.h.t.s.i.ExceptionHandlerLoggedImpl     : GenerationTarget encountered exception accepting command : Error executing DDL "alter table friends.address drop foreign key FK33v30veck8k5uqevpb90j87df" via JDBC [Table 'friends.address' doesn't exist]

org.hibernate.tool.schema.spi.CommandAcceptanceException: Error executing DDL "alter table friends.address drop foreign key FK33v30veck8k5uqevpb90j87df" via JDBC [Table 'friends.address' doesn't exist]
	at org.hibernate.tool.schema.internal.exec.GenerationTargetToDatabase.accept(GenerationTargetToDatabase.java:92) ~[hibernate-core-6.2.5.Final.jar:6.2.5.Final]
	at org.hibernate.tool.schema.internal.Helper.applySqlString(Helper.java:235) ~[hibernate-core-6.2.5.Final.jar:6.2.5.Final]
	at org.hibernate.tool.schema.internal.Helper.applySqlStrings(Helper.java:219) ~[hibernate-core-6.2.5.Final.jar:6.2.5.Final]
	at org.hibernate.tool.schema.internal.SchemaDropperImpl.applyConstraintDropping(SchemaDropperImpl.java:455) ~[hibernate-core-6.2.5.Final.jar:6.2.5.Final]
	at org.hibernate.tool.schema.internal.SchemaDropperImpl.dropConstraintsTablesSequences(SchemaDropperImpl.java:242) ~[hibernate-core-6.2.5.Final.jar:6.2.5.Final]
	at org.hibernate.tool.schema.internal.SchemaDropperImpl.dropFromMetadata(SchemaDropperImpl.java:215) ~[hibernate-core-6.2.5.Final.jar:6.2.5.Final]
	at org.hibernate.tool.schema.internal.SchemaDropperImpl.performDrop(SchemaDropperImpl.java:185) ~[hibernate-core-6.2.5.Final.jar:6.2.5.Final]
	at org.hibernate.tool.schema.internal.SchemaDropperImpl.doDrop(SchemaDropperImpl.java:155) ~[hibernate-core-6.2.5.Final.jar:6.2.5.Final]
	at org.hibernate.tool.schema.internal.SchemaDropperImpl.doDrop(SchemaDropperImpl.java:115) ~[hibernate-core-6.2.5.Final.jar:6.2.5.Final]
	at org.hibernate.tool.schema.spi.SchemaManagementToolCoordinator.performDatabaseAction(SchemaManagementToolCoordinator.java:242) ~[hibernate-core-6.2.5.Final.jar:6.2.5.Final]
	at org.hibernate.tool.schema.spi.SchemaManagementToolCoordinator.lambda$process$5(SchemaManagementToolCoordinator.java:143) ~[hibernate-core-6.2.5.Final.jar:6.2.5.Final]
	at java.base/java.util.HashMap.forEach(HashMap.java:1429) ~[na:na]
	at org.hibernate.tool.schema.spi.SchemaManagementToolCoordinator.process(SchemaManagementToolCoordinator.java:140) ~[hibernate-core-6.2.5.Final.jar:6.2.5.Final]
	at org.hibernate.boot.internal.SessionFactoryObserverForSchemaExport.sessionFactoryCreated(SessionFactoryObserverForSchemaExport.java:37) ~[hibernate-core-6.2.5.Final.jar:6.2.5.Final]
	at org.hibernate.internal.SessionFactoryObserverChain.sessionFactoryCreated(SessionFactoryObserverChain.java:35) ~[hibernate-core-6.2.5.Final.jar:6.2.5.Final]
	at org.hibernate.internal.SessionFactoryImpl.<init>(SessionFactoryImpl.java:292) ~[hibernate-core-6.2.5.Final.jar:6.2.5.Final]
	at org.hibernate.boot.internal.SessionFactoryBuilderImpl.build(SessionFactoryBuilderImpl.java:431) ~[hibernate-core-6.2.5.Final.jar:6.2.5.Final]
	at org.hibernate.jpa.boot.internal.EntityManagerFactoryBuilderImpl.build(EntityManagerFactoryBuilderImpl.java:1455) ~[hibernate-core-6.2.5.Final.jar:6.2.5.Final]
	at org.springframework.orm.jpa.vendor.SpringHibernateJpaPersistenceProvider.createContainerEntityManagerFactory(SpringHibernateJpaPersistenceProvider.java:75) ~[spring-orm-6.0.10.jar:6.0.10]
	at org.springframework.orm.jpa.LocalContainerEntityManagerFactoryBean.createNativeEntityManagerFactory(LocalContainerEntityManagerFactoryBean.java:376) ~[spring-orm-6.0.10.jar:6.0.10]
	at org.springframework.orm.jpa.AbstractEntityManagerFactoryBean.buildNativeEntityManagerFactory(AbstractEntityManagerFactoryBean.java:409) ~[spring-orm-6.0.10.jar:6.0.10]
	at org.springframework.orm.jpa.AbstractEntityManagerFactoryBean.afterPropertiesSet(AbstractEntityManagerFactoryBean.java:396) ~[spring-orm-6.0.10.jar:6.0.10]
	at org.springframework.orm.jpa.LocalContainerEntityManagerFactoryBean.afterPropertiesSet(LocalContainerEntityManagerFactoryBean.java:352) ~[spring-orm-6.0.10.jar:6.0.10]
	at org.springframework.beans.factory.support.AbstractAutowireCapableBeanFactory.invokeInitMethods(AbstractAutowireCapableBeanFactory.java:1816) ~[spring-beans-6.0.10.jar:6.0.10]
	at org.springframework.beans.factory.support.AbstractAutowireCapableBeanFactory.initializeBean(AbstractAutowireCapableBeanFactory.java:1766) ~[spring-beans-6.0.10.jar:6.0.10]
	at org.springframework.beans.factory.support.AbstractAutowireCapableBeanFactory.doCreateBean(AbstractAutowireCapableBeanFactory.java:598) ~[spring-beans-6.0.10.jar:6.0.10]
	at org.springframework.beans.factory.support.AbstractAutowireCapableBeanFactory.createBean(AbstractAutowireCapableBeanFactory.java:520) ~[spring-beans-6.0.10.jar:6.0.10]
	at org.springframework.beans.factory.support.AbstractBeanFactory.lambda$doGetBean$0(AbstractBeanFactory.java:326) ~[spring-beans-6.0.10.jar:6.0.10]
	at org.springframework.beans.factory.support.DefaultSingletonBeanRegistry.getSingleton(DefaultSingletonBeanRegistry.java:234) ~[spring-beans-6.0.10.jar:6.0.10]
	at org.springframework.beans.factory.support.AbstractBeanFactory.doGetBean(AbstractBeanFactory.java:324) ~[spring-beans-6.0.10.jar:6.0.10]
	at org.springframework.beans.factory.support.AbstractBeanFactory.getBean(AbstractBeanFactory.java:200) ~[spring-beans-6.0.10.jar:6.0.10]
	at org.springframework.context.support.AbstractApplicationContext.getBean(AbstractApplicationContext.java:1154) ~[spring-context-6.0.10.jar:6.0.10]
	at org.springframework.context.support.AbstractApplicationContext.finishBeanFactoryInitialization(AbstractApplicationContext.java:931) ~[spring-context-6.0.10.jar:6.0.10]
	at org.springframework.context.support.AbstractApplicationContext.refresh(AbstractApplicationContext.java:608) ~[spring-context-6.0.10.jar:6.0.10]
	at org.springframework.boot.SpringApplication.refresh(SpringApplication.java:734) ~[spring-boot-3.1.1.jar:3.1.1]
	at org.springframework.boot.SpringApplication.refreshContext(SpringApplication.java:436) ~[spring-boot-3.1.1.jar:3.1.1]
	at org.springframework.boot.SpringApplication.run(SpringApplication.java:312) ~[spring-boot-3.1.1.jar:3.1.1]
	at org.springframework.boot.test.context.SpringBootContextLoader.lambda$loadContext$3(SpringBootContextLoader.java:137) ~[spring-boot-test-3.1.1.jar:3.1.1]
	at org.springframework.util.function.ThrowingSupplier.get(ThrowingSupplier.java:58) ~[spring-core-6.0.10.jar:6.0.10]
	at org.springframework.util.function.ThrowingSupplier.get(ThrowingSupplier.java:46) ~[spring-core-6.0.10.jar:6.0.10]
	at org.springframework.boot.SpringApplication.withHook(SpringApplication.java:1406) ~[spring-boot-3.1.1.jar:3.1.1]
	at org.springframework.boot.test.context.SpringBootContextLoader$ContextLoaderHook.run(SpringBootContextLoader.java:545) ~[spring-boot-test-3.1.1.jar:3.1.1]
	at org.springframework.boot.test.context.SpringBootContextLoader.loadContext(SpringBootContextLoader.java:137) ~[spring-boot-test-3.1.1.jar:3.1.1]
	at org.springframework.boot.test.context.SpringBootContextLoader.loadContext(SpringBootContextLoader.java:108) ~[spring-boot-test-3.1.1.jar:3.1.1]
	at org.springframework.test.context.cache.DefaultCacheAwareContextLoaderDelegate.loadContextInternal(DefaultCacheAwareContextLoaderDelegate.java:187) ~[spring-test-6.0.10.jar:6.0.10]
	at org.springframework.test.context.cache.DefaultCacheAwareContextLoaderDelegate.loadContext(DefaultCacheAwareContextLoaderDelegate.java:119) ~[spring-test-6.0.10.jar:6.0.10]
	at org.springframework.test.context.support.DefaultTestContext.getApplicationContext(DefaultTestContext.java:127) ~[spring-test-6.0.10.jar:6.0.10]
	at org.springframework.test.context.web.ServletTestExecutionListener.setUpRequestContextIfNecessary(ServletTestExecutionListener.java:191) ~[spring-test-6.0.10.jar:6.0.10]
	at org.springframework.test.context.web.ServletTestExecutionListener.prepareTestInstance(ServletTestExecutionListener.java:130) ~[spring-test-6.0.10.jar:6.0.10]
	at org.springframework.test.context.TestContextManager.prepareTestInstance(TestContextManager.java:241) ~[spring-test-6.0.10.jar:6.0.10]
	at org.springframework.test.context.junit.jupiter.SpringExtension.postProcessTestInstance(SpringExtension.java:138) ~[spring-test-6.0.10.jar:6.0.10]
	at org.junit.jupiter.engine.descriptor.ClassBasedTestDescriptor.lambda$invokeTestInstancePostProcessors$8(ClassBasedTestDescriptor.java:363) ~[junit-jupiter-engine-5.8.1.jar:5.8.1]
	at org.junit.jupiter.engine.descriptor.ClassBasedTestDescriptor.executeAndMaskThrowable(ClassBasedTestDescriptor.java:368) ~[junit-jupiter-engine-5.8.1.jar:5.8.1]
	at org.junit.jupiter.engine.descriptor.ClassBasedTestDescriptor.lambda$invokeTestInstancePostProcessors$9(ClassBasedTestDescriptor.java:363) ~[junit-jupiter-engine-5.8.1.jar:5.8.1]
	at java.base/java.util.stream.ReferencePipeline$3$1.accept(ReferencePipeline.java:197) ~[na:na]
	at java.base/java.util.stream.ReferencePipeline$2$1.accept(ReferencePipeline.java:179) ~[na:na]
	at java.base/java.util.ArrayList$ArrayListSpliterator.forEachRemaining(ArrayList.java:1708) ~[na:na]
	at java.base/java.util.stream.AbstractPipeline.copyInto(AbstractPipeline.java:509) ~[na:na]
	at java.base/java.util.stream.AbstractPipeline.wrapAndCopyInto(AbstractPipeline.java:499) ~[na:na]
	at java.base/java.util.stream.StreamSpliterators$WrappingSpliterator.forEachRemaining(StreamSpliterators.java:310) ~[na:na]
	at java.base/java.util.stream.Streams$ConcatSpliterator.forEachRemaining(Streams.java:735) ~[na:na]
	at java.base/java.util.stream.Streams$ConcatSpliterator.forEachRemaining(Streams.java:734) ~[na:na]
	at java.base/java.util.stream.ReferencePipeline$Head.forEach(ReferencePipeline.java:762) ~[na:na]
	at org.junit.jupiter.engine.descriptor.ClassBasedTestDescriptor.invokeTestInstancePostProcessors(ClassBasedTestDescriptor.java:362) ~[junit-jupiter-engine-5.8.1.jar:5.8.1]
	at org.junit.jupiter.engine.descriptor.ClassBasedTestDescriptor.lambda$instantiateAndPostProcessTestInstance$6(ClassBasedTestDescriptor.java:283) ~[junit-jupiter-engine-5.8.1.jar:5.8.1]
	at org.junit.platform.engine.support.hierarchical.ThrowableCollector.execute(ThrowableCollector.java:73) ~[junit-platform-engine-1.9.3.jar:1.9.3]
	at org.junit.jupiter.engine.descriptor.ClassBasedTestDescriptor.instantiateAndPostProcessTestInstance(ClassBasedTestDescriptor.java:282) ~[junit-jupiter-engine-5.8.1.jar:5.8.1]
	at org.junit.jupiter.engine.descriptor.ClassBasedTestDescriptor.lambda$testInstancesProvider$4(ClassBasedTestDescriptor.java:272) ~[junit-jupiter-engine-5.8.1.jar:5.8.1]
	at java.base/java.util.Optional.orElseGet(Optional.java:364) ~[na:na]
	at org.junit.jupiter.engine.descriptor.ClassBasedTestDescriptor.lambda$testInstancesProvider$5(ClassBasedTestDescriptor.java:271) ~[junit-jupiter-engine-5.8.1.jar:5.8.1]
	at org.junit.jupiter.engine.execution.TestInstancesProvider.getTestInstances(TestInstancesProvider.java:31) ~[junit-jupiter-engine-5.8.1.jar:5.8.1]
	at org.junit.jupiter.engine.descriptor.TestMethodTestDescriptor.lambda$prepare$0(TestMethodTestDescriptor.java:102) ~[junit-jupiter-engine-5.8.1.jar:5.8.1]
	at org.junit.platform.engine.support.hierarchical.ThrowableCollector.execute(ThrowableCollector.java:73) ~[junit-platform-engine-1.9.3.jar:1.9.3]
	at org.junit.jupiter.engine.descriptor.TestMethodTestDescriptor.prepare(TestMethodTestDescriptor.java:101) ~[junit-jupiter-engine-5.8.1.jar:5.8.1]
	at org.junit.jupiter.engine.descriptor.TestMethodTestDescriptor.prepare(TestMethodTestDescriptor.java:66) ~[junit-jupiter-engine-5.8.1.jar:5.8.1]
	at org.junit.platform.engine.support.hierarchical.NodeTestTask.lambda$prepare$2(NodeTestTask.java:123) ~[junit-platform-engine-1.9.3.jar:1.9.3]
	at org.junit.platform.engine.support.hierarchical.ThrowableCollector.execute(ThrowableCollector.java:73) ~[junit-platform-engine-1.9.3.jar:1.9.3]
	at org.junit.platform.engine.support.hierarchical.NodeTestTask.prepare(NodeTestTask.java:123) ~[junit-platform-engine-1.9.3.jar:1.9.3]
	at org.junit.platform.engine.support.hierarchical.NodeTestTask.execute(NodeTestTask.java:90) ~[junit-platform-engine-1.9.3.jar:1.9.3]
	at java.base/java.util.ArrayList.forEach(ArrayList.java:1596) ~[na:na]
	at org.junit.platform.engine.support.hierarchical.SameThreadHierarchicalTestExecutorService.invokeAll(SameThreadHierarchicalTestExecutorService.java:41) ~[junit-platform-engine-1.9.3.jar:1.9.3]
	at org.junit.platform.engine.support.hierarchical.NodeTestTask.lambda$executeRecursively$6(NodeTestTask.java:155) ~[junit-platform-engine-1.9.3.jar:1.9.3]
	at org.junit.platform.engine.support.hierarchical.ThrowableCollector.execute(ThrowableCollector.java:73) ~[junit-platform-engine-1.9.3.jar:1.9.3]
	at org.junit.platform.engine.support.hierarchical.NodeTestTask.lambda$executeRecursively$8(NodeTestTask.java:141) ~[junit-platform-engine-1.9.3.jar:1.9.3]
	at org.junit.platform.engine.support.hierarchical.Node.around(Node.java:137) ~[junit-platform-engine-1.9.3.jar:1.9.3]
	at org.junit.platform.engine.support.hierarchical.NodeTestTask.lambda$executeRecursively$9(NodeTestTask.java:139) ~[junit-platform-engine-1.9.3.jar:1.9.3]
	at org.junit.platform.engine.support.hierarchical.ThrowableCollector.execute(ThrowableCollector.java:73) ~[junit-platform-engine-1.9.3.jar:1.9.3]
	at org.junit.platform.engine.support.hierarchical.NodeTestTask.executeRecursively(NodeTestTask.java:138) ~[junit-platform-engine-1.9.3.jar:1.9.3]
	at org.junit.platform.engine.support.hierarchical.NodeTestTask.execute(NodeTestTask.java:95) ~[junit-platform-engine-1.9.3.jar:1.9.3]
	at java.base/java.util.ArrayList.forEach(ArrayList.java:1596) ~[na:na]
	at org.junit.platform.engine.support.hierarchical.SameThreadHierarchicalTestExecutorService.invokeAll(SameThreadHierarchicalTestExecutorService.java:41) ~[junit-platform-engine-1.9.3.jar:1.9.3]
	at org.junit.platform.engine.support.hierarchical.NodeTestTask.lambda$executeRecursively$6(NodeTestTask.java:155) ~[junit-platform-engine-1.9.3.jar:1.9.3]
	at org.junit.platform.engine.support.hierarchical.ThrowableCollector.execute(ThrowableCollector.java:73) ~[junit-platform-engine-1.9.3.jar:1.9.3]
	at org.junit.platform.engine.support.hierarchical.NodeTestTask.lambda$executeRecursively$8(NodeTestTask.java:141) ~[junit-platform-engine-1.9.3.jar:1.9.3]
	at org.junit.platform.engine.support.hierarchical.Node.around(Node.java:137) ~[junit-platform-engine-1.9.3.jar:1.9.3]
	at org.junit.platform.engine.support.hierarchical.NodeTestTask.lambda$executeRecursively$9(NodeTestTask.java:139) ~[junit-platform-engine-1.9.3.jar:1.9.3]
	at org.junit.platform.engine.support.hierarchical.ThrowableCollector.execute(ThrowableCollector.java:73) ~[junit-platform-engine-1.9.3.jar:1.9.3]
	at org.junit.platform.engine.support.hierarchical.NodeTestTask.executeRecursively(NodeTestTask.java:138) ~[junit-platform-engine-1.9.3.jar:1.9.3]
	at org.junit.platform.engine.support.hierarchical.NodeTestTask.execute(NodeTestTask.java:95) ~[junit-platform-engine-1.9.3.jar:1.9.3]
	at org.junit.platform.engine.support.hierarchical.SameThreadHierarchicalTestExecutorService.submit(SameThreadHierarchicalTestExecutorService.java:35) ~[junit-platform-engine-1.9.3.jar:1.9.3]
	at org.junit.platform.engine.support.hierarchical.HierarchicalTestExecutor.execute(HierarchicalTestExecutor.java:57) ~[junit-platform-engine-1.9.3.jar:1.9.3]
	at org.junit.platform.engine.support.hierarchical.HierarchicalTestEngine.execute(HierarchicalTestEngine.java:54) ~[junit-platform-engine-1.9.3.jar:1.9.3]
	at org.junit.platform.launcher.core.EngineExecutionOrchestrator.execute(EngineExecutionOrchestrator.java:107) ~[junit-platform-launcher-1.8.2.jar:1.8.2]
	at org.junit.platform.launcher.core.EngineExecutionOrchestrator.execute(EngineExecutionOrchestrator.java:88) ~[junit-platform-launcher-1.8.2.jar:1.8.2]
	at org.junit.platform.launcher.core.EngineExecutionOrchestrator.lambda$execute$0(EngineExecutionOrchestrator.java:54) ~[junit-platform-launcher-1.8.2.jar:1.8.2]
	at org.junit.platform.launcher.core.EngineExecutionOrchestrator.withInterceptedStreams(EngineExecutionOrchestrator.java:67) ~[junit-platform-launcher-1.8.2.jar:1.8.2]
	at org.junit.platform.launcher.core.EngineExecutionOrchestrator.execute(EngineExecutionOrchestrator.java:52) ~[junit-platform-launcher-1.8.2.jar:1.8.2]
	at org.junit.platform.launcher.core.DefaultLauncher.execute(DefaultLauncher.java:114) ~[junit-platform-launcher-1.8.2.jar:1.8.2]
	at org.junit.platform.launcher.core.DefaultLauncher.execute(DefaultLauncher.java:86) ~[junit-platform-launcher-1.8.2.jar:1.8.2]
	at org.junit.platform.launcher.core.DefaultLauncherSession$DelegatingLauncher.execute(DefaultLauncherSession.java:86) ~[junit-platform-launcher-1.8.2.jar:1.8.2]
	at org.gradle.api.internal.tasks.testing.junitplatform.JUnitPlatformTestClassProcessor$CollectAllTestClassesExecutor.processAllTestClasses(JUnitPlatformTestClassProcessor.java:124) ~[na:na]
	at org.gradle.api.internal.tasks.testing.junitplatform.JUnitPlatformTestClassProcessor$CollectAllTestClassesExecutor.access$000(JUnitPlatformTestClassProcessor.java:99) ~[na:na]
	at org.gradle.api.internal.tasks.testing.junitplatform.JUnitPlatformTestClassProcessor.stop(JUnitPlatformTestClassProcessor.java:94) ~[na:na]
	at org.gradle.api.internal.tasks.testing.SuiteTestClassProcessor.stop(SuiteTestClassProcessor.java:63) ~[na:na]
	at java.base/jdk.internal.reflect.DirectMethodHandleAccessor.invoke(DirectMethodHandleAccessor.java:103) ~[na:na]
	at java.base/java.lang.reflect.Method.invoke(Method.java:580) ~[na:na]
	at org.gradle.internal.dispatch.ReflectionDispatch.dispatch(ReflectionDispatch.java:36) ~[na:na]
	at org.gradle.internal.dispatch.ReflectionDispatch.dispatch(ReflectionDispatch.java:24) ~[na:na]
	at org.gradle.internal.dispatch.ContextClassLoaderDispatch.dispatch(ContextClassLoaderDispatch.java:33) ~[na:na]
	at org.gradle.internal.dispatch.ProxyDispatchAdapter$DispatchingInvocationHandler.invoke(ProxyDispatchAdapter.java:92) ~[na:na]
	at jdk.proxy2/jdk.proxy2.$Proxy6.stop(Unknown Source) ~[na:na]
	at org.gradle.api.internal.tasks.testing.worker.TestWorker$3.run(TestWorker.java:200) ~[na:na]
	at org.gradle.api.internal.tasks.testing.worker.TestWorker.executeAndMaintainThreadName(TestWorker.java:132) ~[na:na]
	at org.gradle.api.internal.tasks.testing.worker.TestWorker.execute(TestWorker.java:103) ~[na:na]
	at org.gradle.api.internal.tasks.testing.worker.TestWorker.execute(TestWorker.java:63) ~[na:na]
	at org.gradle.process.internal.worker.child.ActionExecutionWorker.execute(ActionExecutionWorker.java:56) ~[na:na]
	at org.gradle.process.internal.worker.child.SystemApplicationClassLoaderWorker.call(SystemApplicationClassLoaderWorker.java:121) ~[na:na]
	at org.gradle.process.internal.worker.child.SystemApplicationClassLoaderWorker.call(SystemApplicationClassLoaderWorker.java:71) ~[na:na]
	at worker.org.gradle.process.internal.worker.GradleWorkerMain.run(GradleWorkerMain.java:69) ~[gradle-worker.jar:na]
	at worker.org.gradle.process.internal.worker.GradleWorkerMain.main(GradleWorkerMain.java:74) ~[gradle-worker.jar:na]
Caused by: java.sql.SQLSyntaxErrorException: Table 'friends.address' doesn't exist
	at com.mysql.cj.jdbc.exceptions.SQLError.createSQLException(SQLError.java:121) ~[mysql-connector-j-8.0.33.jar:8.0.33]
	at com.mysql.cj.jdbc.exceptions.SQLExceptionsMapping.translateException(SQLExceptionsMapping.java:122) ~[mysql-connector-j-8.0.33.jar:8.0.33]
	at com.mysql.cj.jdbc.StatementImpl.executeInternal(StatementImpl.java:763) ~[mysql-connector-j-8.0.33.jar:8.0.33]
	at com.mysql.cj.jdbc.StatementImpl.execute(StatementImpl.java:648) ~[mysql-connector-j-8.0.33.jar:8.0.33]
	at com.zaxxer.hikari.pool.ProxyStatement.execute(ProxyStatement.java:94) ~[HikariCP-5.0.1.jar:na]
	at com.zaxxer.hikari.pool.HikariProxyStatement.execute(HikariProxyStatement.java) ~[HikariCP-5.0.1.jar:na]
	at org.hibernate.tool.schema.internal.exec.GenerationTargetToDatabase.accept(GenerationTargetToDatabase.java:78) ~[hibernate-core-6.2.5.Final.jar:6.2.5.Final]
	... 129 common frames omitted

2025-01-03T20:46:40.238+01:00  WARN 7788 --- [    Test worker] o.h.t.s.i.ExceptionHandlerLoggedImpl     : GenerationTarget encountered exception accepting command : Error executing DDL "alter table friends.lobby drop foreign key FK3bod5oao1eq140gs771251s76" via JDBC [Table 'friends.lobby' doesn't exist]

org.hibernate.tool.schema.spi.CommandAcceptanceException: Error executing DDL "alter table friends.lobby drop foreign key FK3bod5oao1eq140gs771251s76" via JDBC [Table 'friends.lobby' doesn't exist]
	at org.hibernate.tool.schema.internal.exec.GenerationTargetToDatabase.accept(GenerationTargetToDatabase.java:92) ~[hibernate-core-6.2.5.Final.jar:6.2.5.Final]
	at org.hibernate.tool.schema.internal.Helper.applySqlString(Helper.java:235) ~[hibernate-core-6.2.5.Final.jar:6.2.5.Final]
	at org.hibernate.tool.schema.internal.Helper.applySqlStrings(Helper.java:219) ~[hibernate-core-6.2.5.Final.jar:6.2.5.Final]
	at org.hibernate.tool.schema.internal.SchemaDropperImpl.applyConstraintDropping(SchemaDropperImpl.java:455) ~[hibernate-core-6.2.5.Final.jar:6.2.5.Final]
	at org.hibernate.tool.schema.internal.SchemaDropperImpl.dropConstraintsTablesSequences(SchemaDropperImpl.java:242) ~[hibernate-core-6.2.5.Final.jar:6.2.5.Final]
	at org.hibernate.tool.schema.internal.SchemaDropperImpl.dropFromMetadata(SchemaDropperImpl.java:215) ~[hibernate-core-6.2.5.Final.jar:6.2.5.Final]
	at org.hibernate.tool.schema.internal.SchemaDropperImpl.performDrop(SchemaDropperImpl.java:185) ~[hibernate-core-6.2.5.Final.jar:6.2.5.Final]
	at org.hibernate.tool.schema.internal.SchemaDropperImpl.doDrop(SchemaDropperImpl.java:155) ~[hibernate-core-6.2.5.Final.jar:6.2.5.Final]
	at org.hibernate.tool.schema.internal.SchemaDropperImpl.doDrop(SchemaDropperImpl.java:115) ~[hibernate-core-6.2.5.Final.jar:6.2.5.Final]
	at org.hibernate.tool.schema.spi.SchemaManagementToolCoordinator.performDatabaseAction(SchemaManagementToolCoordinator.java:242) ~[hibernate-core-6.2.5.Final.jar:6.2.5.Final]
	at org.hibernate.tool.schema.spi.SchemaManagementToolCoordinator.lambda$process$5(SchemaManagementToolCoordinator.java:143) ~[hibernate-core-6.2.5.Final.jar:6.2.5.Final]
	at java.base/java.util.HashMap.forEach(HashMap.java:1429) ~[na:na]
	at org.hibernate.tool.schema.spi.SchemaManagementToolCoordinator.process(SchemaManagementToolCoordinator.java:140) ~[hibernate-core-6.2.5.Final.jar:6.2.5.Final]
	at org.hibernate.boot.internal.SessionFactoryObserverForSchemaExport.sessionFactoryCreated(SessionFactoryObserverForSchemaExport.java:37) ~[hibernate-core-6.2.5.Final.jar:6.2.5.Final]
	at org.hibernate.internal.SessionFactoryObserverChain.sessionFactoryCreated(SessionFactoryObserverChain.java:35) ~[hibernate-core-6.2.5.Final.jar:6.2.5.Final]
	at org.hibernate.internal.SessionFactoryImpl.<init>(SessionFactoryImpl.java:292) ~[hibernate-core-6.2.5.Final.jar:6.2.5.Final]
	at org.hibernate.boot.internal.SessionFactoryBuilderImpl.build(SessionFactoryBuilderImpl.java:431) ~[hibernate-core-6.2.5.Final.jar:6.2.5.Final]
	at org.hibernate.jpa.boot.internal.EntityManagerFactoryBuilderImpl.build(EntityManagerFactoryBuilderImpl.java:1455) ~[hibernate-core-6.2.5.Final.jar:6.2.5.Final]
	at org.springframework.orm.jpa.vendor.SpringHibernateJpaPersistenceProvider.createContainerEntityManagerFactory(SpringHibernateJpaPersistenceProvider.java:75) ~[spring-orm-6.0.10.jar:6.0.10]
	at org.springframework.orm.jpa.LocalContainerEntityManagerFactoryBean.createNativeEntityManagerFactory(LocalContainerEntityManagerFactoryBean.java:376) ~[spring-orm-6.0.10.jar:6.0.10]
	at org.springframework.orm.jpa.AbstractEntityManagerFactoryBean.buildNativeEntityManagerFactory(AbstractEntityManagerFactoryBean.java:409) ~[spring-orm-6.0.10.jar:6.0.10]
	at org.springframework.orm.jpa.AbstractEntityManagerFactoryBean.afterPropertiesSet(AbstractEntityManagerFactoryBean.java:396) ~[spring-orm-6.0.10.jar:6.0.10]
	at org.springframework.orm.jpa.LocalContainerEntityManagerFactoryBean.afterPropertiesSet(LocalContainerEntityManagerFactoryBean.java:352) ~[spring-orm-6.0.10.jar:6.0.10]
	at org.springframework.beans.factory.support.AbstractAutowireCapableBeanFactory.invokeInitMethods(AbstractAutowireCapableBeanFactory.java:1816) ~[spring-beans-6.0.10.jar:6.0.10]
	at org.springframework.beans.factory.support.AbstractAutowireCapableBeanFactory.initializeBean(AbstractAutowireCapableBeanFactory.java:1766) ~[spring-beans-6.0.10.jar:6.0.10]
	at org.springframework.beans.factory.support.AbstractAutowireCapableBeanFactory.doCreateBean(AbstractAutowireCapableBeanFactory.java:598) ~[spring-beans-6.0.10.jar:6.0.10]
	at org.springframework.beans.factory.support.AbstractAutowireCapableBeanFactory.createBean(AbstractAutowireCapableBeanFactory.java:520) ~[spring-beans-6.0.10.jar:6.0.10]
	at org.springframework.beans.factory.support.AbstractBeanFactory.lambda$doGetBean$0(AbstractBeanFactory.java:326) ~[spring-beans-6.0.10.jar:6.0.10]
	at org.springframework.beans.factory.support.DefaultSingletonBeanRegistry.getSingleton(DefaultSingletonBeanRegistry.java:234) ~[spring-beans-6.0.10.jar:6.0.10]
	at org.springframework.beans.factory.support.AbstractBeanFactory.doGetBean(AbstractBeanFactory.java:324) ~[spring-beans-6.0.10.jar:6.0.10]
	at org.springframework.beans.factory.support.AbstractBeanFactory.getBean(AbstractBeanFactory.java:200) ~[spring-beans-6.0.10.jar:6.0.10]
	at org.springframework.context.support.AbstractApplicationContext.getBean(AbstractApplicationContext.java:1154) ~[spring-context-6.0.10.jar:6.0.10]
	at org.springframework.context.support.AbstractApplicationContext.finishBeanFactoryInitialization(AbstractApplicationContext.java:931) ~[spring-context-6.0.10.jar:6.0.10]
	at org.springframework.context.support.AbstractApplicationContext.refresh(AbstractApplicationContext.java:608) ~[spring-context-6.0.10.jar:6.0.10]
	at org.springframework.boot.SpringApplication.refresh(SpringApplication.java:734) ~[spring-boot-3.1.1.jar:3.1.1]
	at org.springframework.boot.SpringApplication.refreshContext(SpringApplication.java:436) ~[spring-boot-3.1.1.jar:3.1.1]
	at org.springframework.boot.SpringApplication.run(SpringApplication.java:312) ~[spring-boot-3.1.1.jar:3.1.1]
	at org.springframework.boot.test.context.SpringBootContextLoader.lambda$loadContext$3(SpringBootContextLoader.java:137) ~[spring-boot-test-3.1.1.jar:3.1.1]
	at org.springframework.util.function.ThrowingSupplier.get(ThrowingSupplier.java:58) ~[spring-core-6.0.10.jar:6.0.10]
	at org.springframework.util.function.ThrowingSupplier.get(ThrowingSupplier.java:46) ~[spring-core-6.0.10.jar:6.0.10]
	at org.springframework.boot.SpringApplication.withHook(SpringApplication.java:1406) ~[spring-boot-3.1.1.jar:3.1.1]
	at org.springframework.boot.test.context.SpringBootContextLoader$ContextLoaderHook.run(SpringBootContextLoader.java:545) ~[spring-boot-test-3.1.1.jar:3.1.1]
	at org.springframework.boot.test.context.SpringBootContextLoader.loadContext(SpringBootContextLoader.java:137) ~[spring-boot-test-3.1.1.jar:3.1.1]
	at org.springframework.boot.test.context.SpringBootContextLoader.loadContext(SpringBootContextLoader.java:108) ~[spring-boot-test-3.1.1.jar:3.1.1]
	at org.springframework.test.context.cache.DefaultCacheAwareContextLoaderDelegate.loadContextInternal(DefaultCacheAwareContextLoaderDelegate.java:187) ~[spring-test-6.0.10.jar:6.0.10]
	at org.springframework.test.context.cache.DefaultCacheAwareContextLoaderDelegate.loadContext(DefaultCacheAwareContextLoaderDelegate.java:119) ~[spring-test-6.0.10.jar:6.0.10]
	at org.springframework.test.context.support.DefaultTestContext.getApplicationContext(DefaultTestContext.java:127) ~[spring-test-6.0.10.jar:6.0.10]
	at org.springframework.test.context.web.ServletTestExecutionListener.setUpRequestContextIfNecessary(ServletTestExecutionListener.java:191) ~[spring-test-6.0.10.jar:6.0.10]
	at org.springframework.test.context.web.ServletTestExecutionListener.prepareTestInstance(ServletTestExecutionListener.java:130) ~[spring-test-6.0.10.jar:6.0.10]
	at org.springframework.test.context.TestContextManager.prepareTestInstance(TestContextManager.java:241) ~[spring-test-6.0.10.jar:6.0.10]
	at org.springframework.test.context.junit.jupiter.SpringExtension.postProcessTestInstance(SpringExtension.java:138) ~[spring-test-6.0.10.jar:6.0.10]
	at org.junit.jupiter.engine.descriptor.ClassBasedTestDescriptor.lambda$invokeTestInstancePostProcessors$8(ClassBasedTestDescriptor.java:363) ~[junit-jupiter-engine-5.8.1.jar:5.8.1]
	at org.junit.jupiter.engine.descriptor.ClassBasedTestDescriptor.executeAndMaskThrowable(ClassBasedTestDescriptor.java:368) ~[junit-jupiter-engine-5.8.1.jar:5.8.1]
	at org.junit.jupiter.engine.descriptor.ClassBasedTestDescriptor.lambda$invokeTestInstancePostProcessors$9(ClassBasedTestDescriptor.java:363) ~[junit-jupiter-engine-5.8.1.jar:5.8.1]
	at java.base/java.util.stream.ReferencePipeline$3$1.accept(ReferencePipeline.java:197) ~[na:na]
	at java.base/java.util.stream.ReferencePipeline$2$1.accept(ReferencePipeline.java:179) ~[na:na]
	at java.base/java.util.ArrayList$ArrayListSpliterator.forEachRemaining(ArrayList.java:1708) ~[na:na]
	at java.base/java.util.stream.AbstractPipeline.copyInto(AbstractPipeline.java:509) ~[na:na]
	at java.base/java.util.stream.AbstractPipeline.wrapAndCopyInto(AbstractPipeline.java:499) ~[na:na]
	at java.base/java.util.stream.StreamSpliterators$WrappingSpliterator.forEachRemaining(StreamSpliterators.java:310) ~[na:na]
	at java.base/java.util.stream.Streams$ConcatSpliterator.forEachRemaining(Streams.java:735) ~[na:na]
	at java.base/java.util.stream.Streams$ConcatSpliterator.forEachRemaining(Streams.java:734) ~[na:na]
	at java.base/java.util.stream.ReferencePipeline$Head.forEach(ReferencePipeline.java:762) ~[na:na]
	at org.junit.jupiter.engine.descriptor.ClassBasedTestDescriptor.invokeTestInstancePostProcessors(ClassBasedTestDescriptor.java:362) ~[junit-jupiter-engine-5.8.1.jar:5.8.1]
	at org.junit.jupiter.engine.descriptor.ClassBasedTestDescriptor.lambda$instantiateAndPostProcessTestInstance$6(ClassBasedTestDescriptor.java:283) ~[junit-jupiter-engine-5.8.1.jar:5.8.1]
	at org.junit.platform.engine.support.hierarchical.ThrowableCollector.execute(ThrowableCollector.java:73) ~[junit-platform-engine-1.9.3.jar:1.9.3]
	at org.junit.jupiter.engine.descriptor.ClassBasedTestDescriptor.instantiateAndPostProcessTestInstance(ClassBasedTestDescriptor.java:282) ~[junit-jupiter-engine-5.8.1.jar:5.8.1]
	at org.junit.jupiter.engine.descriptor.ClassBasedTestDescriptor.lambda$testInstancesProvider$4(ClassBasedTestDescriptor.java:272) ~[junit-jupiter-engine-5.8.1.jar:5.8.1]
	at java.base/java.util.Optional.orElseGet(Optional.java:364) ~[na:na]
	at org.junit.jupiter.engine.descriptor.ClassBasedTestDescriptor.lambda$testInstancesProvider$5(ClassBasedTestDescriptor.java:271) ~[junit-jupiter-engine-5.8.1.jar:5.8.1]
	at org.junit.jupiter.engine.execution.TestInstancesProvider.getTestInstances(TestInstancesProvider.java:31) ~[junit-jupiter-engine-5.8.1.jar:5.8.1]
	at org.junit.jupiter.engine.descriptor.TestMethodTestDescriptor.lambda$prepare$0(TestMethodTestDescriptor.java:102) ~[junit-jupiter-engine-5.8.1.jar:5.8.1]
	at org.junit.platform.engine.support.hierarchical.ThrowableCollector.execute(ThrowableCollector.java:73) ~[junit-platform-engine-1.9.3.jar:1.9.3]
	at org.junit.jupiter.engine.descriptor.TestMethodTestDescriptor.prepare(TestMethodTestDescriptor.java:101) ~[junit-jupiter-engine-5.8.1.jar:5.8.1]
	at org.junit.jupiter.engine.descriptor.TestMethodTestDescriptor.prepare(TestMethodTestDescriptor.java:66) ~[junit-jupiter-engine-5.8.1.jar:5.8.1]
	at org.junit.platform.engine.support.hierarchical.NodeTestTask.lambda$prepare$2(NodeTestTask.java:123) ~[junit-platform-engine-1.9.3.jar:1.9.3]
	at org.junit.platform.engine.support.hierarchical.ThrowableCollector.execute(ThrowableCollector.java:73) ~[junit-platform-engine-1.9.3.jar:1.9.3]
	at org.junit.platform.engine.support.hierarchical.NodeTestTask.prepare(NodeTestTask.java:123) ~[junit-platform-engine-1.9.3.jar:1.9.3]
	at org.junit.platform.engine.support.hierarchical.NodeTestTask.execute(NodeTestTask.java:90) ~[junit-platform-engine-1.9.3.jar:1.9.3]
	at java.base/java.util.ArrayList.forEach(ArrayList.java:1596) ~[na:na]
	at org.junit.platform.engine.support.hierarchical.SameThreadHierarchicalTestExecutorService.invokeAll(SameThreadHierarchicalTestExecutorService.java:41) ~[junit-platform-engine-1.9.3.jar:1.9.3]
	at org.junit.platform.engine.support.hierarchical.NodeTestTask.lambda$executeRecursively$6(NodeTestTask.java:155) ~[junit-platform-engine-1.9.3.jar:1.9.3]
	at org.junit.platform.engine.support.hierarchical.ThrowableCollector.execute(ThrowableCollector.java:73) ~[junit-platform-engine-1.9.3.jar:1.9.3]
	at org.junit.platform.engine.support.hierarchical.NodeTestTask.lambda$executeRecursively$8(NodeTestTask.java:141) ~[junit-platform-engine-1.9.3.jar:1.9.3]
	at org.junit.platform.engine.support.hierarchical.Node.around(Node.java:137) ~[junit-platform-engine-1.9.3.jar:1.9.3]
	at org.junit.platform.engine.support.hierarchical.NodeTestTask.lambda$executeRecursively$9(NodeTestTask.java:139) ~[junit-platform-engine-1.9.3.jar:1.9.3]
	at org.junit.platform.engine.support.hierarchical.ThrowableCollector.execute(ThrowableCollector.java:73) ~[junit-platform-engine-1.9.3.jar:1.9.3]
	at org.junit.platform.engine.support.hierarchical.NodeTestTask.executeRecursively(NodeTestTask.java:138) ~[junit-platform-engine-1.9.3.jar:1.9.3]
	at org.junit.platform.engine.support.hierarchical.NodeTestTask.execute(NodeTestTask.java:95) ~[junit-platform-engine-1.9.3.jar:1.9.3]
	at java.base/java.util.ArrayList.forEach(ArrayList.java:1596) ~[na:na]
	at org.junit.platform.engine.support.hierarchical.SameThreadHierarchicalTestExecutorService.invokeAll(SameThreadHierarchicalTestExecutorService.java:41) ~[junit-platform-engine-1.9.3.jar:1.9.3]
	at org.junit.platform.engine.support.hierarchical.NodeTestTask.lambda$executeRecursively$6(NodeTestTask.java:155) ~[junit-platform-engine-1.9.3.jar:1.9.3]
	at org.junit.platform.engine.support.hierarchical.ThrowableCollector.execute(ThrowableCollector.java:73) ~[junit-platform-engine-1.9.3.jar:1.9.3]
	at org.junit.platform.engine.support.hierarchical.NodeTestTask.lambda$executeRecursively$8(NodeTestTask.java:141) ~[junit-platform-engine-1.9.3.jar:1.9.3]
	at org.junit.platform.engine.support.hierarchical.Node.around(Node.java:137) ~[junit-platform-engine-1.9.3.jar:1.9.3]
	at org.junit.platform.engine.support.hierarchical.NodeTestTask.lambda$executeRecursively$9(NodeTestTask.java:139) ~[junit-platform-engine-1.9.3.jar:1.9.3]
	at org.junit.platform.engine.support.hierarchical.ThrowableCollector.execute(ThrowableCollector.java:73) ~[junit-platform-engine-1.9.3.jar:1.9.3]
	at org.junit.platform.engine.support.hierarchical.NodeTestTask.executeRecursively(NodeTestTask.java:138) ~[junit-platform-engine-1.9.3.jar:1.9.3]
	at org.junit.platform.engine.support.hierarchical.NodeTestTask.execute(NodeTestTask.java:95) ~[junit-platform-engine-1.9.3.jar:1.9.3]
	at org.junit.platform.engine.support.hierarchical.SameThreadHierarchicalTestExecutorService.submit(SameThreadHierarchicalTestExecutorService.java:35) ~[junit-platform-engine-1.9.3.jar:1.9.3]
	at org.junit.platform.engine.support.hierarchical.HierarchicalTestExecutor.execute(HierarchicalTestExecutor.java:57) ~[junit-platform-engine-1.9.3.jar:1.9.3]
	at org.junit.platform.engine.support.hierarchical.HierarchicalTestEngine.execute(HierarchicalTestEngine.java:54) ~[junit-platform-engine-1.9.3.jar:1.9.3]
	at org.junit.platform.launcher.core.EngineExecutionOrchestrator.execute(EngineExecutionOrchestrator.java:107) ~[junit-platform-launcher-1.8.2.jar:1.8.2]
	at org.junit.platform.launcher.core.EngineExecutionOrchestrator.execute(EngineExecutionOrchestrator.java:88) ~[junit-platform-launcher-1.8.2.jar:1.8.2]
	at org.junit.platform.launcher.core.EngineExecutionOrchestrator.lambda$execute$0(EngineExecutionOrchestrator.java:54) ~[junit-platform-launcher-1.8.2.jar:1.8.2]
	at org.junit.platform.launcher.core.EngineExecutionOrchestrator.withInterceptedStreams(EngineExecutionOrchestrator.java:67) ~[junit-platform-launcher-1.8.2.jar:1.8.2]
	at org.junit.platform.launcher.core.EngineExecutionOrchestrator.execute(EngineExecutionOrchestrator.java:52) ~[junit-platform-launcher-1.8.2.jar:1.8.2]
	at org.junit.platform.launcher.core.DefaultLauncher.execute(DefaultLauncher.java:114) ~[junit-platform-launcher-1.8.2.jar:1.8.2]
	at org.junit.platform.launcher.core.DefaultLauncher.execute(DefaultLauncher.java:86) ~[junit-platform-launcher-1.8.2.jar:1.8.2]
	at org.junit.platform.launcher.core.DefaultLauncherSession$DelegatingLauncher.execute(DefaultLauncherSession.java:86) ~[junit-platform-launcher-1.8.2.jar:1.8.2]
	at org.gradle.api.internal.tasks.testing.junitplatform.JUnitPlatformTestClassProcessor$CollectAllTestClassesExecutor.processAllTestClasses(JUnitPlatformTestClassProcessor.java:124) ~[na:na]
	at org.gradle.api.internal.tasks.testing.junitplatform.JUnitPlatformTestClassProcessor$CollectAllTestClassesExecutor.access$000(JUnitPlatformTestClassProcessor.java:99) ~[na:na]
	at org.gradle.api.internal.tasks.testing.junitplatform.JUnitPlatformTestClassProcessor.stop(JUnitPlatformTestClassProcessor.java:94) ~[na:na]
	at org.gradle.api.internal.tasks.testing.SuiteTestClassProcessor.stop(SuiteTestClassProcessor.java:63) ~[na:na]
	at java.base/jdk.internal.reflect.DirectMethodHandleAccessor.invoke(DirectMethodHandleAccessor.java:103) ~[na:na]
	at java.base/java.lang.reflect.Method.invoke(Method.java:580) ~[na:na]
	at org.gradle.internal.dispatch.ReflectionDispatch.dispatch(ReflectionDispatch.java:36) ~[na:na]
	at org.gradle.internal.dispatch.ReflectionDispatch.dispatch(ReflectionDispatch.java:24) ~[na:na]
	at org.gradle.internal.dispatch.ContextClassLoaderDispatch.dispatch(ContextClassLoaderDispatch.java:33) ~[na:na]
	at org.gradle.internal.dispatch.ProxyDispatchAdapter$DispatchingInvocationHandler.invoke(ProxyDispatchAdapter.java:92) ~[na:na]
	at jdk.proxy2/jdk.proxy2.$Proxy6.stop(Unknown Source) ~[na:na]
	at org.gradle.api.internal.tasks.testing.worker.TestWorker$3.run(TestWorker.java:200) ~[na:na]
	at org.gradle.api.internal.tasks.testing.worker.TestWorker.executeAndMaintainThreadName(TestWorker.java:132) ~[na:na]
	at org.gradle.api.internal.tasks.testing.worker.TestWorker.execute(TestWorker.java:103) ~[na:na]
	at org.gradle.api.internal.tasks.testing.worker.TestWorker.execute(TestWorker.java:63) ~[na:na]
	at org.gradle.process.internal.worker.child.ActionExecutionWorker.execute(ActionExecutionWorker.java:56) ~[na:na]
	at org.gradle.process.internal.worker.child.SystemApplicationClassLoaderWorker.call(SystemApplicationClassLoaderWorker.java:121) ~[na:na]
	at org.gradle.process.internal.worker.child.SystemApplicationClassLoaderWorker.call(SystemApplicationClassLoaderWorker.java:71) ~[na:na]
	at worker.org.gradle.process.internal.worker.GradleWorkerMain.run(GradleWorkerMain.java:69) ~[gradle-worker.jar:na]
	at worker.org.gradle.process.internal.worker.GradleWorkerMain.main(GradleWorkerMain.java:74) ~[gradle-worker.jar:na]
Caused by: java.sql.SQLSyntaxErrorException: Table 'friends.lobby' doesn't exist
	at com.mysql.cj.jdbc.exceptions.SQLError.createSQLException(SQLError.java:121) ~[mysql-connector-j-8.0.33.jar:8.0.33]
	at com.mysql.cj.jdbc.exceptions.SQLExceptionsMapping.translateException(SQLExceptionsMapping.java:122) ~[mysql-connector-j-8.0.33.jar:8.0.33]
	at com.mysql.cj.jdbc.StatementImpl.executeInternal(StatementImpl.java:763) ~[mysql-connector-j-8.0.33.jar:8.0.33]
	at com.mysql.cj.jdbc.StatementImpl.execute(StatementImpl.java:648) ~[mysql-connector-j-8.0.33.jar:8.0.33]
	at com.zaxxer.hikari.pool.ProxyStatement.execute(ProxyStatement.java:94) ~[HikariCP-5.0.1.jar:na]
	at com.zaxxer.hikari.pool.HikariProxyStatement.execute(HikariProxyStatement.java) ~[HikariCP-5.0.1.jar:na]
	at org.hibernate.tool.schema.internal.exec.GenerationTargetToDatabase.accept(GenerationTargetToDatabase.java:78) ~[hibernate-core-6.2.5.Final.jar:6.2.5.Final]
	... 129 common frames omitted

2025-01-03T20:46:40.769+01:00  INFO 7788 --- [    Test worker] j.LocalContainerEntityManagerFactoryBean : Initialized JPA EntityManagerFactory for persistence unit 'default'
2025-01-03T20:46:40.983+01:00  INFO 7788 --- [    Test worker] o.s.d.j.r.query.QueryEnhancerFactory     : Hibernate is in classpath; If applicable, HQL parser will be used.
2025-01-03T20:46:41.698+01:00  WARN 7788 --- [    Test worker] JpaBaseConfiguration$JpaWebConfiguration : spring.jpa.open-in-view is enabled by default. Therefore, database queries may be performed during view rendering. Explicitly configure spring.jpa.open-in-view to disable this warning
2025-01-03T20:46:42.059+01:00  INFO 7788 --- [    Test worker] o.s.a.r.c.CachingConnectionFactory       : Attempting to connect to: localhost:5672
2025-01-03T20:46:42.074+01:00  INFO 7788 --- [    Test worker] o.s.a.r.l.SimpleMessageListenerContainer : Broker not available; cannot force queue declarations during start: java.net.ConnectException: Connection refused: getsockopt
2025-01-03T20:46:42.084+01:00  INFO 7788 --- [ntContainer#0-1] o.s.a.r.c.CachingConnectionFactory       : Attempting to connect to: localhost:5672
2025-01-03T20:46:42.096+01:00 ERROR 7788 --- [ntContainer#0-1] o.s.a.r.l.SimpleMessageListenerContainer : Failed to check/redeclare auto-delete queue(s).

org.springframework.amqp.AmqpConnectException: java.net.ConnectException: Connection refused: getsockopt
	at org.springframework.amqp.rabbit.support.RabbitExceptionTranslator.convertRabbitAccessException(RabbitExceptionTranslator.java:61) ~[spring-rabbit-3.0.5.jar:3.0.5]
	at org.springframework.amqp.rabbit.connection.AbstractConnectionFactory.createBareConnection(AbstractConnectionFactory.java:594) ~[spring-rabbit-3.0.5.jar:3.0.5]
	at org.springframework.amqp.rabbit.connection.CachingConnectionFactory.createConnection(CachingConnectionFactory.java:687) ~[spring-rabbit-3.0.5.jar:3.0.5]
	at org.springframework.amqp.rabbit.connection.ConnectionFactoryUtils.createConnection(ConnectionFactoryUtils.java:257) ~[spring-rabbit-3.0.5.jar:3.0.5]
	at org.springframework.amqp.rabbit.core.RabbitTemplate.doExecute(RabbitTemplate.java:2225) ~[spring-rabbit-3.0.5.jar:3.0.5]
	at org.springframework.amqp.rabbit.core.RabbitTemplate.execute(RabbitTemplate.java:2198) ~[spring-rabbit-3.0.5.jar:3.0.5]
	at org.springframework.amqp.rabbit.core.RabbitTemplate.execute(RabbitTemplate.java:2178) ~[spring-rabbit-3.0.5.jar:3.0.5]
	at org.springframework.amqp.rabbit.core.RabbitAdmin.getQueueInfo(RabbitAdmin.java:459) ~[spring-rabbit-3.0.5.jar:3.0.5]
	at org.springframework.amqp.rabbit.core.RabbitAdmin.getQueueProperties(RabbitAdmin.java:443) ~[spring-rabbit-3.0.5.jar:3.0.5]
	at org.springframework.amqp.rabbit.listener.AbstractMessageListenerContainer.attemptDeclarations(AbstractMessageListenerContainer.java:1891) ~[spring-rabbit-3.0.5.jar:3.0.5]
	at org.springframework.amqp.rabbit.listener.AbstractMessageListenerContainer.redeclareElementsIfNecessary(AbstractMessageListenerContainer.java:1858) ~[spring-rabbit-3.0.5.jar:3.0.5]
	at org.springframework.amqp.rabbit.listener.SimpleMessageListenerContainer$AsyncMessageProcessingConsumer.initialize(SimpleMessageListenerContainer.java:1384) ~[spring-rabbit-3.0.5.jar:3.0.5]
	at org.springframework.amqp.rabbit.listener.SimpleMessageListenerContainer$AsyncMessageProcessingConsumer.run(SimpleMessageListenerContainer.java:1230) ~[spring-rabbit-3.0.5.jar:3.0.5]
	at java.base/java.lang.Thread.run(Thread.java:1583) ~[na:na]
Caused by: java.net.ConnectException: Connection refused: getsockopt
	at java.base/sun.nio.ch.Net.pollConnect(Native Method) ~[na:na]
	at java.base/sun.nio.ch.Net.pollConnectNow(Net.java:682) ~[na:na]
	at java.base/sun.nio.ch.NioSocketImpl.timedFinishConnect(NioSocketImpl.java:542) ~[na:na]
	at java.base/sun.nio.ch.NioSocketImpl.connect(NioSocketImpl.java:592) ~[na:na]
	at java.base/java.net.SocksSocketImpl.connect(SocksSocketImpl.java:327) ~[na:na]
	at java.base/java.net.Socket.connect(Socket.java:751) ~[na:na]
	at com.rabbitmq.client.impl.SocketFrameHandlerFactory.create(SocketFrameHandlerFactory.java:59) ~[amqp-client-5.17.0.jar:5.17.0]
	at com.rabbitmq.client.ConnectionFactory.newConnection(ConnectionFactory.java:1223) ~[amqp-client-5.17.0.jar:5.17.0]
	at com.rabbitmq.client.ConnectionFactory.newConnection(ConnectionFactory.java:1173) ~[amqp-client-5.17.0.jar:5.17.0]
	at com.rabbitmq.client.ConnectionFactory.newConnection(ConnectionFactory.java:1342) ~[amqp-client-5.17.0.jar:5.17.0]
	at org.springframework.amqp.rabbit.connection.AbstractConnectionFactory.connectHostPort(AbstractConnectionFactory.java:645) ~[spring-rabbit-3.0.5.jar:3.0.5]
	at org.springframework.amqp.rabbit.connection.AbstractConnectionFactory.connect(AbstractConnectionFactory.java:610) ~[spring-rabbit-3.0.5.jar:3.0.5]
	at org.springframework.amqp.rabbit.connection.AbstractConnectionFactory.createBareConnection(AbstractConnectionFactory.java:557) ~[spring-rabbit-3.0.5.jar:3.0.5]
	... 12 common frames omitted

2025-01-03T20:46:42.098+01:00  INFO 7788 --- [ntContainer#0-1] o.s.a.r.c.CachingConnectionFactory       : Attempting to connect to: localhost:5672
2025-01-03T20:46:42.099+01:00  INFO 7788 --- [    Test worker] o.s.a.r.c.CachingConnectionFactory       : Attempting to connect to: localhost:5672
2025-01-03T20:46:42.110+01:00  INFO 7788 --- [    Test worker] o.s.a.r.l.SimpleMessageListenerContainer : Broker not available; cannot force queue declarations during start: java.net.ConnectException: Connection refused: getsockopt
2025-01-03T20:46:42.111+01:00  INFO 7788 --- [ntContainer#1-1] o.s.a.r.c.CachingConnectionFactory       : Attempting to connect to: localhost:5672
2025-01-03T20:46:42.132+01:00 ERROR 7788 --- [ntContainer#1-1] o.s.a.r.l.SimpleMessageListenerContainer : Failed to check/redeclare auto-delete queue(s).

org.springframework.amqp.AmqpConnectException: java.net.ConnectException: Connection refused: getsockopt
	at org.springframework.amqp.rabbit.support.RabbitExceptionTranslator.convertRabbitAccessException(RabbitExceptionTranslator.java:61) ~[spring-rabbit-3.0.5.jar:3.0.5]
	at org.springframework.amqp.rabbit.connection.AbstractConnectionFactory.createBareConnection(AbstractConnectionFactory.java:594) ~[spring-rabbit-3.0.5.jar:3.0.5]
	at org.springframework.amqp.rabbit.connection.CachingConnectionFactory.createConnection(CachingConnectionFactory.java:687) ~[spring-rabbit-3.0.5.jar:3.0.5]
	at org.springframework.amqp.rabbit.connection.ConnectionFactoryUtils.createConnection(ConnectionFactoryUtils.java:257) ~[spring-rabbit-3.0.5.jar:3.0.5]
	at org.springframework.amqp.rabbit.core.RabbitTemplate.doExecute(RabbitTemplate.java:2225) ~[spring-rabbit-3.0.5.jar:3.0.5]
	at org.springframework.amqp.rabbit.core.RabbitTemplate.execute(RabbitTemplate.java:2198) ~[spring-rabbit-3.0.5.jar:3.0.5]
	at org.springframework.amqp.rabbit.core.RabbitTemplate.execute(RabbitTemplate.java:2178) ~[spring-rabbit-3.0.5.jar:3.0.5]
	at org.springframework.amqp.rabbit.core.RabbitAdmin.getQueueInfo(RabbitAdmin.java:459) ~[spring-rabbit-3.0.5.jar:3.0.5]
	at org.springframework.amqp.rabbit.core.RabbitAdmin.getQueueProperties(RabbitAdmin.java:443) ~[spring-rabbit-3.0.5.jar:3.0.5]
	at org.springframework.amqp.rabbit.listener.AbstractMessageListenerContainer.attemptDeclarations(AbstractMessageListenerContainer.java:1891) ~[spring-rabbit-3.0.5.jar:3.0.5]
	at org.springframework.amqp.rabbit.listener.AbstractMessageListenerContainer.redeclareElementsIfNecessary(AbstractMessageListenerContainer.java:1858) ~[spring-rabbit-3.0.5.jar:3.0.5]
	at org.springframework.amqp.rabbit.listener.SimpleMessageListenerContainer$AsyncMessageProcessingConsumer.initialize(SimpleMessageListenerContainer.java:1384) ~[spring-rabbit-3.0.5.jar:3.0.5]
	at org.springframework.amqp.rabbit.listener.SimpleMessageListenerContainer$AsyncMessageProcessingConsumer.run(SimpleMessageListenerContainer.java:1230) ~[spring-rabbit-3.0.5.jar:3.0.5]
	at java.base/java.lang.Thread.run(Thread.java:1583) ~[na:na]
Caused by: java.net.ConnectException: Connection refused: getsockopt
	at java.base/sun.nio.ch.Net.pollConnect(Native Method) ~[na:na]
	at java.base/sun.nio.ch.Net.pollConnectNow(Net.java:682) ~[na:na]
	at java.base/sun.nio.ch.NioSocketImpl.timedFinishConnect(NioSocketImpl.java:542) ~[na:na]
	at java.base/sun.nio.ch.NioSocketImpl.connect(NioSocketImpl.java:592) ~[na:na]
	at java.base/java.net.SocksSocketImpl.connect(SocksSocketImpl.java:327) ~[na:na]
	at java.base/java.net.Socket.connect(Socket.java:751) ~[na:na]
	at com.rabbitmq.client.impl.SocketFrameHandlerFactory.create(SocketFrameHandlerFactory.java:59) ~[amqp-client-5.17.0.jar:5.17.0]
	at com.rabbitmq.client.ConnectionFactory.newConnection(ConnectionFactory.java:1223) ~[amqp-client-5.17.0.jar:5.17.0]
	at com.rabbitmq.client.ConnectionFactory.newConnection(ConnectionFactory.java:1173) ~[amqp-client-5.17.0.jar:5.17.0]
	at com.rabbitmq.client.ConnectionFactory.newConnection(ConnectionFactory.java:1342) ~[amqp-client-5.17.0.jar:5.17.0]
	at org.springframework.amqp.rabbit.connection.AbstractConnectionFactory.connectHostPort(AbstractConnectionFactory.java:645) ~[spring-rabbit-3.0.5.jar:3.0.5]
	at org.springframework.amqp.rabbit.connection.AbstractConnectionFactory.connect(AbstractConnectionFactory.java:610) ~[spring-rabbit-3.0.5.jar:3.0.5]
	at org.springframework.amqp.rabbit.connection.AbstractConnectionFactory.createBareConnection(AbstractConnectionFactory.java:557) ~[spring-rabbit-3.0.5.jar:3.0.5]
	... 12 common frames omitted

2025-01-03T20:46:42.133+01:00  INFO 7788 --- [ntContainer#1-1] o.s.a.r.c.CachingConnectionFactory       : Attempting to connect to: localhost:5672
2025-01-03T20:46:42.152+01:00  INFO 7788 --- [    Test worker] .k.p.f.c.RemoveFriendImplTestIntegration : Started RemoveFriendImplTestIntegration in 4.249 seconds (process running for 30.134)
Database Container logs:
2025-01-03 19:46:16+00:00 [Note] [Entrypoint]: Entrypoint script for MySQL Server 8.0.30-1.el8 started.
2025-01-03 19:46:16+00:00 [Note] [Entrypoint]: Switching to dedicated user 'mysql'
2025-01-03 19:46:16+00:00 [Note] [Entrypoint]: Entrypoint script for MySQL Server 8.0.30-1.el8 started.
2025-01-03 19:46:17+00:00 [Note] [Entrypoint]: Initializing database files
2025-01-03T19:46:17.080553Z 0 [Warning] [MY-011068] [Server] The syntax '--skip-host-cache' is deprecated and will be removed in a future release. Please use SET GLOBAL host_cache_size=0 instead.
2025-01-03T19:46:17.080588Z 0 [Warning] [MY-011068] [Server] The syntax '--skip-host-cache' is deprecated and will be removed in a future release. Please use SET GLOBAL host_cache_size=0 instead.
2025-01-03T19:46:17.081288Z 0 [System] [MY-013169] [Server] /usr/sbin/mysqld (mysqld 8.0.30) initializing of server in progress as process 80
2025-01-03T19:46:17.091705Z 0 [Warning] [MY-013907] [InnoDB] Deprecated configuration parameters innodb_log_file_size and/or innodb_log_files_in_group have been used to compute innodb_redo_log_capacity=10485760. Please use innodb_redo_log_capacity instead.
2025-01-03T19:46:17.095488Z 1 [System] [MY-013576] [InnoDB] InnoDB initialization has started.
2025-01-03T19:46:17.867428Z 1 [System] [MY-013577] [InnoDB] InnoDB initialization has ended.
2025-01-03T19:46:20.128645Z 6 [Warning] [MY-010453] [Server] root@localhost is created with an empty password ! Please consider switching off the --initialize-insecure option.
2025-01-03T19:46:21.907093Z 0 [Warning] [MY-013865] [InnoDB] Redo log writer is waiting for a new redo log file. Consider increasing innodb_redo_log_capacity.
2025-01-03 19:46:25+00:00 [Note] [Entrypoint]: Database files initialized
2025-01-03 19:46:25+00:00 [Note] [Entrypoint]: Starting temporary server
2025-01-03T19:46:25.247374Z 0 [Warning] [MY-011068] [Server] The syntax '--skip-host-cache' is deprecated and will be removed in a future release. Please use SET GLOBAL host_cache_size=0 instead.
2025-01-03T19:46:25.247399Z 0 [Warning] [MY-011068] [Server] The syntax '--skip-host-cache' is deprecated and will be removed in a future release. Please use SET GLOBAL host_cache_size=0 instead.
2025-01-03T19:46:25.249645Z 0 [System] [MY-010116] [Server] /usr/sbin/mysqld (mysqld 8.0.30) starting as process 131
2025-01-03T19:46:25.261183Z 0 [Warning] [MY-013907] [InnoDB] Deprecated configuration parameters innodb_log_file_size and/or innodb_log_files_in_group have been used to compute innodb_redo_log_capacity=10485760. Please use innodb_redo_log_capacity instead.
2025-01-03T19:46:25.262749Z 1 [System] [MY-013576] [InnoDB] InnoDB initialization has started.
2025-01-03T19:46:25.398097Z 1 [System] [MY-013577] [InnoDB] InnoDB initialization has ended.
2025-01-03T19:46:25.657277Z 0 [Warning] [MY-010068] [Server] CA certificate ca.pem is self signed.
2025-01-03T19:46:25.657313Z 0 [System] [MY-013602] [Server] Channel mysql_main configured to support TLS. Encrypted connections are now supported for this channel.
2025-01-03T19:46:25.661011Z 0 [Warning] [MY-011810] [Server] Insecure configuration for --pid-file: Location '/var/run/mysqld' in the path is accessible to all OS users. Consider choosing a different directory.
2025-01-03T19:46:25.679894Z 0 [System] [MY-011323] [Server] X Plugin ready for connections. Socket: /var/run/mysqld/mysqlx.sock
2025-01-03T19:46:25.680108Z 0 [System] [MY-010931] [Server] /usr/sbin/mysqld: ready for connections. Version: '8.0.30'  socket: '/var/run/mysqld/mysqld.sock'  port: 0  MySQL Community Server - GPL.
2025-01-03 19:46:25+00:00 [Note] [Entrypoint]: Temporary server started.
'/var/lib/mysql/mysql.sock' -> '/var/run/mysqld/mysqld.sock'
Warning: Unable to load '/usr/share/zoneinfo/iso3166.tab' as time zone. Skipping it.
Warning: Unable to load '/usr/share/zoneinfo/leapseconds' as time zone. Skipping it.
Warning: Unable to load '/usr/share/zoneinfo/tzdata.zi' as time zone. Skipping it.
Warning: Unable to load '/usr/share/zoneinfo/zone.tab' as time zone. Skipping it.
Warning: Unable to load '/usr/share/zoneinfo/zone1970.tab' as time zone. Skipping it.
2025-01-03 19:46:28+00:00 [Note] [Entrypoint]: Creating database friends
2025-01-03 19:46:28+00:00 [Note] [Entrypoint]: Creating user user
2025-01-03 19:46:28+00:00 [Note] [Entrypoint]: Giving user user access to schema friends

2025-01-03 19:46:28+00:00 [Note] [Entrypoint]: Stopping temporary server
2025-01-03T19:46:28.418611Z 13 [System] [MY-013172] [Server] Received SHUTDOWN from user root. Shutting down mysqld (Version: 8.0.30).
2025-01-03T19:46:29.147020Z 0 [System] [MY-010910] [Server] /usr/sbin/mysqld: Shutdown complete (mysqld 8.0.30)  MySQL Community Server - GPL.
2025-01-03 19:46:29+00:00 [Note] [Entrypoint]: Temporary server stopped

2025-01-03 19:46:29+00:00 [Note] [Entrypoint]: MySQL init process done. Ready for start up.

2025-01-03T19:46:29.620158Z 0 [Warning] [MY-011068] [Server] The syntax '--skip-host-cache' is deprecated and will be removed in a future release. Please use SET GLOBAL host_cache_size=0 instead.
2025-01-03T19:46:29.620182Z 0 [Warning] [MY-011068] [Server] The syntax '--skip-host-cache' is deprecated and will be removed in a future release. Please use SET GLOBAL host_cache_size=0 instead.
2025-01-03T19:46:29.621219Z 0 [System] [MY-010116] [Server] /usr/sbin/mysqld (mysqld 8.0.30) starting as process 1
2025-01-03T19:46:29.625842Z 0 [Warning] [MY-013907] [InnoDB] Deprecated configuration parameters innodb_log_file_size and/or innodb_log_files_in_group have been used to compute innodb_redo_log_capacity=10485760. Please use innodb_redo_log_capacity instead.
2025-01-03T19:46:29.626938Z 1 [System] [MY-013576] [InnoDB] InnoDB initialization has started.
2025-01-03T19:46:29.734985Z 1 [System] [MY-013577] [InnoDB] InnoDB initialization has ended.
2025-01-03T19:46:29.922817Z 0 [Warning] [MY-010068] [Server] CA certificate ca.pem is self signed.
2025-01-03T19:46:29.922848Z 0 [System] [MY-013602] [Server] Channel mysql_main configured to support TLS. Encrypted connections are now supported for this channel.
2025-01-03T19:46:29.929489Z 0 [Warning] [MY-011810] [Server] Insecure configuration for --pid-file: Location '/var/run/mysqld' in the path is accessible to all OS users. Consider choosing a different directory.
2025-01-03T19:46:29.946177Z 0 [System] [MY-011323] [Server] X Plugin ready for connections. Bind-address: '::' port: 33060, socket: /var/run/mysqld/mysqlx.sock
2025-01-03T19:46:29.946424Z 0 [System] [MY-010931] [Server] /usr/sbin/mysqld: ready for connections. Version: '8.0.30'  socket: '/var/run/mysqld/mysqld.sock'  port: 3306  MySQL Community Server - GPL.

RabbitMQ Container logs:
2025-01-03 19:46:33.958787+00:00 [notice] <0.44.0> Application syslog exited with reason: stopped
2025-01-03 19:46:33.965308+00:00 [notice] <0.230.0> Logging: switching to configured handler(s); following messages may not be visible in this log output
2025-01-03 19:46:33.982455+00:00 [notice] <0.230.0> Logging: configured log handlers are now ACTIVE
2025-01-03 19:46:34.188164+00:00 [info] <0.230.0> ra: starting system quorum_queues
2025-01-03 19:46:34.188261+00:00 [info] <0.230.0> starting Ra system: quorum_queues in directory: /var/lib/rabbitmq/mnesia/rabbit@aed739f3c9d1/quorum/rabbit@aed739f3c9d1
2025-01-03 19:46:34.250586+00:00 [info] <0.266.0> ra system 'quorum_queues' running pre init for 0 registered servers
2025-01-03 19:46:34.261031+00:00 [info] <0.267.0> ra: meta data store initialised for system quorum_queues. 0 record(s) recovered
2025-01-03 19:46:34.275958+00:00 [notice] <0.272.0> WAL: ra_log_wal init, open tbls: ra_log_open_mem_tables, closed tbls: ra_log_closed_mem_tables
2025-01-03 19:46:34.284640+00:00 [info] <0.230.0> ra: starting system coordination
2025-01-03 19:46:34.284682+00:00 [info] <0.230.0> starting Ra system: coordination in directory: /var/lib/rabbitmq/mnesia/rabbit@aed739f3c9d1/coordination/rabbit@aed739f3c9d1
2025-01-03 19:46:34.286863+00:00 [info] <0.279.0> ra system 'coordination' running pre init for 0 registered servers
2025-01-03 19:46:34.287779+00:00 [info] <0.280.0> ra: meta data store initialised for system coordination. 0 record(s) recovered
2025-01-03 19:46:34.287935+00:00 [notice] <0.285.0> WAL: ra_coordination_log_wal init, open tbls: ra_coordination_log_open_mem_tables, closed tbls: ra_coordination_log_closed_mem_tables
2025-01-03 19:46:34.292751+00:00 [info] <0.230.0> 
2025-01-03 19:46:34.292751+00:00 [info] <0.230.0>  Starting RabbitMQ 3.11.28 on Erlang 25.3.2.9 [jit]
2025-01-03 19:46:34.292751+00:00 [info] <0.230.0>  Copyright (c) 2007-2023 Broadcom Inc and/or its subsidiaries
2025-01-03 19:46:34.292751+00:00 [info] <0.230.0>  Licensed under the MPL 2.0. Website: https://rabbitmq.com

  ##  ##      RabbitMQ 3.11.28
  ##  ##
  ##########  Copyright (c) 2007-2023 Broadcom Inc and/or its subsidiaries
  ######  ##
  ##########  Licensed under the MPL 2.0. Website: https://rabbitmq.com

  Erlang:      25.3.2.9 [jit]
  TLS Library: OpenSSL - OpenSSL 3.1.5 30 Jan 2024
  Release series support status: supported

  Doc guides:  https://rabbitmq.com/documentation.html
  Support:     https://rabbitmq.com/contact.html
  Tutorials:   https://rabbitmq.com/getstarted.html
  Monitoring:  https://rabbitmq.com/monitoring.html

  Logs: /var/log/rabbitmq/rabbit@aed739f3c9d1_upgrade.log
        <stdout>

  Config file(s): /etc/rabbitmq/conf.d/10-defaults.conf

  Starting broker...2025-01-03 19:46:34.293825+00:00 [info] <0.230.0> 
2025-01-03 19:46:34.293825+00:00 [info] <0.230.0>  node           : rabbit@aed739f3c9d1
2025-01-03 19:46:34.293825+00:00 [info] <0.230.0>  home dir       : /var/lib/rabbitmq
2025-01-03 19:46:34.293825+00:00 [info] <0.230.0>  config file(s) : /etc/rabbitmq/conf.d/10-defaults.conf
2025-01-03 19:46:34.293825+00:00 [info] <0.230.0>  cookie hash    : 5bL+tr9pnEgDWRclBjgJCg==
2025-01-03 19:46:34.293825+00:00 [info] <0.230.0>  log(s)         : /var/log/rabbitmq/rabbit@aed739f3c9d1_upgrade.log
2025-01-03 19:46:34.293825+00:00 [info] <0.230.0>                 : <stdout>
2025-01-03 19:46:34.293825+00:00 [info] <0.230.0>  database dir   : /var/lib/rabbitmq/mnesia/rabbit@aed739f3c9d1
2025-01-03 19:46:37.144244+00:00 [info] <0.230.0> Running boot step pre_boot defined by app rabbit
2025-01-03 19:46:37.144314+00:00 [info] <0.230.0> Running boot step rabbit_global_counters defined by app rabbit
2025-01-03 19:46:37.144656+00:00 [info] <0.230.0> Running boot step rabbit_osiris_metrics defined by app rabbit
2025-01-03 19:46:37.144782+00:00 [info] <0.230.0> Running boot step rabbit_core_metrics defined by app rabbit
2025-01-03 19:46:37.146195+00:00 [info] <0.230.0> Running boot step rabbit_alarm defined by app rabbit
2025-01-03 19:46:37.151238+00:00 [info] <0.300.0> Memory high watermark set to 6217 MiB (6519278796 bytes) of 15543 MiB (16298196992 bytes) total
2025-01-03 19:46:37.155296+00:00 [info] <0.302.0> Enabling free disk space monitoring (disk free space: 1007331135488, total memory: 16298196992)
2025-01-03 19:46:37.155348+00:00 [info] <0.302.0> Disk free limit set to 50MB
2025-01-03 19:46:37.157698+00:00 [info] <0.230.0> Running boot step code_server_cache defined by app rabbit
2025-01-03 19:46:37.157781+00:00 [info] <0.230.0> Running boot step file_handle_cache defined by app rabbit
2025-01-03 19:46:37.158078+00:00 [info] <0.305.0> Limiting to approx 1048479 file handles (943629 sockets)
2025-01-03 19:46:37.158217+00:00 [info] <0.306.0> FHC read buffering: OFF
2025-01-03 19:46:37.158262+00:00 [info] <0.306.0> FHC write buffering: ON
2025-01-03 19:46:37.159869+00:00 [info] <0.230.0> Running boot step worker_pool defined by app rabbit
2025-01-03 19:46:37.159950+00:00 [info] <0.287.0> Will use 12 processes for default worker pool
2025-01-03 19:46:37.159988+00:00 [info] <0.287.0> Starting worker pool 'worker_pool' with 12 processes in it
2025-01-03 19:46:37.160768+00:00 [info] <0.230.0> Running boot step database defined by app rabbit
2025-01-03 19:46:37.161066+00:00 [info] <0.230.0> Node database directory at /var/lib/rabbitmq/mnesia/rabbit@aed739f3c9d1 is empty. Assuming we need to join an existing cluster or initialise from scratch...
2025-01-03 19:46:37.161115+00:00 [info] <0.230.0> Configured peer discovery backend: rabbit_peer_discovery_classic_config
2025-01-03 19:46:37.161154+00:00 [info] <0.230.0> Will try to lock with peer discovery backend rabbit_peer_discovery_classic_config
2025-01-03 19:46:37.161277+00:00 [info] <0.230.0> All discovered existing cluster peers:
2025-01-03 19:46:37.161305+00:00 [info] <0.230.0> Discovered no peer nodes to cluster with. Some discovery backends can filter nodes out based on a readiness criteria. Enabling debug logging might help troubleshoot.
2025-01-03 19:46:37.163598+00:00 [notice] <0.44.0> Application mnesia exited with reason: stopped
2025-01-03 19:46:37.289157+00:00 [info] <0.230.0> Waiting for Mnesia tables for 30000 ms, 9 retries left
2025-01-03 19:46:37.289264+00:00 [info] <0.230.0> Successfully synced tables from a peer
2025-01-03 19:46:37.298716+00:00 [info] <0.230.0> Feature flags: `feature_flags_v2`: supported, attempt to enable...
2025-01-03 19:46:37.315198+00:00 [notice] <0.288.0> Feature flags: attempt to enable `classic_mirrored_queue_version`...
2025-01-03 19:46:37.331766+00:00 [notice] <0.288.0> Feature flags: `classic_mirrored_queue_version` enabled
2025-01-03 19:46:37.332402+00:00 [notice] <0.288.0> Feature flags: attempt to enable `classic_queue_type_delivery_support`...
2025-01-03 19:46:37.341238+00:00 [notice] <0.288.0> Feature flags: attempt to enable `stream_queue`...
2025-01-03 19:46:37.359649+00:00 [notice] <0.288.0> Feature flags: `stream_queue` enabled
2025-01-03 19:46:37.369458+00:00 [notice] <0.288.0> Feature flags: `classic_queue_type_delivery_support` enabled
2025-01-03 19:46:37.369965+00:00 [notice] <0.288.0> Feature flags: attempt to enable `direct_exchange_routing_v2`...
2025-01-03 19:46:37.378823+00:00 [info] <0.507.0> Waiting for Mnesia tables for 30000 ms, 9 retries left
2025-01-03 19:46:37.378912+00:00 [info] <0.507.0> Successfully synced tables from a peer
2025-01-03 19:46:37.393877+00:00 [notice] <0.288.0> Feature flags: `direct_exchange_routing_v2` enabled
2025-01-03 19:46:37.394307+00:00 [notice] <0.288.0> Feature flags: attempt to enable `drop_unroutable_metric`...
2025-01-03 19:46:37.411058+00:00 [notice] <0.288.0> Feature flags: `drop_unroutable_metric` enabled
2025-01-03 19:46:37.411594+00:00 [notice] <0.288.0> Feature flags: attempt to enable `empty_basic_get_metric`...
2025-01-03 19:46:37.427411+00:00 [notice] <0.288.0> Feature flags: `empty_basic_get_metric` enabled
2025-01-03 19:46:37.428428+00:00 [notice] <0.288.0> Feature flags: attempt to enable `listener_records_in_ets`...
2025-01-03 19:46:37.463114+00:00 [notice] <0.288.0> Feature flags: `listener_records_in_ets` enabled
2025-01-03 19:46:37.463771+00:00 [notice] <0.288.0> Feature flags: attempt to enable `stream_sac_coordinator_unblock_group`...
2025-01-03 19:46:37.471766+00:00 [notice] <0.288.0> Feature flags: attempt to enable `stream_single_active_consumer`...
2025-01-03 19:46:37.488671+00:00 [notice] <0.288.0> Feature flags: `stream_single_active_consumer` enabled
2025-01-03 19:46:37.497726+00:00 [notice] <0.288.0> Feature flags: `stream_sac_coordinator_unblock_group` enabled
2025-01-03 19:46:37.498627+00:00 [notice] <0.288.0> Feature flags: attempt to enable `tracking_records_in_ets`...
2025-01-03 19:46:37.515061+00:00 [notice] <0.288.0> Feature flags: `tracking_records_in_ets` enabled
2025-01-03 19:46:37.516028+00:00 [info] <0.230.0> Waiting for Mnesia tables for 30000 ms, 9 retries left
2025-01-03 19:46:37.516133+00:00 [info] <0.230.0> Successfully synced tables from a peer
2025-01-03 19:46:37.528695+00:00 [info] <0.230.0> Waiting for Mnesia tables for 30000 ms, 9 retries left
2025-01-03 19:46:37.528798+00:00 [info] <0.230.0> Successfully synced tables from a peer
2025-01-03 19:46:37.528823+00:00 [info] <0.230.0> Peer discovery backend rabbit_peer_discovery_classic_config does not support registration, skipping registration.
2025-01-03 19:46:37.528903+00:00 [info] <0.230.0> Will try to unlock with peer discovery backend rabbit_peer_discovery_classic_config
2025-01-03 19:46:37.529035+00:00 [info] <0.230.0> Running boot step tracking_metadata_store defined by app rabbit
2025-01-03 19:46:37.529116+00:00 [info] <0.640.0> Setting up a table for connection tracking on this node: tracked_connection
2025-01-03 19:46:37.529149+00:00 [info] <0.640.0> Setting up a table for per-vhost connection counting on this node: tracked_connection_per_vhost
2025-01-03 19:46:37.529276+00:00 [info] <0.640.0> Setting up a table for per-user connection counting on this node: tracked_connection_per_user
2025-01-03 19:46:37.529366+00:00 [info] <0.640.0> Setting up a table for channel tracking on this node: tracked_channel
2025-01-03 19:46:37.529512+00:00 [info] <0.640.0> Setting up a table for channel tracking on this node: tracked_channel_per_user
2025-01-03 19:46:37.529716+00:00 [info] <0.230.0> Running boot step networking_metadata_store defined by app rabbit
2025-01-03 19:46:37.529827+00:00 [info] <0.230.0> Running boot step database_sync defined by app rabbit
2025-01-03 19:46:37.529937+00:00 [info] <0.230.0> Running boot step feature_flags defined by app rabbit
2025-01-03 19:46:37.530124+00:00 [info] <0.230.0> Running boot step codec_correctness_check defined by app rabbit
2025-01-03 19:46:37.530166+00:00 [info] <0.230.0> Running boot step external_infrastructure defined by app rabbit
2025-01-03 19:46:37.530241+00:00 [info] <0.230.0> Running boot step rabbit_event defined by app rabbit
2025-01-03 19:46:37.530382+00:00 [info] <0.230.0> Running boot step rabbit_registry defined by app rabbit
2025-01-03 19:46:37.530564+00:00 [info] <0.230.0> Running boot step rabbit_auth_mechanism_amqplain defined by app rabbit
2025-01-03 19:46:37.530663+00:00 [info] <0.230.0> Running boot step rabbit_auth_mechanism_cr_demo defined by app rabbit
2025-01-03 19:46:37.530788+00:00 [info] <0.230.0> Running boot step rabbit_auth_mechanism_plain defined by app rabbit
2025-01-03 19:46:37.530859+00:00 [info] <0.230.0> Running boot step rabbit_exchange_type_direct defined by app rabbit
2025-01-03 19:46:37.530947+00:00 [info] <0.230.0> Running boot step rabbit_exchange_type_fanout defined by app rabbit
2025-01-03 19:46:37.531038+00:00 [info] <0.230.0> Running boot step rabbit_exchange_type_headers defined by app rabbit
2025-01-03 19:46:37.531146+00:00 [info] <0.230.0> Running boot step rabbit_exchange_type_topic defined by app rabbit
2025-01-03 19:46:37.531215+00:00 [info] <0.230.0> Running boot step rabbit_mirror_queue_mode_all defined by app rabbit
2025-01-03 19:46:37.531282+00:00 [info] <0.230.0> Running boot step rabbit_mirror_queue_mode_exactly defined by app rabbit
2025-01-03 19:46:37.531348+00:00 [info] <0.230.0> Running boot step rabbit_mirror_queue_mode_nodes defined by app rabbit
2025-01-03 19:46:37.531412+00:00 [info] <0.230.0> Running boot step rabbit_priority_queue defined by app rabbit
2025-01-03 19:46:37.531457+00:00 [info] <0.230.0> Priority queues enabled, real BQ is rabbit_variable_queue
2025-01-03 19:46:37.531552+00:00 [info] <0.230.0> Running boot step rabbit_queue_location_client_local defined by app rabbit
2025-01-03 19:46:37.531621+00:00 [info] <0.230.0> Running boot step rabbit_queue_location_min_masters defined by app rabbit
2025-01-03 19:46:37.531692+00:00 [info] <0.230.0> Running boot step rabbit_queue_location_random defined by app rabbit
2025-01-03 19:46:37.531868+00:00 [info] <0.230.0> Running boot step kernel_ready defined by app rabbit
2025-01-03 19:46:37.531935+00:00 [info] <0.230.0> Running boot step rabbit_sysmon_minder defined by app rabbit
2025-01-03 19:46:37.532146+00:00 [info] <0.230.0> Running boot step rabbit_epmd_monitor defined by app rabbit
2025-01-03 19:46:37.532991+00:00 [info] <0.649.0> epmd monitor knows us, inter-node communication (distribution) port: 25672
2025-01-03 19:46:37.533064+00:00 [info] <0.230.0> Running boot step guid_generator defined by app rabbit
2025-01-03 19:46:37.536752+00:00 [info] <0.230.0> Running boot step rabbit_node_monitor defined by app rabbit
2025-01-03 19:46:37.536873+00:00 [info] <0.653.0> Starting rabbit_node_monitor (in ignore mode)
2025-01-03 19:46:37.537055+00:00 [info] <0.230.0> Running boot step delegate_sup defined by app rabbit
2025-01-03 19:46:37.537575+00:00 [info] <0.230.0> Running boot step rabbit_memory_monitor defined by app rabbit
2025-01-03 19:46:37.537696+00:00 [info] <0.230.0> Running boot step rabbit_fifo_dlx_sup defined by app rabbit
2025-01-03 19:46:37.537775+00:00 [info] <0.230.0> Running boot step core_initialized defined by app rabbit
2025-01-03 19:46:37.537798+00:00 [info] <0.230.0> Running boot step upgrade_queues defined by app rabbit
2025-01-03 19:46:37.542279+00:00 [info] <0.230.0> message_store upgrades: 1 to apply
2025-01-03 19:46:37.542402+00:00 [info] <0.230.0> message_store upgrades: Applying rabbit_variable_queue:move_messages_to_vhost_store
2025-01-03 19:46:37.542575+00:00 [info] <0.230.0> message_store upgrades: No durable queues found. Skipping message store migration
2025-01-03 19:46:37.542634+00:00 [info] <0.230.0> message_store upgrades: Removing the old message store data
2025-01-03 19:46:37.543598+00:00 [info] <0.230.0> message_store upgrades: All upgrades applied successfully
2025-01-03 19:46:37.551800+00:00 [info] <0.230.0> Running boot step channel_tracking defined by app rabbit
2025-01-03 19:46:37.551834+00:00 [info] <0.230.0> Running boot step rabbit_channel_tracking_handler defined by app rabbit
2025-01-03 19:46:37.551916+00:00 [info] <0.230.0> Running boot step connection_tracking defined by app rabbit
2025-01-03 19:46:37.551957+00:00 [info] <0.230.0> Running boot step rabbit_connection_tracking_handler defined by app rabbit
2025-01-03 19:46:37.552094+00:00 [info] <0.230.0> Running boot step rabbit_definitions_hashing defined by app rabbit
2025-01-03 19:46:37.552212+00:00 [info] <0.230.0> Running boot step rabbit_exchange_parameters defined by app rabbit
2025-01-03 19:46:37.552320+00:00 [info] <0.230.0> Running boot step rabbit_mirror_queue_misc defined by app rabbit
2025-01-03 19:46:37.552772+00:00 [info] <0.230.0> Running boot step rabbit_policies defined by app rabbit
2025-01-03 19:46:37.553033+00:00 [info] <0.230.0> Running boot step rabbit_policy defined by app rabbit
2025-01-03 19:46:37.553079+00:00 [info] <0.230.0> Running boot step rabbit_queue_location_validator defined by app rabbit
2025-01-03 19:46:37.553133+00:00 [info] <0.230.0> Running boot step rabbit_quorum_memory_manager defined by app rabbit
2025-01-03 19:46:37.553198+00:00 [info] <0.230.0> Running boot step rabbit_stream_coordinator defined by app rabbit
2025-01-03 19:46:37.553323+00:00 [info] <0.230.0> Running boot step rabbit_vhost_limit defined by app rabbit
2025-01-03 19:46:37.553422+00:00 [info] <0.230.0> Running boot step rabbit_mgmt_reset_handler defined by app rabbitmq_management
2025-01-03 19:46:37.553481+00:00 [info] <0.230.0> Running boot step rabbit_mgmt_db_handler defined by app rabbitmq_management_agent
2025-01-03 19:46:37.553523+00:00 [info] <0.230.0> Management plugin: using rates mode 'basic'
2025-01-03 19:46:37.553891+00:00 [info] <0.230.0> Running boot step recovery defined by app rabbit
2025-01-03 19:46:37.554665+00:00 [info] <0.230.0> Running boot step empty_db_check defined by app rabbit
2025-01-03 19:46:37.554725+00:00 [info] <0.230.0> Will seed default virtual host and user...
2025-01-03 19:46:37.554801+00:00 [info] <0.230.0> Adding vhost '/' (description: 'Default virtual host', tags: [])
2025-01-03 19:46:37.583665+00:00 [info] <0.695.0> Making sure data directory '/var/lib/rabbitmq/mnesia/rabbit@aed739f3c9d1/msg_stores/vhosts/628WB79CIFDYO9LJI6DKMI09L' for vhost '/' exists
2025-01-03 19:46:37.585738+00:00 [info] <0.695.0> Setting segment_entry_count for vhost '/' with 0 queues to '2048'
2025-01-03 19:46:37.590459+00:00 [info] <0.695.0> Starting message stores for vhost '/'
2025-01-03 19:46:37.590719+00:00 [info] <0.700.0> Message store "628WB79CIFDYO9LJI6DKMI09L/msg_store_transient": using rabbit_msg_store_ets_index to provide index
2025-01-03 19:46:37.592272+00:00 [info] <0.695.0> Started message store of type transient for vhost '/'
2025-01-03 19:46:37.592430+00:00 [info] <0.704.0> Message store "628WB79CIFDYO9LJI6DKMI09L/msg_store_persistent": using rabbit_msg_store_ets_index to provide index
2025-01-03 19:46:37.593417+00:00 [warning] <0.704.0> Message store "628WB79CIFDYO9LJI6DKMI09L/msg_store_persistent": rebuilding indices from scratch
2025-01-03 19:46:37.594270+00:00 [info] <0.695.0> Started message store of type persistent for vhost '/'
2025-01-03 19:46:37.594406+00:00 [info] <0.695.0> Recovering 0 queues of type rabbit_classic_queue took 8ms
2025-01-03 19:46:37.594457+00:00 [info] <0.695.0> Recovering 0 queues of type rabbit_quorum_queue took 0ms
2025-01-03 19:46:37.594528+00:00 [info] <0.695.0> Recovering 0 queues of type rabbit_stream_queue took 0ms
2025-01-03 19:46:37.599676+00:00 [info] <0.230.0> Created user 'guest'
2025-01-03 19:46:37.603214+00:00 [info] <0.230.0> Successfully set user tags for user 'guest' to [administrator]
2025-01-03 19:46:37.606893+00:00 [info] <0.230.0> Successfully set permissions for 'guest' in virtual host '/' to '.*', '.*', '.*'
2025-01-03 19:46:37.606956+00:00 [info] <0.230.0> Running boot step rabbit_observer_cli defined by app rabbit
2025-01-03 19:46:37.607008+00:00 [info] <0.230.0> Running boot step rabbit_looking_glass defined by app rabbit
2025-01-03 19:46:37.607034+00:00 [info] <0.230.0> Running boot step rabbit_core_metrics_gc defined by app rabbit
2025-01-03 19:46:37.607198+00:00 [info] <0.230.0> Running boot step background_gc defined by app rabbit
2025-01-03 19:46:37.607438+00:00 [info] <0.230.0> Running boot step routing_ready defined by app rabbit
2025-01-03 19:46:37.607491+00:00 [info] <0.230.0> Running boot step pre_flight defined by app rabbit
2025-01-03 19:46:37.607561+00:00 [info] <0.230.0> Running boot step notify_cluster defined by app rabbit
2025-01-03 19:46:37.607612+00:00 [info] <0.230.0> Running boot step networking defined by app rabbit
2025-01-03 19:46:37.607725+00:00 [info] <0.230.0> Running boot step definition_import_worker_pool defined by app rabbit
2025-01-03 19:46:37.607760+00:00 [info] <0.287.0> Starting worker pool 'definition_import_pool' with 12 processes in it
2025-01-03 19:46:37.608386+00:00 [info] <0.230.0> Running boot step cluster_name defined by app rabbit
2025-01-03 19:46:37.608478+00:00 [info] <0.230.0> Initialising internal cluster ID to 'rabbitmq-cluster-id-6-n573i5mQRuy_8OW1WByA'
2025-01-03 19:46:37.612247+00:00 [info] <0.230.0> Running boot step direct_client defined by app rabbit
2025-01-03 19:46:37.612331+00:00 [info] <0.230.0> Running boot step rabbit_maintenance_mode_state defined by app rabbit
2025-01-03 19:46:37.612373+00:00 [info] <0.230.0> Creating table rabbit_node_maintenance_states for maintenance mode status
2025-01-03 19:46:37.617810+00:00 [info] <0.230.0> Running boot step rabbit_management_load_definitions defined by app rabbitmq_management
2025-01-03 19:46:37.617978+00:00 [info] <0.750.0> Resetting node maintenance status
2025-01-03 19:46:37.628474+00:00 [info] <0.809.0> Management plugin: HTTP (non-TLS) listener started on port 15672
2025-01-03 19:46:37.628569+00:00 [info] <0.837.0> Statistics database started.
2025-01-03 19:46:37.628629+00:00 [info] <0.836.0> Starting worker pool 'management_worker_pool' with 3 processes in it
2025-01-03 19:46:37.634297+00:00 [info] <0.851.0> Prometheus metrics: HTTP (non-TLS) listener started on port 15692
2025-01-03 19:46:37.634403+00:00 [info] <0.750.0> Ready to start client connection listeners
2025-01-03 19:46:37.635801+00:00 [info] <0.895.0> started TCP listener on [::]:5672
 completed with 4 plugins.
2025-01-03 19:46:37.725060+00:00 [info] <0.750.0> Server startup complete; 4 plugins started.
2025-01-03 19:46:37.725060+00:00 [info] <0.750.0>  * rabbitmq_prometheus
2025-01-03 19:46:37.725060+00:00 [info] <0.750.0>  * rabbitmq_management
2025-01-03 19:46:37.725060+00:00 [info] <0.750.0>  * rabbitmq_management_agent
2025-01-03 19:46:37.725060+00:00 [info] <0.750.0>  * rabbitmq_web_dispatch
2025-01-03 19:46:37.818688+00:00 [info] <0.9.0> Time to start RabbitMQ: 6999221 us
2025-01-03 19:46:37.847990+00:00 [info] <0.897.0> Successfully changed password for user 'guest'
2025-01-03 19:46:37.848063+00:00 [info] <0.897.0> Successfully set user tags for user 'guest' to []

Database Container logs:
2025-01-03 19:46:16+00:00 [Note] [Entrypoint]: Entrypoint script for MySQL Server 8.0.30-1.el8 started.
2025-01-03 19:46:16+00:00 [Note] [Entrypoint]: Switching to dedicated user 'mysql'
2025-01-03 19:46:16+00:00 [Note] [Entrypoint]: Entrypoint script for MySQL Server 8.0.30-1.el8 started.
2025-01-03 19:46:17+00:00 [Note] [Entrypoint]: Initializing database files
2025-01-03T19:46:17.080553Z 0 [Warning] [MY-011068] [Server] The syntax '--skip-host-cache' is deprecated and will be removed in a future release. Please use SET GLOBAL host_cache_size=0 instead.
2025-01-03T19:46:17.080588Z 0 [Warning] [MY-011068] [Server] The syntax '--skip-host-cache' is deprecated and will be removed in a future release. Please use SET GLOBAL host_cache_size=0 instead.
2025-01-03T19:46:17.081288Z 0 [System] [MY-013169] [Server] /usr/sbin/mysqld (mysqld 8.0.30) initializing of server in progress as process 80
2025-01-03T19:46:17.091705Z 0 [Warning] [MY-013907] [InnoDB] Deprecated configuration parameters innodb_log_file_size and/or innodb_log_files_in_group have been used to compute innodb_redo_log_capacity=10485760. Please use innodb_redo_log_capacity instead.
2025-01-03T19:46:17.095488Z 1 [System] [MY-013576] [InnoDB] InnoDB initialization has started.
2025-01-03T19:46:17.867428Z 1 [System] [MY-013577] [InnoDB] InnoDB initialization has ended.
2025-01-03T19:46:20.128645Z 6 [Warning] [MY-010453] [Server] root@localhost is created with an empty password ! Please consider switching off the --initialize-insecure option.
2025-01-03T19:46:21.907093Z 0 [Warning] [MY-013865] [InnoDB] Redo log writer is waiting for a new redo log file. Consider increasing innodb_redo_log_capacity.
2025-01-03 19:46:25+00:00 [Note] [Entrypoint]: Database files initialized
2025-01-03 19:46:25+00:00 [Note] [Entrypoint]: Starting temporary server
2025-01-03T19:46:25.247374Z 0 [Warning] [MY-011068] [Server] The syntax '--skip-host-cache' is deprecated and will be removed in a future release. Please use SET GLOBAL host_cache_size=0 instead.
2025-01-03T19:46:25.247399Z 0 [Warning] [MY-011068] [Server] The syntax '--skip-host-cache' is deprecated and will be removed in a future release. Please use SET GLOBAL host_cache_size=0 instead.
2025-01-03T19:46:25.249645Z 0 [System] [MY-010116] [Server] /usr/sbin/mysqld (mysqld 8.0.30) starting as process 131
2025-01-03T19:46:25.261183Z 0 [Warning] [MY-013907] [InnoDB] Deprecated configuration parameters innodb_log_file_size and/or innodb_log_files_in_group have been used to compute innodb_redo_log_capacity=10485760. Please use innodb_redo_log_capacity instead.
2025-01-03T19:46:25.262749Z 1 [System] [MY-013576] [InnoDB] InnoDB initialization has started.
2025-01-03T19:46:25.398097Z 1 [System] [MY-013577] [InnoDB] InnoDB initialization has ended.
2025-01-03T19:46:25.657277Z 0 [Warning] [MY-010068] [Server] CA certificate ca.pem is self signed.
2025-01-03T19:46:25.657313Z 0 [System] [MY-013602] [Server] Channel mysql_main configured to support TLS. Encrypted connections are now supported for this channel.
2025-01-03T19:46:25.661011Z 0 [Warning] [MY-011810] [Server] Insecure configuration for --pid-file: Location '/var/run/mysqld' in the path is accessible to all OS users. Consider choosing a different directory.
2025-01-03T19:46:25.679894Z 0 [System] [MY-011323] [Server] X Plugin ready for connections. Socket: /var/run/mysqld/mysqlx.sock
2025-01-03T19:46:25.680108Z 0 [System] [MY-010931] [Server] /usr/sbin/mysqld: ready for connections. Version: '8.0.30'  socket: '/var/run/mysqld/mysqld.sock'  port: 0  MySQL Community Server - GPL.
2025-01-03 19:46:25+00:00 [Note] [Entrypoint]: Temporary server started.
'/var/lib/mysql/mysql.sock' -> '/var/run/mysqld/mysqld.sock'
Warning: Unable to load '/usr/share/zoneinfo/iso3166.tab' as time zone. Skipping it.
Warning: Unable to load '/usr/share/zoneinfo/leapseconds' as time zone. Skipping it.
Warning: Unable to load '/usr/share/zoneinfo/tzdata.zi' as time zone. Skipping it.
Warning: Unable to load '/usr/share/zoneinfo/zone.tab' as time zone. Skipping it.
Warning: Unable to load '/usr/share/zoneinfo/zone1970.tab' as time zone. Skipping it.
2025-01-03 19:46:28+00:00 [Note] [Entrypoint]: Creating database friends
2025-01-03 19:46:28+00:00 [Note] [Entrypoint]: Creating user user
2025-01-03 19:46:28+00:00 [Note] [Entrypoint]: Giving user user access to schema friends

2025-01-03 19:46:28+00:00 [Note] [Entrypoint]: Stopping temporary server
2025-01-03T19:46:28.418611Z 13 [System] [MY-013172] [Server] Received SHUTDOWN from user root. Shutting down mysqld (Version: 8.0.30).
2025-01-03T19:46:29.147020Z 0 [System] [MY-010910] [Server] /usr/sbin/mysqld: Shutdown complete (mysqld 8.0.30)  MySQL Community Server - GPL.
2025-01-03 19:46:29+00:00 [Note] [Entrypoint]: Temporary server stopped

2025-01-03 19:46:29+00:00 [Note] [Entrypoint]: MySQL init process done. Ready for start up.

2025-01-03T19:46:29.620158Z 0 [Warning] [MY-011068] [Server] The syntax '--skip-host-cache' is deprecated and will be removed in a future release. Please use SET GLOBAL host_cache_size=0 instead.
2025-01-03T19:46:29.620182Z 0 [Warning] [MY-011068] [Server] The syntax '--skip-host-cache' is deprecated and will be removed in a future release. Please use SET GLOBAL host_cache_size=0 instead.
2025-01-03T19:46:29.621219Z 0 [System] [MY-010116] [Server] /usr/sbin/mysqld (mysqld 8.0.30) starting as process 1
2025-01-03T19:46:29.625842Z 0 [Warning] [MY-013907] [InnoDB] Deprecated configuration parameters innodb_log_file_size and/or innodb_log_files_in_group have been used to compute innodb_redo_log_capacity=10485760. Please use innodb_redo_log_capacity instead.
2025-01-03T19:46:29.626938Z 1 [System] [MY-013576] [InnoDB] InnoDB initialization has started.
2025-01-03T19:46:29.734985Z 1 [System] [MY-013577] [InnoDB] InnoDB initialization has ended.
2025-01-03T19:46:29.922817Z 0 [Warning] [MY-010068] [Server] CA certificate ca.pem is self signed.
2025-01-03T19:46:29.922848Z 0 [System] [MY-013602] [Server] Channel mysql_main configured to support TLS. Encrypted connections are now supported for this channel.
2025-01-03T19:46:29.929489Z 0 [Warning] [MY-011810] [Server] Insecure configuration for --pid-file: Location '/var/run/mysqld' in the path is accessible to all OS users. Consider choosing a different directory.
2025-01-03T19:46:29.946177Z 0 [System] [MY-011323] [Server] X Plugin ready for connections. Bind-address: '::' port: 33060, socket: /var/run/mysqld/mysqlx.sock
2025-01-03T19:46:29.946424Z 0 [System] [MY-010931] [Server] /usr/sbin/mysqld: ready for connections. Version: '8.0.30'  socket: '/var/run/mysqld/mysqld.sock'  port: 3306  MySQL Community Server - GPL.

RabbitMQ Container logs:
2025-01-03 19:46:33.958787+00:00 [notice] <0.44.0> Application syslog exited with reason: stopped
2025-01-03 19:46:33.965308+00:00 [notice] <0.230.0> Logging: switching to configured handler(s); following messages may not be visible in this log output
2025-01-03 19:46:33.982455+00:00 [notice] <0.230.0> Logging: configured log handlers are now ACTIVE
2025-01-03 19:46:34.188164+00:00 [info] <0.230.0> ra: starting system quorum_queues
2025-01-03 19:46:34.188261+00:00 [info] <0.230.0> starting Ra system: quorum_queues in directory: /var/lib/rabbitmq/mnesia/rabbit@aed739f3c9d1/quorum/rabbit@aed739f3c9d1
2025-01-03 19:46:34.250586+00:00 [info] <0.266.0> ra system 'quorum_queues' running pre init for 0 registered servers
2025-01-03 19:46:34.261031+00:00 [info] <0.267.0> ra: meta data store initialised for system quorum_queues. 0 record(s) recovered
2025-01-03 19:46:34.275958+00:00 [notice] <0.272.0> WAL: ra_log_wal init, open tbls: ra_log_open_mem_tables, closed tbls: ra_log_closed_mem_tables
2025-01-03 19:46:34.284640+00:00 [info] <0.230.0> ra: starting system coordination
2025-01-03 19:46:34.284682+00:00 [info] <0.230.0> starting Ra system: coordination in directory: /var/lib/rabbitmq/mnesia/rabbit@aed739f3c9d1/coordination/rabbit@aed739f3c9d1
2025-01-03 19:46:34.286863+00:00 [info] <0.279.0> ra system 'coordination' running pre init for 0 registered servers
2025-01-03 19:46:34.287779+00:00 [info] <0.280.0> ra: meta data store initialised for system coordination. 0 record(s) recovered
2025-01-03 19:46:34.287935+00:00 [notice] <0.285.0> WAL: ra_coordination_log_wal init, open tbls: ra_coordination_log_open_mem_tables, closed tbls: ra_coordination_log_closed_mem_tables
2025-01-03 19:46:34.292751+00:00 [info] <0.230.0> 
2025-01-03 19:46:34.292751+00:00 [info] <0.230.0>  Starting RabbitMQ 3.11.28 on Erlang 25.3.2.9 [jit]
2025-01-03 19:46:34.292751+00:00 [info] <0.230.0>  Copyright (c) 2007-2023 Broadcom Inc and/or its subsidiaries
2025-01-03 19:46:34.292751+00:00 [info] <0.230.0>  Licensed under the MPL 2.0. Website: https://rabbitmq.com

  ##  ##      RabbitMQ 3.11.28
  ##  ##
  ##########  Copyright (c) 2007-2023 Broadcom Inc and/or its subsidiaries
  ######  ##
  ##########  Licensed under the MPL 2.0. Website: https://rabbitmq.com

  Erlang:      25.3.2.9 [jit]
  TLS Library: OpenSSL - OpenSSL 3.1.5 30 Jan 2024
  Release series support status: supported

  Doc guides:  https://rabbitmq.com/documentation.html
  Support:     https://rabbitmq.com/contact.html
  Tutorials:   https://rabbitmq.com/getstarted.html
  Monitoring:  https://rabbitmq.com/monitoring.html

  Logs: /var/log/rabbitmq/rabbit@aed739f3c9d1_upgrade.log
        <stdout>

  Config file(s): /etc/rabbitmq/conf.d/10-defaults.conf

  Starting broker...2025-01-03 19:46:34.293825+00:00 [info] <0.230.0> 
2025-01-03 19:46:34.293825+00:00 [info] <0.230.0>  node           : rabbit@aed739f3c9d1
2025-01-03 19:46:34.293825+00:00 [info] <0.230.0>  home dir       : /var/lib/rabbitmq
2025-01-03 19:46:34.293825+00:00 [info] <0.230.0>  config file(s) : /etc/rabbitmq/conf.d/10-defaults.conf
2025-01-03 19:46:34.293825+00:00 [info] <0.230.0>  cookie hash    : 5bL+tr9pnEgDWRclBjgJCg==
2025-01-03 19:46:34.293825+00:00 [info] <0.230.0>  log(s)         : /var/log/rabbitmq/rabbit@aed739f3c9d1_upgrade.log
2025-01-03 19:46:34.293825+00:00 [info] <0.230.0>                 : <stdout>
2025-01-03 19:46:34.293825+00:00 [info] <0.230.0>  database dir   : /var/lib/rabbitmq/mnesia/rabbit@aed739f3c9d1
2025-01-03 19:46:37.144244+00:00 [info] <0.230.0> Running boot step pre_boot defined by app rabbit
2025-01-03 19:46:37.144314+00:00 [info] <0.230.0> Running boot step rabbit_global_counters defined by app rabbit
2025-01-03 19:46:37.144656+00:00 [info] <0.230.0> Running boot step rabbit_osiris_metrics defined by app rabbit
2025-01-03 19:46:37.144782+00:00 [info] <0.230.0> Running boot step rabbit_core_metrics defined by app rabbit
2025-01-03 19:46:37.146195+00:00 [info] <0.230.0> Running boot step rabbit_alarm defined by app rabbit
2025-01-03 19:46:37.151238+00:00 [info] <0.300.0> Memory high watermark set to 6217 MiB (6519278796 bytes) of 15543 MiB (16298196992 bytes) total
2025-01-03 19:46:37.155296+00:00 [info] <0.302.0> Enabling free disk space monitoring (disk free space: 1007331135488, total memory: 16298196992)
2025-01-03 19:46:37.155348+00:00 [info] <0.302.0> Disk free limit set to 50MB
2025-01-03 19:46:37.157698+00:00 [info] <0.230.0> Running boot step code_server_cache defined by app rabbit
2025-01-03 19:46:37.157781+00:00 [info] <0.230.0> Running boot step file_handle_cache defined by app rabbit
2025-01-03 19:46:37.158078+00:00 [info] <0.305.0> Limiting to approx 1048479 file handles (943629 sockets)
2025-01-03 19:46:37.158217+00:00 [info] <0.306.0> FHC read buffering: OFF
2025-01-03 19:46:37.158262+00:00 [info] <0.306.0> FHC write buffering: ON
2025-01-03 19:46:37.159869+00:00 [info] <0.230.0> Running boot step worker_pool defined by app rabbit
2025-01-03 19:46:37.159950+00:00 [info] <0.287.0> Will use 12 processes for default worker pool
2025-01-03 19:46:37.159988+00:00 [info] <0.287.0> Starting worker pool 'worker_pool' with 12 processes in it
2025-01-03 19:46:37.160768+00:00 [info] <0.230.0> Running boot step database defined by app rabbit
2025-01-03 19:46:37.161066+00:00 [info] <0.230.0> Node database directory at /var/lib/rabbitmq/mnesia/rabbit@aed739f3c9d1 is empty. Assuming we need to join an existing cluster or initialise from scratch...
2025-01-03 19:46:37.161115+00:00 [info] <0.230.0> Configured peer discovery backend: rabbit_peer_discovery_classic_config
2025-01-03 19:46:37.161154+00:00 [info] <0.230.0> Will try to lock with peer discovery backend rabbit_peer_discovery_classic_config
2025-01-03 19:46:37.161277+00:00 [info] <0.230.0> All discovered existing cluster peers:
2025-01-03 19:46:37.161305+00:00 [info] <0.230.0> Discovered no peer nodes to cluster with. Some discovery backends can filter nodes out based on a readiness criteria. Enabling debug logging might help troubleshoot.
2025-01-03 19:46:37.163598+00:00 [notice] <0.44.0> Application mnesia exited with reason: stopped
2025-01-03 19:46:37.289157+00:00 [info] <0.230.0> Waiting for Mnesia tables for 30000 ms, 9 retries left
2025-01-03 19:46:37.289264+00:00 [info] <0.230.0> Successfully synced tables from a peer
2025-01-03 19:46:37.298716+00:00 [info] <0.230.0> Feature flags: `feature_flags_v2`: supported, attempt to enable...
2025-01-03 19:46:37.315198+00:00 [notice] <0.288.0> Feature flags: attempt to enable `classic_mirrored_queue_version`...
2025-01-03 19:46:37.331766+00:00 [notice] <0.288.0> Feature flags: `classic_mirrored_queue_version` enabled
2025-01-03 19:46:37.332402+00:00 [notice] <0.288.0> Feature flags: attempt to enable `classic_queue_type_delivery_support`...
2025-01-03 19:46:37.341238+00:00 [notice] <0.288.0> Feature flags: attempt to enable `stream_queue`...
2025-01-03 19:46:37.359649+00:00 [notice] <0.288.0> Feature flags: `stream_queue` enabled
2025-01-03 19:46:37.369458+00:00 [notice] <0.288.0> Feature flags: `classic_queue_type_delivery_support` enabled
2025-01-03 19:46:37.369965+00:00 [notice] <0.288.0> Feature flags: attempt to enable `direct_exchange_routing_v2`...
2025-01-03 19:46:37.378823+00:00 [info] <0.507.0> Waiting for Mnesia tables for 30000 ms, 9 retries left
2025-01-03 19:46:37.378912+00:00 [info] <0.507.0> Successfully synced tables from a peer
2025-01-03 19:46:37.393877+00:00 [notice] <0.288.0> Feature flags: `direct_exchange_routing_v2` enabled
2025-01-03 19:46:37.394307+00:00 [notice] <0.288.0> Feature flags: attempt to enable `drop_unroutable_metric`...
2025-01-03 19:46:37.411058+00:00 [notice] <0.288.0> Feature flags: `drop_unroutable_metric` enabled
2025-01-03 19:46:37.411594+00:00 [notice] <0.288.0> Feature flags: attempt to enable `empty_basic_get_metric`...
2025-01-03 19:46:37.427411+00:00 [notice] <0.288.0> Feature flags: `empty_basic_get_metric` enabled
2025-01-03 19:46:37.428428+00:00 [notice] <0.288.0> Feature flags: attempt to enable `listener_records_in_ets`...
2025-01-03 19:46:37.463114+00:00 [notice] <0.288.0> Feature flags: `listener_records_in_ets` enabled
2025-01-03 19:46:37.463771+00:00 [notice] <0.288.0> Feature flags: attempt to enable `stream_sac_coordinator_unblock_group`...
2025-01-03 19:46:37.471766+00:00 [notice] <0.288.0> Feature flags: attempt to enable `stream_single_active_consumer`...
2025-01-03 19:46:37.488671+00:00 [notice] <0.288.0> Feature flags: `stream_single_active_consumer` enabled
2025-01-03 19:46:37.497726+00:00 [notice] <0.288.0> Feature flags: `stream_sac_coordinator_unblock_group` enabled
2025-01-03 19:46:37.498627+00:00 [notice] <0.288.0> Feature flags: attempt to enable `tracking_records_in_ets`...
2025-01-03 19:46:37.515061+00:00 [notice] <0.288.0> Feature flags: `tracking_records_in_ets` enabled
2025-01-03 19:46:37.516028+00:00 [info] <0.230.0> Waiting for Mnesia tables for 30000 ms, 9 retries left
2025-01-03 19:46:37.516133+00:00 [info] <0.230.0> Successfully synced tables from a peer
2025-01-03 19:46:37.528695+00:00 [info] <0.230.0> Waiting for Mnesia tables for 30000 ms, 9 retries left
2025-01-03 19:46:37.528798+00:00 [info] <0.230.0> Successfully synced tables from a peer
2025-01-03 19:46:37.528823+00:00 [info] <0.230.0> Peer discovery backend rabbit_peer_discovery_classic_config does not support registration, skipping registration.
2025-01-03 19:46:37.528903+00:00 [info] <0.230.0> Will try to unlock with peer discovery backend rabbit_peer_discovery_classic_config
2025-01-03 19:46:37.529035+00:00 [info] <0.230.0> Running boot step tracking_metadata_store defined by app rabbit
2025-01-03 19:46:37.529116+00:00 [info] <0.640.0> Setting up a table for connection tracking on this node: tracked_connection
2025-01-03 19:46:37.529149+00:00 [info] <0.640.0> Setting up a table for per-vhost connection counting on this node: tracked_connection_per_vhost
2025-01-03 19:46:37.529276+00:00 [info] <0.640.0> Setting up a table for per-user connection counting on this node: tracked_connection_per_user
2025-01-03 19:46:37.529366+00:00 [info] <0.640.0> Setting up a table for channel tracking on this node: tracked_channel
2025-01-03 19:46:37.529512+00:00 [info] <0.640.0> Setting up a table for channel tracking on this node: tracked_channel_per_user
2025-01-03 19:46:37.529716+00:00 [info] <0.230.0> Running boot step networking_metadata_store defined by app rabbit
2025-01-03 19:46:37.529827+00:00 [info] <0.230.0> Running boot step database_sync defined by app rabbit
2025-01-03 19:46:37.529937+00:00 [info] <0.230.0> Running boot step feature_flags defined by app rabbit
2025-01-03 19:46:37.530124+00:00 [info] <0.230.0> Running boot step codec_correctness_check defined by app rabbit
2025-01-03 19:46:37.530166+00:00 [info] <0.230.0> Running boot step external_infrastructure defined by app rabbit
2025-01-03 19:46:37.530241+00:00 [info] <0.230.0> Running boot step rabbit_event defined by app rabbit
2025-01-03 19:46:37.530382+00:00 [info] <0.230.0> Running boot step rabbit_registry defined by app rabbit
2025-01-03 19:46:37.530564+00:00 [info] <0.230.0> Running boot step rabbit_auth_mechanism_amqplain defined by app rabbit
2025-01-03 19:46:37.530663+00:00 [info] <0.230.0> Running boot step rabbit_auth_mechanism_cr_demo defined by app rabbit
2025-01-03 19:46:37.530788+00:00 [info] <0.230.0> Running boot step rabbit_auth_mechanism_plain defined by app rabbit
2025-01-03 19:46:37.530859+00:00 [info] <0.230.0> Running boot step rabbit_exchange_type_direct defined by app rabbit
2025-01-03 19:46:37.530947+00:00 [info] <0.230.0> Running boot step rabbit_exchange_type_fanout defined by app rabbit
2025-01-03 19:46:37.531038+00:00 [info] <0.230.0> Running boot step rabbit_exchange_type_headers defined by app rabbit
2025-01-03 19:46:37.531146+00:00 [info] <0.230.0> Running boot step rabbit_exchange_type_topic defined by app rabbit
2025-01-03 19:46:37.531215+00:00 [info] <0.230.0> Running boot step rabbit_mirror_queue_mode_all defined by app rabbit
2025-01-03 19:46:37.531282+00:00 [info] <0.230.0> Running boot step rabbit_mirror_queue_mode_exactly defined by app rabbit
2025-01-03 19:46:37.531348+00:00 [info] <0.230.0> Running boot step rabbit_mirror_queue_mode_nodes defined by app rabbit
2025-01-03 19:46:37.531412+00:00 [info] <0.230.0> Running boot step rabbit_priority_queue defined by app rabbit
2025-01-03 19:46:37.531457+00:00 [info] <0.230.0> Priority queues enabled, real BQ is rabbit_variable_queue
2025-01-03 19:46:37.531552+00:00 [info] <0.230.0> Running boot step rabbit_queue_location_client_local defined by app rabbit
2025-01-03 19:46:37.531621+00:00 [info] <0.230.0> Running boot step rabbit_queue_location_min_masters defined by app rabbit
2025-01-03 19:46:37.531692+00:00 [info] <0.230.0> Running boot step rabbit_queue_location_random defined by app rabbit
2025-01-03 19:46:37.531868+00:00 [info] <0.230.0> Running boot step kernel_ready defined by app rabbit
2025-01-03 19:46:37.531935+00:00 [info] <0.230.0> Running boot step rabbit_sysmon_minder defined by app rabbit
2025-01-03 19:46:37.532146+00:00 [info] <0.230.0> Running boot step rabbit_epmd_monitor defined by app rabbit
2025-01-03 19:46:37.532991+00:00 [info] <0.649.0> epmd monitor knows us, inter-node communication (distribution) port: 25672
2025-01-03 19:46:37.533064+00:00 [info] <0.230.0> Running boot step guid_generator defined by app rabbit
2025-01-03 19:46:37.536752+00:00 [info] <0.230.0> Running boot step rabbit_node_monitor defined by app rabbit
2025-01-03 19:46:37.536873+00:00 [info] <0.653.0> Starting rabbit_node_monitor (in ignore mode)
2025-01-03 19:46:37.537055+00:00 [info] <0.230.0> Running boot step delegate_sup defined by app rabbit
2025-01-03 19:46:37.537575+00:00 [info] <0.230.0> Running boot step rabbit_memory_monitor defined by app rabbit
2025-01-03 19:46:37.537696+00:00 [info] <0.230.0> Running boot step rabbit_fifo_dlx_sup defined by app rabbit
2025-01-03 19:46:37.537775+00:00 [info] <0.230.0> Running boot step core_initialized defined by app rabbit
2025-01-03 19:46:37.537798+00:00 [info] <0.230.0> Running boot step upgrade_queues defined by app rabbit
2025-01-03 19:46:37.542279+00:00 [info] <0.230.0> message_store upgrades: 1 to apply
2025-01-03 19:46:37.542402+00:00 [info] <0.230.0> message_store upgrades: Applying rabbit_variable_queue:move_messages_to_vhost_store
2025-01-03 19:46:37.542575+00:00 [info] <0.230.0> message_store upgrades: No durable queues found. Skipping message store migration
2025-01-03 19:46:37.542634+00:00 [info] <0.230.0> message_store upgrades: Removing the old message store data
2025-01-03 19:46:37.543598+00:00 [info] <0.230.0> message_store upgrades: All upgrades applied successfully
2025-01-03 19:46:37.551800+00:00 [info] <0.230.0> Running boot step channel_tracking defined by app rabbit
2025-01-03 19:46:37.551834+00:00 [info] <0.230.0> Running boot step rabbit_channel_tracking_handler defined by app rabbit
2025-01-03 19:46:37.551916+00:00 [info] <0.230.0> Running boot step connection_tracking defined by app rabbit
2025-01-03 19:46:37.551957+00:00 [info] <0.230.0> Running boot step rabbit_connection_tracking_handler defined by app rabbit
2025-01-03 19:46:37.552094+00:00 [info] <0.230.0> Running boot step rabbit_definitions_hashing defined by app rabbit
2025-01-03 19:46:37.552212+00:00 [info] <0.230.0> Running boot step rabbit_exchange_parameters defined by app rabbit
2025-01-03 19:46:37.552320+00:00 [info] <0.230.0> Running boot step rabbit_mirror_queue_misc defined by app rabbit
2025-01-03 19:46:37.552772+00:00 [info] <0.230.0> Running boot step rabbit_policies defined by app rabbit
2025-01-03 19:46:37.553033+00:00 [info] <0.230.0> Running boot step rabbit_policy defined by app rabbit
2025-01-03 19:46:37.553079+00:00 [info] <0.230.0> Running boot step rabbit_queue_location_validator defined by app rabbit
2025-01-03 19:46:37.553133+00:00 [info] <0.230.0> Running boot step rabbit_quorum_memory_manager defined by app rabbit
2025-01-03 19:46:37.553198+00:00 [info] <0.230.0> Running boot step rabbit_stream_coordinator defined by app rabbit
2025-01-03 19:46:37.553323+00:00 [info] <0.230.0> Running boot step rabbit_vhost_limit defined by app rabbit
2025-01-03 19:46:37.553422+00:00 [info] <0.230.0> Running boot step rabbit_mgmt_reset_handler defined by app rabbitmq_management
2025-01-03 19:46:37.553481+00:00 [info] <0.230.0> Running boot step rabbit_mgmt_db_handler defined by app rabbitmq_management_agent
2025-01-03 19:46:37.553523+00:00 [info] <0.230.0> Management plugin: using rates mode 'basic'
2025-01-03 19:46:37.553891+00:00 [info] <0.230.0> Running boot step recovery defined by app rabbit
2025-01-03 19:46:37.554665+00:00 [info] <0.230.0> Running boot step empty_db_check defined by app rabbit
2025-01-03 19:46:37.554725+00:00 [info] <0.230.0> Will seed default virtual host and user...
2025-01-03 19:46:37.554801+00:00 [info] <0.230.0> Adding vhost '/' (description: 'Default virtual host', tags: [])
2025-01-03 19:46:37.583665+00:00 [info] <0.695.0> Making sure data directory '/var/lib/rabbitmq/mnesia/rabbit@aed739f3c9d1/msg_stores/vhosts/628WB79CIFDYO9LJI6DKMI09L' for vhost '/' exists
2025-01-03 19:46:37.585738+00:00 [info] <0.695.0> Setting segment_entry_count for vhost '/' with 0 queues to '2048'
2025-01-03 19:46:37.590459+00:00 [info] <0.695.0> Starting message stores for vhost '/'
2025-01-03 19:46:37.590719+00:00 [info] <0.700.0> Message store "628WB79CIFDYO9LJI6DKMI09L/msg_store_transient": using rabbit_msg_store_ets_index to provide index
2025-01-03 19:46:37.592272+00:00 [info] <0.695.0> Started message store of type transient for vhost '/'
2025-01-03 19:46:37.592430+00:00 [info] <0.704.0> Message store "628WB79CIFDYO9LJI6DKMI09L/msg_store_persistent": using rabbit_msg_store_ets_index to provide index
2025-01-03 19:46:37.593417+00:00 [warning] <0.704.0> Message store "628WB79CIFDYO9LJI6DKMI09L/msg_store_persistent": rebuilding indices from scratch
2025-01-03 19:46:37.594270+00:00 [info] <0.695.0> Started message store of type persistent for vhost '/'
2025-01-03 19:46:37.594406+00:00 [info] <0.695.0> Recovering 0 queues of type rabbit_classic_queue took 8ms
2025-01-03 19:46:37.594457+00:00 [info] <0.695.0> Recovering 0 queues of type rabbit_quorum_queue took 0ms
2025-01-03 19:46:37.594528+00:00 [info] <0.695.0> Recovering 0 queues of type rabbit_stream_queue took 0ms
2025-01-03 19:46:37.599676+00:00 [info] <0.230.0> Created user 'guest'
2025-01-03 19:46:37.603214+00:00 [info] <0.230.0> Successfully set user tags for user 'guest' to [administrator]
2025-01-03 19:46:37.606893+00:00 [info] <0.230.0> Successfully set permissions for 'guest' in virtual host '/' to '.*', '.*', '.*'
2025-01-03 19:46:37.606956+00:00 [info] <0.230.0> Running boot step rabbit_observer_cli defined by app rabbit
2025-01-03 19:46:37.607008+00:00 [info] <0.230.0> Running boot step rabbit_looking_glass defined by app rabbit
2025-01-03 19:46:37.607034+00:00 [info] <0.230.0> Running boot step rabbit_core_metrics_gc defined by app rabbit
2025-01-03 19:46:37.607198+00:00 [info] <0.230.0> Running boot step background_gc defined by app rabbit
2025-01-03 19:46:37.607438+00:00 [info] <0.230.0> Running boot step routing_ready defined by app rabbit
2025-01-03 19:46:37.607491+00:00 [info] <0.230.0> Running boot step pre_flight defined by app rabbit
2025-01-03 19:46:37.607561+00:00 [info] <0.230.0> Running boot step notify_cluster defined by app rabbit
2025-01-03 19:46:37.607612+00:00 [info] <0.230.0> Running boot step networking defined by app rabbit
2025-01-03 19:46:37.607725+00:00 [info] <0.230.0> Running boot step definition_import_worker_pool defined by app rabbit
2025-01-03 19:46:37.607760+00:00 [info] <0.287.0> Starting worker pool 'definition_import_pool' with 12 processes in it
2025-01-03 19:46:37.608386+00:00 [info] <0.230.0> Running boot step cluster_name defined by app rabbit
2025-01-03 19:46:37.608478+00:00 [info] <0.230.0> Initialising internal cluster ID to 'rabbitmq-cluster-id-6-n573i5mQRuy_8OW1WByA'
2025-01-03 19:46:37.612247+00:00 [info] <0.230.0> Running boot step direct_client defined by app rabbit
2025-01-03 19:46:37.612331+00:00 [info] <0.230.0> Running boot step rabbit_maintenance_mode_state defined by app rabbit
2025-01-03 19:46:37.612373+00:00 [info] <0.230.0> Creating table rabbit_node_maintenance_states for maintenance mode status
2025-01-03 19:46:37.617810+00:00 [info] <0.230.0> Running boot step rabbit_management_load_definitions defined by app rabbitmq_management
2025-01-03 19:46:37.617978+00:00 [info] <0.750.0> Resetting node maintenance status
2025-01-03 19:46:37.628474+00:00 [info] <0.809.0> Management plugin: HTTP (non-TLS) listener started on port 15672
2025-01-03 19:46:37.628569+00:00 [info] <0.837.0> Statistics database started.
2025-01-03 19:46:37.628629+00:00 [info] <0.836.0> Starting worker pool 'management_worker_pool' with 3 processes in it
2025-01-03 19:46:37.634297+00:00 [info] <0.851.0> Prometheus metrics: HTTP (non-TLS) listener started on port 15692
2025-01-03 19:46:37.634403+00:00 [info] <0.750.0> Ready to start client connection listeners
2025-01-03 19:46:37.635801+00:00 [info] <0.895.0> started TCP listener on [::]:5672
 completed with 4 plugins.
2025-01-03 19:46:37.725060+00:00 [info] <0.750.0> Server startup complete; 4 plugins started.
2025-01-03 19:46:37.725060+00:00 [info] <0.750.0>  * rabbitmq_prometheus
2025-01-03 19:46:37.725060+00:00 [info] <0.750.0>  * rabbitmq_management
2025-01-03 19:46:37.725060+00:00 [info] <0.750.0>  * rabbitmq_management_agent
2025-01-03 19:46:37.725060+00:00 [info] <0.750.0>  * rabbitmq_web_dispatch
2025-01-03 19:46:37.818688+00:00 [info] <0.9.0> Time to start RabbitMQ: 6999221 us
2025-01-03 19:46:37.847990+00:00 [info] <0.897.0> Successfully changed password for user 'guest'
2025-01-03 19:46:37.848063+00:00 [info] <0.897.0> Successfully set user tags for user 'guest' to []

]]></system-out>
  <system-err><![CDATA[]]></system-err>
</testsuite>
