<?xml version="1.0" encoding="UTF-8"?>
<testsuite name="be.kdg.prog6.friends.core.RemoveFriendImplTestIntegration" tests="2" skipped="0" failures="0" errors="0" timestamp="2024-12-03T11:58:19" hostname="DESKTOP-S6298MU" time="0.594">
  <properties/>
  <testcase name="shouldNotRemoveNotExistingFriend()" classname="be.kdg.prog6.friends.core.RemoveFriendImplTestIntegration" time="0.524"/>
  <testcase name="shouldRemoveFriendOfPlayer()" classname="be.kdg.prog6.friends.core.RemoveFriendImplTestIntegration" time="0.069"/>
  <system-out><![CDATA[12:58:02.833 [Test worker] INFO org.springframework.test.context.support.AnnotationConfigContextLoaderUtils -- Could not detect default configuration classes for test class [be.kdg.prog6.friends.core.AbstractDatabaseAndRabbitTest]: AbstractDatabaseAndRabbitTest does not declare any static, non-private, non-final, nested classes annotated with @Configuration.
12:58:02.945 [Test worker] INFO org.springframework.boot.test.context.SpringBootTestContextBootstrapper -- Found @SpringBootConfiguration be.kdg.prog6.friends.FriendsBondedContextApplication for test class be.kdg.prog6.friends.core.RemoveFriendImplTestIntegration
12:58:03.067 [Test worker] INFO org.testcontainers.utility.ImageNameSubstitutor -- Image name substitution will be performed by: DefaultImageNameSubstitutor (composite of 'ConfigurationFileImageNameSubstitutor' and 'PrefixingImageNameSubstitutor')
12:58:03.287 [Test worker] INFO org.testcontainers.dockerclient.DockerClientProviderStrategy -- Loaded org.testcontainers.dockerclient.NpipeSocketClientProviderStrategy from ~/.testcontainers.properties, will try it first
12:58:03.484 [Test worker] INFO org.testcontainers.dockerclient.DockerClientProviderStrategy -- Found Docker environment with local Npipe socket (npipe:////./pipe/docker_engine)
12:58:03.485 [Test worker] INFO org.testcontainers.DockerClientFactory -- Docker host IP address is localhost
12:58:03.498 [Test worker] INFO org.testcontainers.DockerClientFactory -- Connected to docker: 
  Server Version: 25.0.3
  API Version: 1.44
  Operating System: Docker Desktop
  Total Memory: 15564 MB
12:58:03.522 [Test worker] INFO tc.testcontainers/ryuk:0.5.1 -- Creating container for image: testcontainers/ryuk:0.5.1
12:58:03.694 [Test worker] INFO org.testcontainers.utility.RegistryAuthLocator -- Credential helper/store (docker-credential-desktop) does not have credentials for https://index.docker.io/v1/
12:58:03.788 [Test worker] INFO tc.testcontainers/ryuk:0.5.1 -- Container testcontainers/ryuk:0.5.1 is starting: 2464ca5198878230abb81dc475b0115537efe19af8c882dc69e4e8c0209227e9
12:58:04.050 [Test worker] INFO tc.testcontainers/ryuk:0.5.1 -- Container testcontainers/ryuk:0.5.1 started in PT0.547736S
12:58:04.054 [Test worker] INFO org.testcontainers.utility.RyukResourceReaper -- Ryuk started - will monitor and terminate Testcontainers containers on JVM exit
12:58:04.054 [Test worker] INFO org.testcontainers.DockerClientFactory -- Checking the system...
12:58:04.054 [Test worker] INFO org.testcontainers.DockerClientFactory -- ?? Docker server version should be at least 1.6.0
12:58:04.056 [Test worker] INFO tc.mysql:8.0.30 -- Creating container for image: mysql:8.0.30
12:58:04.144 [Test worker] INFO tc.mysql:8.0.30 -- Container mysql:8.0.30 is starting: 90ad3a9bd614217ad67c76010bff0c703eff35ce8ddc14a0b132bd94edbc7bf9
12:58:04.420 [Test worker] INFO tc.mysql:8.0.30 -- Waiting for database connection to become available at jdbc:mysql://localhost:56514/friends using query 'SELECT 1'
12:58:12.290 [Test worker] INFO tc.mysql:8.0.30 -- Container mysql:8.0.30 started in PT8.2336463S
12:58:12.290 [Test worker] INFO tc.mysql:8.0.30 -- Container is started (JDBC URL: jdbc:mysql://localhost:56514/friends)
12:58:12.290 [Test worker] INFO tc.rabbitmq:3.11-management -- Creating container for image: rabbitmq:3.11-management
12:58:12.365 [Test worker] INFO tc.rabbitmq:3.11-management -- Container rabbitmq:3.11-management is starting: b88b11899848ab2c5267f0ef5728f5afcf0b10dc5dbe06327e0befb4338bf47b
12:58:16.030 [Test worker] INFO tc.rabbitmq:3.11-management -- Container rabbitmq:3.11-management started in PT3.7406715S

  .   ____          _            __ _ _
 /\\ / ___'_ __ _ _(_)_ __  __ _ \ \ \ \
( ( )\___ | '_ | '_| | '_ \/ _` | \ \ \ \
 \\/  ___)| |_)| | | | | || (_| |  ) ) ) )
  '  |____| .__|_| |_|_| |_\__, | / / / /
 =========|_|==============|___/=/_/_/_/
 :: Spring Boot ::                (v3.1.1)

2024-12-03T12:58:16.312+01:00  INFO 12364 --- [    Test worker] .k.p.f.c.RemoveFriendImplTestIntegration : Starting RemoveFriendImplTestIntegration using Java 21.0.3 with PID 12364 (started by Leonid in D:\KDG project\Integration 5\friends)
2024-12-03T12:58:16.313+01:00  INFO 12364 --- [    Test worker] .k.p.f.c.RemoveFriendImplTestIntegration : No active profile set, falling back to 1 default profile: "default"
2024-12-03T12:58:16.745+01:00  INFO 12364 --- [    Test worker] .s.d.r.c.RepositoryConfigurationDelegate : Bootstrapping Spring Data JPA repositories in DEFAULT mode.
2024-12-03T12:58:16.807+01:00  INFO 12364 --- [    Test worker] .s.d.r.c.RepositoryConfigurationDelegate : Finished Spring Data repository scanning in 56 ms. Found 4 JPA repository interfaces.
2024-12-03T12:58:17.140+01:00  INFO 12364 --- [    Test worker] o.hibernate.jpa.internal.util.LogHelper  : HHH000204: Processing PersistenceUnitInfo [name: default]
2024-12-03T12:58:17.183+01:00  INFO 12364 --- [    Test worker] org.hibernate.Version                    : HHH000412: Hibernate ORM core version 6.2.5.Final
2024-12-03T12:58:17.185+01:00  INFO 12364 --- [    Test worker] org.hibernate.cfg.Environment            : HHH000406: Using bytecode reflection optimizer
2024-12-03T12:58:17.308+01:00  INFO 12364 --- [    Test worker] o.h.b.i.BytecodeProviderInitiator        : HHH000021: Bytecode provider name : bytebuddy
2024-12-03T12:58:17.406+01:00  INFO 12364 --- [    Test worker] o.s.o.j.p.SpringPersistenceUnitInfo      : No LoadTimeWeaver setup: ignoring JPA class transformer
2024-12-03T12:58:17.421+01:00  INFO 12364 --- [    Test worker] com.zaxxer.hikari.HikariDataSource       : HikariPool-1 - Starting...
2024-12-03T12:58:17.583+01:00  INFO 12364 --- [    Test worker] com.zaxxer.hikari.pool.HikariPool        : HikariPool-1 - Added connection com.mysql.cj.jdbc.ConnectionImpl@31b1e3ab
2024-12-03T12:58:17.585+01:00  INFO 12364 --- [    Test worker] com.zaxxer.hikari.HikariDataSource       : HikariPool-1 - Start completed.
2024-12-03T12:58:17.830+01:00  INFO 12364 --- [    Test worker] o.h.b.i.BytecodeProviderInitiator        : HHH000021: Bytecode provider name : bytebuddy
2024-12-03T12:58:18.313+01:00  INFO 12364 --- [    Test worker] o.h.e.t.j.p.i.JtaPlatformInitiator       : HHH000490: Using JtaPlatform implementation: [org.hibernate.engine.transaction.jta.platform.internal.NoJtaPlatform]
2024-12-03T12:58:18.346+01:00  WARN 12364 --- [    Test worker] o.h.t.s.i.ExceptionHandlerLoggedImpl     : GenerationTarget encountered exception accepting command : Error executing DDL "alter table friends.address drop foreign key FK33v30veck8k5uqevpb90j87df" via JDBC [Table 'friends.address' doesn't exist]

org.hibernate.tool.schema.spi.CommandAcceptanceException: Error executing DDL "alter table friends.address drop foreign key FK33v30veck8k5uqevpb90j87df" via JDBC [Table 'friends.address' doesn't exist]
	at org.hibernate.tool.schema.internal.exec.GenerationTargetToDatabase.accept(GenerationTargetToDatabase.java:92) ~[hibernate-core-6.2.5.Final.jar:6.2.5.Final]
	at org.hibernate.tool.schema.internal.Helper.applySqlString(Helper.java:235) ~[hibernate-core-6.2.5.Final.jar:6.2.5.Final]
	at org.hibernate.tool.schema.internal.Helper.applySqlStrings(Helper.java:219) ~[hibernate-core-6.2.5.Final.jar:6.2.5.Final]
	at org.hibernate.tool.schema.internal.SchemaDropperImpl.applyConstraintDropping(SchemaDropperImpl.java:455) ~[hibernate-core-6.2.5.Final.jar:6.2.5.Final]
	at org.hibernate.tool.schema.internal.SchemaDropperImpl.dropConstraintsTablesSequences(SchemaDropperImpl.java:242) ~[hibernate-core-6.2.5.Final.jar:6.2.5.Final]
	at org.hibernate.tool.schema.internal.SchemaDropperImpl.dropFromMetadata(SchemaDropperImpl.java:215) ~[hibernate-core-6.2.5.Final.jar:6.2.5.Final]
	at org.hibernate.tool.schema.internal.SchemaDropperImpl.performDrop(SchemaDropperImpl.java:185) ~[hibernate-core-6.2.5.Final.jar:6.2.5.Final]
	at org.hibernate.tool.schema.internal.SchemaDropperImpl.doDrop(SchemaDropperImpl.java:155) ~[hibernate-core-6.2.5.Final.jar:6.2.5.Final]
	at org.hibernate.tool.schema.internal.SchemaDropperImpl.doDrop(SchemaDropperImpl.java:115) ~[hibernate-core-6.2.5.Final.jar:6.2.5.Final]
	at org.hibernate.tool.schema.spi.SchemaManagementToolCoordinator.performDatabaseAction(SchemaManagementToolCoordinator.java:242) ~[hibernate-core-6.2.5.Final.jar:6.2.5.Final]
	at org.hibernate.tool.schema.spi.SchemaManagementToolCoordinator.lambda$process$5(SchemaManagementToolCoordinator.java:143) ~[hibernate-core-6.2.5.Final.jar:6.2.5.Final]
	at java.base/java.util.HashMap.forEach(HashMap.java:1429) ~[na:na]
	at org.hibernate.tool.schema.spi.SchemaManagementToolCoordinator.process(SchemaManagementToolCoordinator.java:140) ~[hibernate-core-6.2.5.Final.jar:6.2.5.Final]
	at org.hibernate.boot.internal.SessionFactoryObserverForSchemaExport.sessionFactoryCreated(SessionFactoryObserverForSchemaExport.java:37) ~[hibernate-core-6.2.5.Final.jar:6.2.5.Final]
	at org.hibernate.internal.SessionFactoryObserverChain.sessionFactoryCreated(SessionFactoryObserverChain.java:35) ~[hibernate-core-6.2.5.Final.jar:6.2.5.Final]
	at org.hibernate.internal.SessionFactoryImpl.<init>(SessionFactoryImpl.java:292) ~[hibernate-core-6.2.5.Final.jar:6.2.5.Final]
	at org.hibernate.boot.internal.SessionFactoryBuilderImpl.build(SessionFactoryBuilderImpl.java:431) ~[hibernate-core-6.2.5.Final.jar:6.2.5.Final]
	at org.hibernate.jpa.boot.internal.EntityManagerFactoryBuilderImpl.build(EntityManagerFactoryBuilderImpl.java:1455) ~[hibernate-core-6.2.5.Final.jar:6.2.5.Final]
	at org.springframework.orm.jpa.vendor.SpringHibernateJpaPersistenceProvider.createContainerEntityManagerFactory(SpringHibernateJpaPersistenceProvider.java:75) ~[spring-orm-6.0.10.jar:6.0.10]
	at org.springframework.orm.jpa.LocalContainerEntityManagerFactoryBean.createNativeEntityManagerFactory(LocalContainerEntityManagerFactoryBean.java:376) ~[spring-orm-6.0.10.jar:6.0.10]
	at org.springframework.orm.jpa.AbstractEntityManagerFactoryBean.buildNativeEntityManagerFactory(AbstractEntityManagerFactoryBean.java:409) ~[spring-orm-6.0.10.jar:6.0.10]
	at org.springframework.orm.jpa.AbstractEntityManagerFactoryBean.afterPropertiesSet(AbstractEntityManagerFactoryBean.java:396) ~[spring-orm-6.0.10.jar:6.0.10]
	at org.springframework.orm.jpa.LocalContainerEntityManagerFactoryBean.afterPropertiesSet(LocalContainerEntityManagerFactoryBean.java:352) ~[spring-orm-6.0.10.jar:6.0.10]
	at org.springframework.beans.factory.support.AbstractAutowireCapableBeanFactory.invokeInitMethods(AbstractAutowireCapableBeanFactory.java:1816) ~[spring-beans-6.0.10.jar:6.0.10]
	at org.springframework.beans.factory.support.AbstractAutowireCapableBeanFactory.initializeBean(AbstractAutowireCapableBeanFactory.java:1766) ~[spring-beans-6.0.10.jar:6.0.10]
	at org.springframework.beans.factory.support.AbstractAutowireCapableBeanFactory.doCreateBean(AbstractAutowireCapableBeanFactory.java:598) ~[spring-beans-6.0.10.jar:6.0.10]
	at org.springframework.beans.factory.support.AbstractAutowireCapableBeanFactory.createBean(AbstractAutowireCapableBeanFactory.java:520) ~[spring-beans-6.0.10.jar:6.0.10]
	at org.springframework.beans.factory.support.AbstractBeanFactory.lambda$doGetBean$0(AbstractBeanFactory.java:326) ~[spring-beans-6.0.10.jar:6.0.10]
	at org.springframework.beans.factory.support.DefaultSingletonBeanRegistry.getSingleton(DefaultSingletonBeanRegistry.java:234) ~[spring-beans-6.0.10.jar:6.0.10]
	at org.springframework.beans.factory.support.AbstractBeanFactory.doGetBean(AbstractBeanFactory.java:324) ~[spring-beans-6.0.10.jar:6.0.10]
	at org.springframework.beans.factory.support.AbstractBeanFactory.getBean(AbstractBeanFactory.java:200) ~[spring-beans-6.0.10.jar:6.0.10]
	at org.springframework.context.support.AbstractApplicationContext.getBean(AbstractApplicationContext.java:1154) ~[spring-context-6.0.10.jar:6.0.10]
	at org.springframework.context.support.AbstractApplicationContext.finishBeanFactoryInitialization(AbstractApplicationContext.java:931) ~[spring-context-6.0.10.jar:6.0.10]
	at org.springframework.context.support.AbstractApplicationContext.refresh(AbstractApplicationContext.java:608) ~[spring-context-6.0.10.jar:6.0.10]
	at org.springframework.boot.SpringApplication.refresh(SpringApplication.java:734) ~[spring-boot-3.1.1.jar:3.1.1]
	at org.springframework.boot.SpringApplication.refreshContext(SpringApplication.java:436) ~[spring-boot-3.1.1.jar:3.1.1]
	at org.springframework.boot.SpringApplication.run(SpringApplication.java:312) ~[spring-boot-3.1.1.jar:3.1.1]
	at org.springframework.boot.test.context.SpringBootContextLoader.lambda$loadContext$3(SpringBootContextLoader.java:137) ~[spring-boot-test-3.1.1.jar:3.1.1]
	at org.springframework.util.function.ThrowingSupplier.get(ThrowingSupplier.java:58) ~[spring-core-6.0.10.jar:6.0.10]
	at org.springframework.util.function.ThrowingSupplier.get(ThrowingSupplier.java:46) ~[spring-core-6.0.10.jar:6.0.10]
	at org.springframework.boot.SpringApplication.withHook(SpringApplication.java:1406) ~[spring-boot-3.1.1.jar:3.1.1]
	at org.springframework.boot.test.context.SpringBootContextLoader$ContextLoaderHook.run(SpringBootContextLoader.java:545) ~[spring-boot-test-3.1.1.jar:3.1.1]
	at org.springframework.boot.test.context.SpringBootContextLoader.loadContext(SpringBootContextLoader.java:137) ~[spring-boot-test-3.1.1.jar:3.1.1]
	at org.springframework.boot.test.context.SpringBootContextLoader.loadContext(SpringBootContextLoader.java:108) ~[spring-boot-test-3.1.1.jar:3.1.1]
	at org.springframework.test.context.cache.DefaultCacheAwareContextLoaderDelegate.loadContextInternal(DefaultCacheAwareContextLoaderDelegate.java:187) ~[spring-test-6.0.10.jar:6.0.10]
	at org.springframework.test.context.cache.DefaultCacheAwareContextLoaderDelegate.loadContext(DefaultCacheAwareContextLoaderDelegate.java:119) ~[spring-test-6.0.10.jar:6.0.10]
	at org.springframework.test.context.support.DefaultTestContext.getApplicationContext(DefaultTestContext.java:127) ~[spring-test-6.0.10.jar:6.0.10]
	at org.springframework.test.context.web.ServletTestExecutionListener.setUpRequestContextIfNecessary(ServletTestExecutionListener.java:191) ~[spring-test-6.0.10.jar:6.0.10]
	at org.springframework.test.context.web.ServletTestExecutionListener.prepareTestInstance(ServletTestExecutionListener.java:130) ~[spring-test-6.0.10.jar:6.0.10]
	at org.springframework.test.context.TestContextManager.prepareTestInstance(TestContextManager.java:241) ~[spring-test-6.0.10.jar:6.0.10]
	at org.springframework.test.context.junit.jupiter.SpringExtension.postProcessTestInstance(SpringExtension.java:138) ~[spring-test-6.0.10.jar:6.0.10]
	at org.junit.jupiter.engine.descriptor.ClassBasedTestDescriptor.lambda$invokeTestInstancePostProcessors$8(ClassBasedTestDescriptor.java:363) ~[junit-jupiter-engine-5.8.1.jar:5.8.1]
	at org.junit.jupiter.engine.descriptor.ClassBasedTestDescriptor.executeAndMaskThrowable(ClassBasedTestDescriptor.java:368) ~[junit-jupiter-engine-5.8.1.jar:5.8.1]
	at org.junit.jupiter.engine.descriptor.ClassBasedTestDescriptor.lambda$invokeTestInstancePostProcessors$9(ClassBasedTestDescriptor.java:363) ~[junit-jupiter-engine-5.8.1.jar:5.8.1]
	at java.base/java.util.stream.ReferencePipeline$3$1.accept(ReferencePipeline.java:197) ~[na:na]
	at java.base/java.util.stream.ReferencePipeline$2$1.accept(ReferencePipeline.java:179) ~[na:na]
	at java.base/java.util.ArrayList$ArrayListSpliterator.forEachRemaining(ArrayList.java:1708) ~[na:na]
	at java.base/java.util.stream.AbstractPipeline.copyInto(AbstractPipeline.java:509) ~[na:na]
	at java.base/java.util.stream.AbstractPipeline.wrapAndCopyInto(AbstractPipeline.java:499) ~[na:na]
	at java.base/java.util.stream.StreamSpliterators$WrappingSpliterator.forEachRemaining(StreamSpliterators.java:310) ~[na:na]
	at java.base/java.util.stream.Streams$ConcatSpliterator.forEachRemaining(Streams.java:735) ~[na:na]
	at java.base/java.util.stream.Streams$ConcatSpliterator.forEachRemaining(Streams.java:734) ~[na:na]
	at java.base/java.util.stream.ReferencePipeline$Head.forEach(ReferencePipeline.java:762) ~[na:na]
	at org.junit.jupiter.engine.descriptor.ClassBasedTestDescriptor.invokeTestInstancePostProcessors(ClassBasedTestDescriptor.java:362) ~[junit-jupiter-engine-5.8.1.jar:5.8.1]
	at org.junit.jupiter.engine.descriptor.ClassBasedTestDescriptor.lambda$instantiateAndPostProcessTestInstance$6(ClassBasedTestDescriptor.java:283) ~[junit-jupiter-engine-5.8.1.jar:5.8.1]
	at org.junit.platform.engine.support.hierarchical.ThrowableCollector.execute(ThrowableCollector.java:73) ~[junit-platform-engine-1.9.3.jar:1.9.3]
	at org.junit.jupiter.engine.descriptor.ClassBasedTestDescriptor.instantiateAndPostProcessTestInstance(ClassBasedTestDescriptor.java:282) ~[junit-jupiter-engine-5.8.1.jar:5.8.1]
	at org.junit.jupiter.engine.descriptor.ClassBasedTestDescriptor.lambda$testInstancesProvider$4(ClassBasedTestDescriptor.java:272) ~[junit-jupiter-engine-5.8.1.jar:5.8.1]
	at java.base/java.util.Optional.orElseGet(Optional.java:364) ~[na:na]
	at org.junit.jupiter.engine.descriptor.ClassBasedTestDescriptor.lambda$testInstancesProvider$5(ClassBasedTestDescriptor.java:271) ~[junit-jupiter-engine-5.8.1.jar:5.8.1]
	at org.junit.jupiter.engine.execution.TestInstancesProvider.getTestInstances(TestInstancesProvider.java:31) ~[junit-jupiter-engine-5.8.1.jar:5.8.1]
	at org.junit.jupiter.engine.descriptor.TestMethodTestDescriptor.lambda$prepare$0(TestMethodTestDescriptor.java:102) ~[junit-jupiter-engine-5.8.1.jar:5.8.1]
	at org.junit.platform.engine.support.hierarchical.ThrowableCollector.execute(ThrowableCollector.java:73) ~[junit-platform-engine-1.9.3.jar:1.9.3]
	at org.junit.jupiter.engine.descriptor.TestMethodTestDescriptor.prepare(TestMethodTestDescriptor.java:101) ~[junit-jupiter-engine-5.8.1.jar:5.8.1]
	at org.junit.jupiter.engine.descriptor.TestMethodTestDescriptor.prepare(TestMethodTestDescriptor.java:66) ~[junit-jupiter-engine-5.8.1.jar:5.8.1]
	at org.junit.platform.engine.support.hierarchical.NodeTestTask.lambda$prepare$2(NodeTestTask.java:123) ~[junit-platform-engine-1.9.3.jar:1.9.3]
	at org.junit.platform.engine.support.hierarchical.ThrowableCollector.execute(ThrowableCollector.java:73) ~[junit-platform-engine-1.9.3.jar:1.9.3]
	at org.junit.platform.engine.support.hierarchical.NodeTestTask.prepare(NodeTestTask.java:123) ~[junit-platform-engine-1.9.3.jar:1.9.3]
	at org.junit.platform.engine.support.hierarchical.NodeTestTask.execute(NodeTestTask.java:90) ~[junit-platform-engine-1.9.3.jar:1.9.3]
	at java.base/java.util.ArrayList.forEach(ArrayList.java:1596) ~[na:na]
	at org.junit.platform.engine.support.hierarchical.SameThreadHierarchicalTestExecutorService.invokeAll(SameThreadHierarchicalTestExecutorService.java:41) ~[junit-platform-engine-1.9.3.jar:1.9.3]
	at org.junit.platform.engine.support.hierarchical.NodeTestTask.lambda$executeRecursively$6(NodeTestTask.java:155) ~[junit-platform-engine-1.9.3.jar:1.9.3]
	at org.junit.platform.engine.support.hierarchical.ThrowableCollector.execute(ThrowableCollector.java:73) ~[junit-platform-engine-1.9.3.jar:1.9.3]
	at org.junit.platform.engine.support.hierarchical.NodeTestTask.lambda$executeRecursively$8(NodeTestTask.java:141) ~[junit-platform-engine-1.9.3.jar:1.9.3]
	at org.junit.platform.engine.support.hierarchical.Node.around(Node.java:137) ~[junit-platform-engine-1.9.3.jar:1.9.3]
	at org.junit.platform.engine.support.hierarchical.NodeTestTask.lambda$executeRecursively$9(NodeTestTask.java:139) ~[junit-platform-engine-1.9.3.jar:1.9.3]
	at org.junit.platform.engine.support.hierarchical.ThrowableCollector.execute(ThrowableCollector.java:73) ~[junit-platform-engine-1.9.3.jar:1.9.3]
	at org.junit.platform.engine.support.hierarchical.NodeTestTask.executeRecursively(NodeTestTask.java:138) ~[junit-platform-engine-1.9.3.jar:1.9.3]
	at org.junit.platform.engine.support.hierarchical.NodeTestTask.execute(NodeTestTask.java:95) ~[junit-platform-engine-1.9.3.jar:1.9.3]
	at java.base/java.util.ArrayList.forEach(ArrayList.java:1596) ~[na:na]
	at org.junit.platform.engine.support.hierarchical.SameThreadHierarchicalTestExecutorService.invokeAll(SameThreadHierarchicalTestExecutorService.java:41) ~[junit-platform-engine-1.9.3.jar:1.9.3]
	at org.junit.platform.engine.support.hierarchical.NodeTestTask.lambda$executeRecursively$6(NodeTestTask.java:155) ~[junit-platform-engine-1.9.3.jar:1.9.3]
	at org.junit.platform.engine.support.hierarchical.ThrowableCollector.execute(ThrowableCollector.java:73) ~[junit-platform-engine-1.9.3.jar:1.9.3]
	at org.junit.platform.engine.support.hierarchical.NodeTestTask.lambda$executeRecursively$8(NodeTestTask.java:141) ~[junit-platform-engine-1.9.3.jar:1.9.3]
	at org.junit.platform.engine.support.hierarchical.Node.around(Node.java:137) ~[junit-platform-engine-1.9.3.jar:1.9.3]
	at org.junit.platform.engine.support.hierarchical.NodeTestTask.lambda$executeRecursively$9(NodeTestTask.java:139) ~[junit-platform-engine-1.9.3.jar:1.9.3]
	at org.junit.platform.engine.support.hierarchical.ThrowableCollector.execute(ThrowableCollector.java:73) ~[junit-platform-engine-1.9.3.jar:1.9.3]
	at org.junit.platform.engine.support.hierarchical.NodeTestTask.executeRecursively(NodeTestTask.java:138) ~[junit-platform-engine-1.9.3.jar:1.9.3]
	at org.junit.platform.engine.support.hierarchical.NodeTestTask.execute(NodeTestTask.java:95) ~[junit-platform-engine-1.9.3.jar:1.9.3]
	at org.junit.platform.engine.support.hierarchical.SameThreadHierarchicalTestExecutorService.submit(SameThreadHierarchicalTestExecutorService.java:35) ~[junit-platform-engine-1.9.3.jar:1.9.3]
	at org.junit.platform.engine.support.hierarchical.HierarchicalTestExecutor.execute(HierarchicalTestExecutor.java:57) ~[junit-platform-engine-1.9.3.jar:1.9.3]
	at org.junit.platform.engine.support.hierarchical.HierarchicalTestEngine.execute(HierarchicalTestEngine.java:54) ~[junit-platform-engine-1.9.3.jar:1.9.3]
	at org.junit.platform.launcher.core.EngineExecutionOrchestrator.execute(EngineExecutionOrchestrator.java:107) ~[junit-platform-launcher-1.8.2.jar:1.8.2]
	at org.junit.platform.launcher.core.EngineExecutionOrchestrator.execute(EngineExecutionOrchestrator.java:88) ~[junit-platform-launcher-1.8.2.jar:1.8.2]
	at org.junit.platform.launcher.core.EngineExecutionOrchestrator.lambda$execute$0(EngineExecutionOrchestrator.java:54) ~[junit-platform-launcher-1.8.2.jar:1.8.2]
	at org.junit.platform.launcher.core.EngineExecutionOrchestrator.withInterceptedStreams(EngineExecutionOrchestrator.java:67) ~[junit-platform-launcher-1.8.2.jar:1.8.2]
	at org.junit.platform.launcher.core.EngineExecutionOrchestrator.execute(EngineExecutionOrchestrator.java:52) ~[junit-platform-launcher-1.8.2.jar:1.8.2]
	at org.junit.platform.launcher.core.DefaultLauncher.execute(DefaultLauncher.java:114) ~[junit-platform-launcher-1.8.2.jar:1.8.2]
	at org.junit.platform.launcher.core.DefaultLauncher.execute(DefaultLauncher.java:86) ~[junit-platform-launcher-1.8.2.jar:1.8.2]
	at org.junit.platform.launcher.core.DefaultLauncherSession$DelegatingLauncher.execute(DefaultLauncherSession.java:86) ~[junit-platform-launcher-1.8.2.jar:1.8.2]
	at org.gradle.api.internal.tasks.testing.junitplatform.JUnitPlatformTestClassProcessor$CollectAllTestClassesExecutor.processAllTestClasses(JUnitPlatformTestClassProcessor.java:119) ~[na:na]
	at org.gradle.api.internal.tasks.testing.junitplatform.JUnitPlatformTestClassProcessor$CollectAllTestClassesExecutor.access$000(JUnitPlatformTestClassProcessor.java:94) ~[na:na]
	at org.gradle.api.internal.tasks.testing.junitplatform.JUnitPlatformTestClassProcessor.stop(JUnitPlatformTestClassProcessor.java:89) ~[na:na]
	at org.gradle.api.internal.tasks.testing.SuiteTestClassProcessor.stop(SuiteTestClassProcessor.java:62) ~[na:na]
	at java.base/jdk.internal.reflect.DirectMethodHandleAccessor.invoke(DirectMethodHandleAccessor.java:103) ~[na:na]
	at java.base/java.lang.reflect.Method.invoke(Method.java:580) ~[na:na]
	at org.gradle.internal.dispatch.ReflectionDispatch.dispatch(ReflectionDispatch.java:36) ~[na:na]
	at org.gradle.internal.dispatch.ReflectionDispatch.dispatch(ReflectionDispatch.java:24) ~[na:na]
	at org.gradle.internal.dispatch.ContextClassLoaderDispatch.dispatch(ContextClassLoaderDispatch.java:33) ~[na:na]
	at org.gradle.internal.dispatch.ProxyDispatchAdapter$DispatchingInvocationHandler.invoke(ProxyDispatchAdapter.java:94) ~[na:na]
	at jdk.proxy2/jdk.proxy2.$Proxy5.stop(Unknown Source) ~[na:na]
	at org.gradle.api.internal.tasks.testing.worker.TestWorker$3.run(TestWorker.java:193) ~[na:na]
	at org.gradle.api.internal.tasks.testing.worker.TestWorker.executeAndMaintainThreadName(TestWorker.java:129) ~[na:na]
	at org.gradle.api.internal.tasks.testing.worker.TestWorker.execute(TestWorker.java:100) ~[na:na]
	at org.gradle.api.internal.tasks.testing.worker.TestWorker.execute(TestWorker.java:60) ~[na:na]
	at org.gradle.process.internal.worker.child.ActionExecutionWorker.execute(ActionExecutionWorker.java:56) ~[na:na]
	at org.gradle.process.internal.worker.child.SystemApplicationClassLoaderWorker.call(SystemApplicationClassLoaderWorker.java:113) ~[na:na]
	at org.gradle.process.internal.worker.child.SystemApplicationClassLoaderWorker.call(SystemApplicationClassLoaderWorker.java:65) ~[na:na]
	at worker.org.gradle.process.internal.worker.GradleWorkerMain.run(GradleWorkerMain.java:69) ~[gradle-worker.jar:na]
	at worker.org.gradle.process.internal.worker.GradleWorkerMain.main(GradleWorkerMain.java:74) ~[gradle-worker.jar:na]
Caused by: java.sql.SQLSyntaxErrorException: Table 'friends.address' doesn't exist
	at com.mysql.cj.jdbc.exceptions.SQLError.createSQLException(SQLError.java:121) ~[mysql-connector-j-8.0.33.jar:8.0.33]
	at com.mysql.cj.jdbc.exceptions.SQLExceptionsMapping.translateException(SQLExceptionsMapping.java:122) ~[mysql-connector-j-8.0.33.jar:8.0.33]
	at com.mysql.cj.jdbc.StatementImpl.executeInternal(StatementImpl.java:763) ~[mysql-connector-j-8.0.33.jar:8.0.33]
	at com.mysql.cj.jdbc.StatementImpl.execute(StatementImpl.java:648) ~[mysql-connector-j-8.0.33.jar:8.0.33]
	at com.zaxxer.hikari.pool.ProxyStatement.execute(ProxyStatement.java:94) ~[HikariCP-5.0.1.jar:na]
	at com.zaxxer.hikari.pool.HikariProxyStatement.execute(HikariProxyStatement.java) ~[HikariCP-5.0.1.jar:na]
	at org.hibernate.tool.schema.internal.exec.GenerationTargetToDatabase.accept(GenerationTargetToDatabase.java:78) ~[hibernate-core-6.2.5.Final.jar:6.2.5.Final]
	... 129 common frames omitted

2024-12-03T12:58:18.355+01:00  WARN 12364 --- [    Test worker] o.h.t.s.i.ExceptionHandlerLoggedImpl     : GenerationTarget encountered exception accepting command : Error executing DDL "alter table friends.lobby drop foreign key FK3bod5oao1eq140gs771251s76" via JDBC [Table 'friends.lobby' doesn't exist]

org.hibernate.tool.schema.spi.CommandAcceptanceException: Error executing DDL "alter table friends.lobby drop foreign key FK3bod5oao1eq140gs771251s76" via JDBC [Table 'friends.lobby' doesn't exist]
	at org.hibernate.tool.schema.internal.exec.GenerationTargetToDatabase.accept(GenerationTargetToDatabase.java:92) ~[hibernate-core-6.2.5.Final.jar:6.2.5.Final]
	at org.hibernate.tool.schema.internal.Helper.applySqlString(Helper.java:235) ~[hibernate-core-6.2.5.Final.jar:6.2.5.Final]
	at org.hibernate.tool.schema.internal.Helper.applySqlStrings(Helper.java:219) ~[hibernate-core-6.2.5.Final.jar:6.2.5.Final]
	at org.hibernate.tool.schema.internal.SchemaDropperImpl.applyConstraintDropping(SchemaDropperImpl.java:455) ~[hibernate-core-6.2.5.Final.jar:6.2.5.Final]
	at org.hibernate.tool.schema.internal.SchemaDropperImpl.dropConstraintsTablesSequences(SchemaDropperImpl.java:242) ~[hibernate-core-6.2.5.Final.jar:6.2.5.Final]
	at org.hibernate.tool.schema.internal.SchemaDropperImpl.dropFromMetadata(SchemaDropperImpl.java:215) ~[hibernate-core-6.2.5.Final.jar:6.2.5.Final]
	at org.hibernate.tool.schema.internal.SchemaDropperImpl.performDrop(SchemaDropperImpl.java:185) ~[hibernate-core-6.2.5.Final.jar:6.2.5.Final]
	at org.hibernate.tool.schema.internal.SchemaDropperImpl.doDrop(SchemaDropperImpl.java:155) ~[hibernate-core-6.2.5.Final.jar:6.2.5.Final]
	at org.hibernate.tool.schema.internal.SchemaDropperImpl.doDrop(SchemaDropperImpl.java:115) ~[hibernate-core-6.2.5.Final.jar:6.2.5.Final]
	at org.hibernate.tool.schema.spi.SchemaManagementToolCoordinator.performDatabaseAction(SchemaManagementToolCoordinator.java:242) ~[hibernate-core-6.2.5.Final.jar:6.2.5.Final]
	at org.hibernate.tool.schema.spi.SchemaManagementToolCoordinator.lambda$process$5(SchemaManagementToolCoordinator.java:143) ~[hibernate-core-6.2.5.Final.jar:6.2.5.Final]
	at java.base/java.util.HashMap.forEach(HashMap.java:1429) ~[na:na]
	at org.hibernate.tool.schema.spi.SchemaManagementToolCoordinator.process(SchemaManagementToolCoordinator.java:140) ~[hibernate-core-6.2.5.Final.jar:6.2.5.Final]
	at org.hibernate.boot.internal.SessionFactoryObserverForSchemaExport.sessionFactoryCreated(SessionFactoryObserverForSchemaExport.java:37) ~[hibernate-core-6.2.5.Final.jar:6.2.5.Final]
	at org.hibernate.internal.SessionFactoryObserverChain.sessionFactoryCreated(SessionFactoryObserverChain.java:35) ~[hibernate-core-6.2.5.Final.jar:6.2.5.Final]
	at org.hibernate.internal.SessionFactoryImpl.<init>(SessionFactoryImpl.java:292) ~[hibernate-core-6.2.5.Final.jar:6.2.5.Final]
	at org.hibernate.boot.internal.SessionFactoryBuilderImpl.build(SessionFactoryBuilderImpl.java:431) ~[hibernate-core-6.2.5.Final.jar:6.2.5.Final]
	at org.hibernate.jpa.boot.internal.EntityManagerFactoryBuilderImpl.build(EntityManagerFactoryBuilderImpl.java:1455) ~[hibernate-core-6.2.5.Final.jar:6.2.5.Final]
	at org.springframework.orm.jpa.vendor.SpringHibernateJpaPersistenceProvider.createContainerEntityManagerFactory(SpringHibernateJpaPersistenceProvider.java:75) ~[spring-orm-6.0.10.jar:6.0.10]
	at org.springframework.orm.jpa.LocalContainerEntityManagerFactoryBean.createNativeEntityManagerFactory(LocalContainerEntityManagerFactoryBean.java:376) ~[spring-orm-6.0.10.jar:6.0.10]
	at org.springframework.orm.jpa.AbstractEntityManagerFactoryBean.buildNativeEntityManagerFactory(AbstractEntityManagerFactoryBean.java:409) ~[spring-orm-6.0.10.jar:6.0.10]
	at org.springframework.orm.jpa.AbstractEntityManagerFactoryBean.afterPropertiesSet(AbstractEntityManagerFactoryBean.java:396) ~[spring-orm-6.0.10.jar:6.0.10]
	at org.springframework.orm.jpa.LocalContainerEntityManagerFactoryBean.afterPropertiesSet(LocalContainerEntityManagerFactoryBean.java:352) ~[spring-orm-6.0.10.jar:6.0.10]
	at org.springframework.beans.factory.support.AbstractAutowireCapableBeanFactory.invokeInitMethods(AbstractAutowireCapableBeanFactory.java:1816) ~[spring-beans-6.0.10.jar:6.0.10]
	at org.springframework.beans.factory.support.AbstractAutowireCapableBeanFactory.initializeBean(AbstractAutowireCapableBeanFactory.java:1766) ~[spring-beans-6.0.10.jar:6.0.10]
	at org.springframework.beans.factory.support.AbstractAutowireCapableBeanFactory.doCreateBean(AbstractAutowireCapableBeanFactory.java:598) ~[spring-beans-6.0.10.jar:6.0.10]
	at org.springframework.beans.factory.support.AbstractAutowireCapableBeanFactory.createBean(AbstractAutowireCapableBeanFactory.java:520) ~[spring-beans-6.0.10.jar:6.0.10]
	at org.springframework.beans.factory.support.AbstractBeanFactory.lambda$doGetBean$0(AbstractBeanFactory.java:326) ~[spring-beans-6.0.10.jar:6.0.10]
	at org.springframework.beans.factory.support.DefaultSingletonBeanRegistry.getSingleton(DefaultSingletonBeanRegistry.java:234) ~[spring-beans-6.0.10.jar:6.0.10]
	at org.springframework.beans.factory.support.AbstractBeanFactory.doGetBean(AbstractBeanFactory.java:324) ~[spring-beans-6.0.10.jar:6.0.10]
	at org.springframework.beans.factory.support.AbstractBeanFactory.getBean(AbstractBeanFactory.java:200) ~[spring-beans-6.0.10.jar:6.0.10]
	at org.springframework.context.support.AbstractApplicationContext.getBean(AbstractApplicationContext.java:1154) ~[spring-context-6.0.10.jar:6.0.10]
	at org.springframework.context.support.AbstractApplicationContext.finishBeanFactoryInitialization(AbstractApplicationContext.java:931) ~[spring-context-6.0.10.jar:6.0.10]
	at org.springframework.context.support.AbstractApplicationContext.refresh(AbstractApplicationContext.java:608) ~[spring-context-6.0.10.jar:6.0.10]
	at org.springframework.boot.SpringApplication.refresh(SpringApplication.java:734) ~[spring-boot-3.1.1.jar:3.1.1]
	at org.springframework.boot.SpringApplication.refreshContext(SpringApplication.java:436) ~[spring-boot-3.1.1.jar:3.1.1]
	at org.springframework.boot.SpringApplication.run(SpringApplication.java:312) ~[spring-boot-3.1.1.jar:3.1.1]
	at org.springframework.boot.test.context.SpringBootContextLoader.lambda$loadContext$3(SpringBootContextLoader.java:137) ~[spring-boot-test-3.1.1.jar:3.1.1]
	at org.springframework.util.function.ThrowingSupplier.get(ThrowingSupplier.java:58) ~[spring-core-6.0.10.jar:6.0.10]
	at org.springframework.util.function.ThrowingSupplier.get(ThrowingSupplier.java:46) ~[spring-core-6.0.10.jar:6.0.10]
	at org.springframework.boot.SpringApplication.withHook(SpringApplication.java:1406) ~[spring-boot-3.1.1.jar:3.1.1]
	at org.springframework.boot.test.context.SpringBootContextLoader$ContextLoaderHook.run(SpringBootContextLoader.java:545) ~[spring-boot-test-3.1.1.jar:3.1.1]
	at org.springframework.boot.test.context.SpringBootContextLoader.loadContext(SpringBootContextLoader.java:137) ~[spring-boot-test-3.1.1.jar:3.1.1]
	at org.springframework.boot.test.context.SpringBootContextLoader.loadContext(SpringBootContextLoader.java:108) ~[spring-boot-test-3.1.1.jar:3.1.1]
	at org.springframework.test.context.cache.DefaultCacheAwareContextLoaderDelegate.loadContextInternal(DefaultCacheAwareContextLoaderDelegate.java:187) ~[spring-test-6.0.10.jar:6.0.10]
	at org.springframework.test.context.cache.DefaultCacheAwareContextLoaderDelegate.loadContext(DefaultCacheAwareContextLoaderDelegate.java:119) ~[spring-test-6.0.10.jar:6.0.10]
	at org.springframework.test.context.support.DefaultTestContext.getApplicationContext(DefaultTestContext.java:127) ~[spring-test-6.0.10.jar:6.0.10]
	at org.springframework.test.context.web.ServletTestExecutionListener.setUpRequestContextIfNecessary(ServletTestExecutionListener.java:191) ~[spring-test-6.0.10.jar:6.0.10]
	at org.springframework.test.context.web.ServletTestExecutionListener.prepareTestInstance(ServletTestExecutionListener.java:130) ~[spring-test-6.0.10.jar:6.0.10]
	at org.springframework.test.context.TestContextManager.prepareTestInstance(TestContextManager.java:241) ~[spring-test-6.0.10.jar:6.0.10]
	at org.springframework.test.context.junit.jupiter.SpringExtension.postProcessTestInstance(SpringExtension.java:138) ~[spring-test-6.0.10.jar:6.0.10]
	at org.junit.jupiter.engine.descriptor.ClassBasedTestDescriptor.lambda$invokeTestInstancePostProcessors$8(ClassBasedTestDescriptor.java:363) ~[junit-jupiter-engine-5.8.1.jar:5.8.1]
	at org.junit.jupiter.engine.descriptor.ClassBasedTestDescriptor.executeAndMaskThrowable(ClassBasedTestDescriptor.java:368) ~[junit-jupiter-engine-5.8.1.jar:5.8.1]
	at org.junit.jupiter.engine.descriptor.ClassBasedTestDescriptor.lambda$invokeTestInstancePostProcessors$9(ClassBasedTestDescriptor.java:363) ~[junit-jupiter-engine-5.8.1.jar:5.8.1]
	at java.base/java.util.stream.ReferencePipeline$3$1.accept(ReferencePipeline.java:197) ~[na:na]
	at java.base/java.util.stream.ReferencePipeline$2$1.accept(ReferencePipeline.java:179) ~[na:na]
	at java.base/java.util.ArrayList$ArrayListSpliterator.forEachRemaining(ArrayList.java:1708) ~[na:na]
	at java.base/java.util.stream.AbstractPipeline.copyInto(AbstractPipeline.java:509) ~[na:na]
	at java.base/java.util.stream.AbstractPipeline.wrapAndCopyInto(AbstractPipeline.java:499) ~[na:na]
	at java.base/java.util.stream.StreamSpliterators$WrappingSpliterator.forEachRemaining(StreamSpliterators.java:310) ~[na:na]
	at java.base/java.util.stream.Streams$ConcatSpliterator.forEachRemaining(Streams.java:735) ~[na:na]
	at java.base/java.util.stream.Streams$ConcatSpliterator.forEachRemaining(Streams.java:734) ~[na:na]
	at java.base/java.util.stream.ReferencePipeline$Head.forEach(ReferencePipeline.java:762) ~[na:na]
	at org.junit.jupiter.engine.descriptor.ClassBasedTestDescriptor.invokeTestInstancePostProcessors(ClassBasedTestDescriptor.java:362) ~[junit-jupiter-engine-5.8.1.jar:5.8.1]
	at org.junit.jupiter.engine.descriptor.ClassBasedTestDescriptor.lambda$instantiateAndPostProcessTestInstance$6(ClassBasedTestDescriptor.java:283) ~[junit-jupiter-engine-5.8.1.jar:5.8.1]
	at org.junit.platform.engine.support.hierarchical.ThrowableCollector.execute(ThrowableCollector.java:73) ~[junit-platform-engine-1.9.3.jar:1.9.3]
	at org.junit.jupiter.engine.descriptor.ClassBasedTestDescriptor.instantiateAndPostProcessTestInstance(ClassBasedTestDescriptor.java:282) ~[junit-jupiter-engine-5.8.1.jar:5.8.1]
	at org.junit.jupiter.engine.descriptor.ClassBasedTestDescriptor.lambda$testInstancesProvider$4(ClassBasedTestDescriptor.java:272) ~[junit-jupiter-engine-5.8.1.jar:5.8.1]
	at java.base/java.util.Optional.orElseGet(Optional.java:364) ~[na:na]
	at org.junit.jupiter.engine.descriptor.ClassBasedTestDescriptor.lambda$testInstancesProvider$5(ClassBasedTestDescriptor.java:271) ~[junit-jupiter-engine-5.8.1.jar:5.8.1]
	at org.junit.jupiter.engine.execution.TestInstancesProvider.getTestInstances(TestInstancesProvider.java:31) ~[junit-jupiter-engine-5.8.1.jar:5.8.1]
	at org.junit.jupiter.engine.descriptor.TestMethodTestDescriptor.lambda$prepare$0(TestMethodTestDescriptor.java:102) ~[junit-jupiter-engine-5.8.1.jar:5.8.1]
	at org.junit.platform.engine.support.hierarchical.ThrowableCollector.execute(ThrowableCollector.java:73) ~[junit-platform-engine-1.9.3.jar:1.9.3]
	at org.junit.jupiter.engine.descriptor.TestMethodTestDescriptor.prepare(TestMethodTestDescriptor.java:101) ~[junit-jupiter-engine-5.8.1.jar:5.8.1]
	at org.junit.jupiter.engine.descriptor.TestMethodTestDescriptor.prepare(TestMethodTestDescriptor.java:66) ~[junit-jupiter-engine-5.8.1.jar:5.8.1]
	at org.junit.platform.engine.support.hierarchical.NodeTestTask.lambda$prepare$2(NodeTestTask.java:123) ~[junit-platform-engine-1.9.3.jar:1.9.3]
	at org.junit.platform.engine.support.hierarchical.ThrowableCollector.execute(ThrowableCollector.java:73) ~[junit-platform-engine-1.9.3.jar:1.9.3]
	at org.junit.platform.engine.support.hierarchical.NodeTestTask.prepare(NodeTestTask.java:123) ~[junit-platform-engine-1.9.3.jar:1.9.3]
	at org.junit.platform.engine.support.hierarchical.NodeTestTask.execute(NodeTestTask.java:90) ~[junit-platform-engine-1.9.3.jar:1.9.3]
	at java.base/java.util.ArrayList.forEach(ArrayList.java:1596) ~[na:na]
	at org.junit.platform.engine.support.hierarchical.SameThreadHierarchicalTestExecutorService.invokeAll(SameThreadHierarchicalTestExecutorService.java:41) ~[junit-platform-engine-1.9.3.jar:1.9.3]
	at org.junit.platform.engine.support.hierarchical.NodeTestTask.lambda$executeRecursively$6(NodeTestTask.java:155) ~[junit-platform-engine-1.9.3.jar:1.9.3]
	at org.junit.platform.engine.support.hierarchical.ThrowableCollector.execute(ThrowableCollector.java:73) ~[junit-platform-engine-1.9.3.jar:1.9.3]
	at org.junit.platform.engine.support.hierarchical.NodeTestTask.lambda$executeRecursively$8(NodeTestTask.java:141) ~[junit-platform-engine-1.9.3.jar:1.9.3]
	at org.junit.platform.engine.support.hierarchical.Node.around(Node.java:137) ~[junit-platform-engine-1.9.3.jar:1.9.3]
	at org.junit.platform.engine.support.hierarchical.NodeTestTask.lambda$executeRecursively$9(NodeTestTask.java:139) ~[junit-platform-engine-1.9.3.jar:1.9.3]
	at org.junit.platform.engine.support.hierarchical.ThrowableCollector.execute(ThrowableCollector.java:73) ~[junit-platform-engine-1.9.3.jar:1.9.3]
	at org.junit.platform.engine.support.hierarchical.NodeTestTask.executeRecursively(NodeTestTask.java:138) ~[junit-platform-engine-1.9.3.jar:1.9.3]
	at org.junit.platform.engine.support.hierarchical.NodeTestTask.execute(NodeTestTask.java:95) ~[junit-platform-engine-1.9.3.jar:1.9.3]
	at java.base/java.util.ArrayList.forEach(ArrayList.java:1596) ~[na:na]
	at org.junit.platform.engine.support.hierarchical.SameThreadHierarchicalTestExecutorService.invokeAll(SameThreadHierarchicalTestExecutorService.java:41) ~[junit-platform-engine-1.9.3.jar:1.9.3]
	at org.junit.platform.engine.support.hierarchical.NodeTestTask.lambda$executeRecursively$6(NodeTestTask.java:155) ~[junit-platform-engine-1.9.3.jar:1.9.3]
	at org.junit.platform.engine.support.hierarchical.ThrowableCollector.execute(ThrowableCollector.java:73) ~[junit-platform-engine-1.9.3.jar:1.9.3]
	at org.junit.platform.engine.support.hierarchical.NodeTestTask.lambda$executeRecursively$8(NodeTestTask.java:141) ~[junit-platform-engine-1.9.3.jar:1.9.3]
	at org.junit.platform.engine.support.hierarchical.Node.around(Node.java:137) ~[junit-platform-engine-1.9.3.jar:1.9.3]
	at org.junit.platform.engine.support.hierarchical.NodeTestTask.lambda$executeRecursively$9(NodeTestTask.java:139) ~[junit-platform-engine-1.9.3.jar:1.9.3]
	at org.junit.platform.engine.support.hierarchical.ThrowableCollector.execute(ThrowableCollector.java:73) ~[junit-platform-engine-1.9.3.jar:1.9.3]
	at org.junit.platform.engine.support.hierarchical.NodeTestTask.executeRecursively(NodeTestTask.java:138) ~[junit-platform-engine-1.9.3.jar:1.9.3]
	at org.junit.platform.engine.support.hierarchical.NodeTestTask.execute(NodeTestTask.java:95) ~[junit-platform-engine-1.9.3.jar:1.9.3]
	at org.junit.platform.engine.support.hierarchical.SameThreadHierarchicalTestExecutorService.submit(SameThreadHierarchicalTestExecutorService.java:35) ~[junit-platform-engine-1.9.3.jar:1.9.3]
	at org.junit.platform.engine.support.hierarchical.HierarchicalTestExecutor.execute(HierarchicalTestExecutor.java:57) ~[junit-platform-engine-1.9.3.jar:1.9.3]
	at org.junit.platform.engine.support.hierarchical.HierarchicalTestEngine.execute(HierarchicalTestEngine.java:54) ~[junit-platform-engine-1.9.3.jar:1.9.3]
	at org.junit.platform.launcher.core.EngineExecutionOrchestrator.execute(EngineExecutionOrchestrator.java:107) ~[junit-platform-launcher-1.8.2.jar:1.8.2]
	at org.junit.platform.launcher.core.EngineExecutionOrchestrator.execute(EngineExecutionOrchestrator.java:88) ~[junit-platform-launcher-1.8.2.jar:1.8.2]
	at org.junit.platform.launcher.core.EngineExecutionOrchestrator.lambda$execute$0(EngineExecutionOrchestrator.java:54) ~[junit-platform-launcher-1.8.2.jar:1.8.2]
	at org.junit.platform.launcher.core.EngineExecutionOrchestrator.withInterceptedStreams(EngineExecutionOrchestrator.java:67) ~[junit-platform-launcher-1.8.2.jar:1.8.2]
	at org.junit.platform.launcher.core.EngineExecutionOrchestrator.execute(EngineExecutionOrchestrator.java:52) ~[junit-platform-launcher-1.8.2.jar:1.8.2]
	at org.junit.platform.launcher.core.DefaultLauncher.execute(DefaultLauncher.java:114) ~[junit-platform-launcher-1.8.2.jar:1.8.2]
	at org.junit.platform.launcher.core.DefaultLauncher.execute(DefaultLauncher.java:86) ~[junit-platform-launcher-1.8.2.jar:1.8.2]
	at org.junit.platform.launcher.core.DefaultLauncherSession$DelegatingLauncher.execute(DefaultLauncherSession.java:86) ~[junit-platform-launcher-1.8.2.jar:1.8.2]
	at org.gradle.api.internal.tasks.testing.junitplatform.JUnitPlatformTestClassProcessor$CollectAllTestClassesExecutor.processAllTestClasses(JUnitPlatformTestClassProcessor.java:119) ~[na:na]
	at org.gradle.api.internal.tasks.testing.junitplatform.JUnitPlatformTestClassProcessor$CollectAllTestClassesExecutor.access$000(JUnitPlatformTestClassProcessor.java:94) ~[na:na]
	at org.gradle.api.internal.tasks.testing.junitplatform.JUnitPlatformTestClassProcessor.stop(JUnitPlatformTestClassProcessor.java:89) ~[na:na]
	at org.gradle.api.internal.tasks.testing.SuiteTestClassProcessor.stop(SuiteTestClassProcessor.java:62) ~[na:na]
	at java.base/jdk.internal.reflect.DirectMethodHandleAccessor.invoke(DirectMethodHandleAccessor.java:103) ~[na:na]
	at java.base/java.lang.reflect.Method.invoke(Method.java:580) ~[na:na]
	at org.gradle.internal.dispatch.ReflectionDispatch.dispatch(ReflectionDispatch.java:36) ~[na:na]
	at org.gradle.internal.dispatch.ReflectionDispatch.dispatch(ReflectionDispatch.java:24) ~[na:na]
	at org.gradle.internal.dispatch.ContextClassLoaderDispatch.dispatch(ContextClassLoaderDispatch.java:33) ~[na:na]
	at org.gradle.internal.dispatch.ProxyDispatchAdapter$DispatchingInvocationHandler.invoke(ProxyDispatchAdapter.java:94) ~[na:na]
	at jdk.proxy2/jdk.proxy2.$Proxy5.stop(Unknown Source) ~[na:na]
	at org.gradle.api.internal.tasks.testing.worker.TestWorker$3.run(TestWorker.java:193) ~[na:na]
	at org.gradle.api.internal.tasks.testing.worker.TestWorker.executeAndMaintainThreadName(TestWorker.java:129) ~[na:na]
	at org.gradle.api.internal.tasks.testing.worker.TestWorker.execute(TestWorker.java:100) ~[na:na]
	at org.gradle.api.internal.tasks.testing.worker.TestWorker.execute(TestWorker.java:60) ~[na:na]
	at org.gradle.process.internal.worker.child.ActionExecutionWorker.execute(ActionExecutionWorker.java:56) ~[na:na]
	at org.gradle.process.internal.worker.child.SystemApplicationClassLoaderWorker.call(SystemApplicationClassLoaderWorker.java:113) ~[na:na]
	at org.gradle.process.internal.worker.child.SystemApplicationClassLoaderWorker.call(SystemApplicationClassLoaderWorker.java:65) ~[na:na]
	at worker.org.gradle.process.internal.worker.GradleWorkerMain.run(GradleWorkerMain.java:69) ~[gradle-worker.jar:na]
	at worker.org.gradle.process.internal.worker.GradleWorkerMain.main(GradleWorkerMain.java:74) ~[gradle-worker.jar:na]
Caused by: java.sql.SQLSyntaxErrorException: Table 'friends.lobby' doesn't exist
	at com.mysql.cj.jdbc.exceptions.SQLError.createSQLException(SQLError.java:121) ~[mysql-connector-j-8.0.33.jar:8.0.33]
	at com.mysql.cj.jdbc.exceptions.SQLExceptionsMapping.translateException(SQLExceptionsMapping.java:122) ~[mysql-connector-j-8.0.33.jar:8.0.33]
	at com.mysql.cj.jdbc.StatementImpl.executeInternal(StatementImpl.java:763) ~[mysql-connector-j-8.0.33.jar:8.0.33]
	at com.mysql.cj.jdbc.StatementImpl.execute(StatementImpl.java:648) ~[mysql-connector-j-8.0.33.jar:8.0.33]
	at com.zaxxer.hikari.pool.ProxyStatement.execute(ProxyStatement.java:94) ~[HikariCP-5.0.1.jar:na]
	at com.zaxxer.hikari.pool.HikariProxyStatement.execute(HikariProxyStatement.java) ~[HikariCP-5.0.1.jar:na]
	at org.hibernate.tool.schema.internal.exec.GenerationTargetToDatabase.accept(GenerationTargetToDatabase.java:78) ~[hibernate-core-6.2.5.Final.jar:6.2.5.Final]
	... 129 common frames omitted

2024-12-03T12:58:18.583+01:00  INFO 12364 --- [    Test worker] j.LocalContainerEntityManagerFactoryBean : Initialized JPA EntityManagerFactory for persistence unit 'default'
2024-12-03T12:58:18.765+01:00  INFO 12364 --- [    Test worker] o.s.d.j.r.query.QueryEnhancerFactory     : Hibernate is in classpath; If applicable, HQL parser will be used.
2024-12-03T12:58:19.416+01:00  WARN 12364 --- [    Test worker] JpaBaseConfiguration$JpaWebConfiguration : spring.jpa.open-in-view is enabled by default. Therefore, database queries may be performed during view rendering. Explicitly configure spring.jpa.open-in-view to disable this warning
2024-12-03T12:58:19.731+01:00  INFO 12364 --- [    Test worker] o.s.a.r.c.CachingConnectionFactory       : Attempting to connect to: localhost:5672
2024-12-03T12:58:19.769+01:00  INFO 12364 --- [    Test worker] o.s.a.r.c.CachingConnectionFactory       : Created new connection: connectionFactory#e33a609:0/SimpleConnection@3619b84e [delegate=amqp://myuser@127.0.0.1:5672/, localPort=56599]
2024-12-03T12:58:19.828+01:00  INFO 12364 --- [    Test worker] .k.p.f.c.RemoveFriendImplTestIntegration : Started RemoveFriendImplTestIntegration in 3.691 seconds (process running for 17.973)
Database Container logs:
2024-12-03 11:58:04+00:00 [Note] [Entrypoint]: Entrypoint script for MySQL Server 8.0.30-1.el8 started.
2024-12-03 11:58:04+00:00 [Note] [Entrypoint]: Switching to dedicated user 'mysql'
2024-12-03 11:58:04+00:00 [Note] [Entrypoint]: Entrypoint script for MySQL Server 8.0.30-1.el8 started.
2024-12-03 11:58:04+00:00 [Note] [Entrypoint]: Initializing database files
2024-12-03T11:58:04.528834Z 0 [Warning] [MY-011068] [Server] The syntax '--skip-host-cache' is deprecated and will be removed in a future release. Please use SET GLOBAL host_cache_size=0 instead.
2024-12-03T11:58:04.528853Z 0 [Warning] [MY-011068] [Server] The syntax '--skip-host-cache' is deprecated and will be removed in a future release. Please use SET GLOBAL host_cache_size=0 instead.
2024-12-03T11:58:04.528907Z 0 [System] [MY-013169] [Server] /usr/sbin/mysqld (mysqld 8.0.30) initializing of server in progress as process 80
2024-12-03T11:58:04.532590Z 0 [Warning] [MY-013907] [InnoDB] Deprecated configuration parameters innodb_log_file_size and/or innodb_log_files_in_group have been used to compute innodb_redo_log_capacity=10485760. Please use innodb_redo_log_capacity instead.
2024-12-03T11:58:04.533458Z 1 [System] [MY-013576] [InnoDB] InnoDB initialization has started.
2024-12-03T11:58:04.809588Z 1 [System] [MY-013577] [InnoDB] InnoDB initialization has ended.
2024-12-03T11:58:05.721464Z 6 [Warning] [MY-010453] [Server] root@localhost is created with an empty password ! Please consider switching off the --initialize-insecure option.
2024-12-03 11:58:07+00:00 [Note] [Entrypoint]: Database files initialized
2024-12-03 11:58:07+00:00 [Note] [Entrypoint]: Starting temporary server
2024-12-03T11:58:08.002052Z 0 [Warning] [MY-011068] [Server] The syntax '--skip-host-cache' is deprecated and will be removed in a future release. Please use SET GLOBAL host_cache_size=0 instead.
2024-12-03T11:58:08.002073Z 0 [Warning] [MY-011068] [Server] The syntax '--skip-host-cache' is deprecated and will be removed in a future release. Please use SET GLOBAL host_cache_size=0 instead.
2024-12-03T11:58:08.002614Z 0 [System] [MY-010116] [Server] /usr/sbin/mysqld (mysqld 8.0.30) starting as process 131
2024-12-03T11:58:08.011939Z 0 [Warning] [MY-013907] [InnoDB] Deprecated configuration parameters innodb_log_file_size and/or innodb_log_files_in_group have been used to compute innodb_redo_log_capacity=10485760. Please use innodb_redo_log_capacity instead.
2024-12-03T11:58:08.012887Z 1 [System] [MY-013576] [InnoDB] InnoDB initialization has started.
2024-12-03T11:58:08.062361Z 1 [System] [MY-013577] [InnoDB] InnoDB initialization has ended.
2024-12-03T11:58:08.218237Z 0 [Warning] [MY-010068] [Server] CA certificate ca.pem is self signed.
2024-12-03T11:58:08.218265Z 0 [System] [MY-013602] [Server] Channel mysql_main configured to support TLS. Encrypted connections are now supported for this channel.
2024-12-03T11:58:08.220231Z 0 [Warning] [MY-011810] [Server] Insecure configuration for --pid-file: Location '/var/run/mysqld' in the path is accessible to all OS users. Consider choosing a different directory.
2024-12-03T11:58:08.232108Z 0 [System] [MY-011323] [Server] X Plugin ready for connections. Socket: /var/run/mysqld/mysqlx.sock
2024-12-03T11:58:08.232148Z 0 [System] [MY-010931] [Server] /usr/sbin/mysqld: ready for connections. Version: '8.0.30'  socket: '/var/run/mysqld/mysqld.sock'  port: 0  MySQL Community Server - GPL.
2024-12-03 11:58:08+00:00 [Note] [Entrypoint]: Temporary server started.
'/var/lib/mysql/mysql.sock' -> '/var/run/mysqld/mysqld.sock'
Warning: Unable to load '/usr/share/zoneinfo/iso3166.tab' as time zone. Skipping it.
Warning: Unable to load '/usr/share/zoneinfo/leapseconds' as time zone. Skipping it.
Warning: Unable to load '/usr/share/zoneinfo/tzdata.zi' as time zone. Skipping it.
Warning: Unable to load '/usr/share/zoneinfo/zone.tab' as time zone. Skipping it.
Warning: Unable to load '/usr/share/zoneinfo/zone1970.tab' as time zone. Skipping it.
2024-12-03 11:58:09+00:00 [Note] [Entrypoint]: Creating database friends
2024-12-03 11:58:09+00:00 [Note] [Entrypoint]: Creating user user
2024-12-03 11:58:09+00:00 [Note] [Entrypoint]: Giving user user access to schema friends

2024-12-03 11:58:09+00:00 [Note] [Entrypoint]: Stopping temporary server
2024-12-03T11:58:09.765402Z 13 [System] [MY-013172] [Server] Received SHUTDOWN from user root. Shutting down mysqld (Version: 8.0.30).
2024-12-03T11:58:10.770679Z 0 [System] [MY-010910] [Server] /usr/sbin/mysqld: Shutdown complete (mysqld 8.0.30)  MySQL Community Server - GPL.
2024-12-03 11:58:11+00:00 [Note] [Entrypoint]: Temporary server stopped

2024-12-03 11:58:11+00:00 [Note] [Entrypoint]: MySQL init process done. Ready for start up.

2024-12-03T11:58:11.922163Z 0 [Warning] [MY-011068] [Server] The syntax '--skip-host-cache' is deprecated and will be removed in a future release. Please use SET GLOBAL host_cache_size=0 instead.
2024-12-03T11:58:11.922187Z 0 [Warning] [MY-011068] [Server] The syntax '--skip-host-cache' is deprecated and will be removed in a future release. Please use SET GLOBAL host_cache_size=0 instead.
2024-12-03T11:58:11.922875Z 0 [System] [MY-010116] [Server] /usr/sbin/mysqld (mysqld 8.0.30) starting as process 1
2024-12-03T11:58:11.936052Z 0 [Warning] [MY-013907] [InnoDB] Deprecated configuration parameters innodb_log_file_size and/or innodb_log_files_in_group have been used to compute innodb_redo_log_capacity=10485760. Please use innodb_redo_log_capacity instead.
2024-12-03T11:58:11.936901Z 1 [System] [MY-013576] [InnoDB] InnoDB initialization has started.
2024-12-03T11:58:12.005968Z 1 [System] [MY-013577] [InnoDB] InnoDB initialization has ended.
2024-12-03T11:58:12.172909Z 0 [Warning] [MY-010068] [Server] CA certificate ca.pem is self signed.
2024-12-03T11:58:12.172941Z 0 [System] [MY-013602] [Server] Channel mysql_main configured to support TLS. Encrypted connections are now supported for this channel.
2024-12-03T11:58:12.174342Z 0 [Warning] [MY-011810] [Server] Insecure configuration for --pid-file: Location '/var/run/mysqld' in the path is accessible to all OS users. Consider choosing a different directory.
2024-12-03T11:58:12.186680Z 0 [System] [MY-011323] [Server] X Plugin ready for connections. Bind-address: '::' port: 33060, socket: /var/run/mysqld/mysqlx.sock
2024-12-03T11:58:12.186759Z 0 [System] [MY-010931] [Server] /usr/sbin/mysqld: ready for connections. Version: '8.0.30'  socket: '/var/run/mysqld/mysqld.sock'  port: 3306  MySQL Community Server - GPL.

RabbitMQ Container logs:
2024-12-03 11:58:14.107058+00:00 [notice] <0.44.0> Application syslog exited with reason: stopped
2024-12-03 11:58:14.109881+00:00 [notice] <0.230.0> Logging: switching to configured handler(s); following messages may not be visible in this log output
2024-12-03 11:58:14.118163+00:00 [notice] <0.230.0> Logging: configured log handlers are now ACTIVE
2024-12-03 11:58:14.224391+00:00 [info] <0.230.0> ra: starting system quorum_queues
2024-12-03 11:58:14.224477+00:00 [info] <0.230.0> starting Ra system: quorum_queues in directory: /var/lib/rabbitmq/mnesia/rabbit@b88b11899848/quorum/rabbit@b88b11899848
2024-12-03 11:58:14.253786+00:00 [info] <0.266.0> ra system 'quorum_queues' running pre init for 0 registered servers
2024-12-03 11:58:14.258875+00:00 [info] <0.267.0> ra: meta data store initialised for system quorum_queues. 0 record(s) recovered
2024-12-03 11:58:14.265803+00:00 [notice] <0.272.0> WAL: ra_log_wal init, open tbls: ra_log_open_mem_tables, closed tbls: ra_log_closed_mem_tables
2024-12-03 11:58:14.273691+00:00 [info] <0.230.0> ra: starting system coordination
2024-12-03 11:58:14.273723+00:00 [info] <0.230.0> starting Ra system: coordination in directory: /var/lib/rabbitmq/mnesia/rabbit@b88b11899848/coordination/rabbit@b88b11899848
2024-12-03 11:58:14.274596+00:00 [info] <0.279.0> ra system 'coordination' running pre init for 0 registered servers
2024-12-03 11:58:14.275000+00:00 [info] <0.280.0> ra: meta data store initialised for system coordination. 0 record(s) recovered
2024-12-03 11:58:14.275094+00:00 [notice] <0.285.0> WAL: ra_coordination_log_wal init, open tbls: ra_coordination_log_open_mem_tables, closed tbls: ra_coordination_log_closed_mem_tables
2024-12-03 11:58:14.277183+00:00 [info] <0.230.0> 
2024-12-03 11:58:14.277183+00:00 [info] <0.230.0>  Starting RabbitMQ 3.11.28 on Erlang 25.3.2.9 [jit]
2024-12-03 11:58:14.277183+00:00 [info] <0.230.0>  Copyright (c) 2007-2023 Broadcom Inc and/or its subsidiaries
2024-12-03 11:58:14.277183+00:00 [info] <0.230.0>  Licensed under the MPL 2.0. Website: https://rabbitmq.com

  ##  ##      RabbitMQ 3.11.28
  ##  ##
  ##########  Copyright (c) 2007-2023 Broadcom Inc and/or its subsidiaries
  ######  ##
  ##########  Licensed under the MPL 2.0. Website: https://rabbitmq.com

  Erlang:      25.3.2.9 [jit]
  TLS Library: OpenSSL - OpenSSL 3.1.5 30 Jan 2024
  Release series support status: supported

  Doc guides:  https://rabbitmq.com/documentation.html
  Support:     https://rabbitmq.com/contact.html
  Tutorials:   https://rabbitmq.com/getstarted.html
  Monitoring:  https://rabbitmq.com/monitoring.html

  Logs: /var/log/rabbitmq/rabbit@b88b11899848_upgrade.log
        <stdout>

  Config file(s): /etc/rabbitmq/conf.d/10-defaults.conf

  Starting broker...2024-12-03 11:58:14.277898+00:00 [info] <0.230.0> 
2024-12-03 11:58:14.277898+00:00 [info] <0.230.0>  node           : rabbit@b88b11899848
2024-12-03 11:58:14.277898+00:00 [info] <0.230.0>  home dir       : /var/lib/rabbitmq
2024-12-03 11:58:14.277898+00:00 [info] <0.230.0>  config file(s) : /etc/rabbitmq/conf.d/10-defaults.conf
2024-12-03 11:58:14.277898+00:00 [info] <0.230.0>  cookie hash    : cefUYgo//4ohXY0R3pjxJA==
2024-12-03 11:58:14.277898+00:00 [info] <0.230.0>  log(s)         : /var/log/rabbitmq/rabbit@b88b11899848_upgrade.log
2024-12-03 11:58:14.277898+00:00 [info] <0.230.0>                 : <stdout>
2024-12-03 11:58:14.277898+00:00 [info] <0.230.0>  database dir   : /var/lib/rabbitmq/mnesia/rabbit@b88b11899848
2024-12-03 11:58:15.678332+00:00 [info] <0.230.0> Running boot step pre_boot defined by app rabbit
2024-12-03 11:58:15.678416+00:00 [info] <0.230.0> Running boot step rabbit_global_counters defined by app rabbit
2024-12-03 11:58:15.678779+00:00 [info] <0.230.0> Running boot step rabbit_osiris_metrics defined by app rabbit
2024-12-03 11:58:15.678903+00:00 [info] <0.230.0> Running boot step rabbit_core_metrics defined by app rabbit
2024-12-03 11:58:15.679562+00:00 [info] <0.230.0> Running boot step rabbit_alarm defined by app rabbit
2024-12-03 11:58:15.681700+00:00 [info] <0.300.0> Memory high watermark set to 6225 MiB (6528185139 bytes) of 15564 MiB (16320462848 bytes) total
2024-12-03 11:58:15.683160+00:00 [info] <0.302.0> Enabling free disk space monitoring (disk free space: 994951135232, total memory: 16320462848)
2024-12-03 11:58:15.683193+00:00 [info] <0.302.0> Disk free limit set to 50MB
2024-12-03 11:58:15.684045+00:00 [info] <0.230.0> Running boot step code_server_cache defined by app rabbit
2024-12-03 11:58:15.684100+00:00 [info] <0.230.0> Running boot step file_handle_cache defined by app rabbit
2024-12-03 11:58:15.684209+00:00 [info] <0.305.0> Limiting to approx 1048479 file handles (943629 sockets)
2024-12-03 11:58:15.684295+00:00 [info] <0.306.0> FHC read buffering: OFF
2024-12-03 11:58:15.684336+00:00 [info] <0.306.0> FHC write buffering: ON
2024-12-03 11:58:15.684624+00:00 [info] <0.230.0> Running boot step worker_pool defined by app rabbit
2024-12-03 11:58:15.684694+00:00 [info] <0.287.0> Will use 16 processes for default worker pool
2024-12-03 11:58:15.684734+00:00 [info] <0.287.0> Starting worker pool 'worker_pool' with 16 processes in it
2024-12-03 11:58:15.685034+00:00 [info] <0.230.0> Running boot step database defined by app rabbit
2024-12-03 11:58:15.685215+00:00 [info] <0.230.0> Node database directory at /var/lib/rabbitmq/mnesia/rabbit@b88b11899848 is empty. Assuming we need to join an existing cluster or initialise from scratch...
2024-12-03 11:58:15.685275+00:00 [info] <0.230.0> Configured peer discovery backend: rabbit_peer_discovery_classic_config
2024-12-03 11:58:15.685295+00:00 [info] <0.230.0> Will try to lock with peer discovery backend rabbit_peer_discovery_classic_config
2024-12-03 11:58:15.685344+00:00 [info] <0.230.0> All discovered existing cluster peers:
2024-12-03 11:58:15.685367+00:00 [info] <0.230.0> Discovered no peer nodes to cluster with. Some discovery backends can filter nodes out based on a readiness criteria. Enabling debug logging might help troubleshoot.
2024-12-03 11:58:15.686640+00:00 [notice] <0.44.0> Application mnesia exited with reason: stopped
2024-12-03 11:58:15.751714+00:00 [info] <0.230.0> Waiting for Mnesia tables for 30000 ms, 9 retries left
2024-12-03 11:58:15.751792+00:00 [info] <0.230.0> Successfully synced tables from a peer
2024-12-03 11:58:15.757589+00:00 [info] <0.230.0> Feature flags: `feature_flags_v2`: supported, attempt to enable...
2024-12-03 11:58:15.771405+00:00 [notice] <0.288.0> Feature flags: attempt to enable `classic_mirrored_queue_version`...
2024-12-03 11:58:15.784586+00:00 [notice] <0.288.0> Feature flags: `classic_mirrored_queue_version` enabled
2024-12-03 11:58:15.784841+00:00 [notice] <0.288.0> Feature flags: attempt to enable `classic_queue_type_delivery_support`...
2024-12-03 11:58:15.791576+00:00 [notice] <0.288.0> Feature flags: attempt to enable `stream_queue`...
2024-12-03 11:58:15.805571+00:00 [notice] <0.288.0> Feature flags: `stream_queue` enabled
2024-12-03 11:58:15.812632+00:00 [notice] <0.288.0> Feature flags: `classic_queue_type_delivery_support` enabled
2024-12-03 11:58:15.812974+00:00 [notice] <0.288.0> Feature flags: attempt to enable `direct_exchange_routing_v2`...
2024-12-03 11:58:15.819083+00:00 [info] <0.511.0> Waiting for Mnesia tables for 30000 ms, 9 retries left
2024-12-03 11:58:15.819162+00:00 [info] <0.511.0> Successfully synced tables from a peer
2024-12-03 11:58:15.829862+00:00 [notice] <0.288.0> Feature flags: `direct_exchange_routing_v2` enabled
2024-12-03 11:58:15.830218+00:00 [notice] <0.288.0> Feature flags: attempt to enable `drop_unroutable_metric`...
2024-12-03 11:58:15.843846+00:00 [notice] <0.288.0> Feature flags: `drop_unroutable_metric` enabled
2024-12-03 11:58:15.844384+00:00 [notice] <0.288.0> Feature flags: attempt to enable `empty_basic_get_metric`...
2024-12-03 11:58:15.858267+00:00 [notice] <0.288.0> Feature flags: `empty_basic_get_metric` enabled
2024-12-03 11:58:15.858886+00:00 [notice] <0.288.0> Feature flags: attempt to enable `listener_records_in_ets`...
2024-12-03 11:58:15.881587+00:00 [notice] <0.288.0> Feature flags: `listener_records_in_ets` enabled
2024-12-03 11:58:15.882508+00:00 [notice] <0.288.0> Feature flags: attempt to enable `stream_sac_coordinator_unblock_group`...
2024-12-03 11:58:15.889731+00:00 [notice] <0.288.0> Feature flags: attempt to enable `stream_single_active_consumer`...
2024-12-03 11:58:15.903236+00:00 [notice] <0.288.0> Feature flags: `stream_single_active_consumer` enabled
2024-12-03 11:58:15.910425+00:00 [notice] <0.288.0> Feature flags: `stream_sac_coordinator_unblock_group` enabled
2024-12-03 11:58:15.910993+00:00 [notice] <0.288.0> Feature flags: attempt to enable `tracking_records_in_ets`...
2024-12-03 11:58:15.923783+00:00 [notice] <0.288.0> Feature flags: `tracking_records_in_ets` enabled
2024-12-03 11:58:15.924306+00:00 [info] <0.230.0> Waiting for Mnesia tables for 30000 ms, 9 retries left
2024-12-03 11:58:15.924372+00:00 [info] <0.230.0> Successfully synced tables from a peer
2024-12-03 11:58:15.931530+00:00 [info] <0.230.0> Waiting for Mnesia tables for 30000 ms, 9 retries left
2024-12-03 11:58:15.931612+00:00 [info] <0.230.0> Successfully synced tables from a peer
2024-12-03 11:58:15.931630+00:00 [info] <0.230.0> Peer discovery backend rabbit_peer_discovery_classic_config does not support registration, skipping registration.
2024-12-03 11:58:15.931696+00:00 [info] <0.230.0> Will try to unlock with peer discovery backend rabbit_peer_discovery_classic_config
2024-12-03 11:58:15.931779+00:00 [info] <0.230.0> Running boot step tracking_metadata_store defined by app rabbit
2024-12-03 11:58:15.931855+00:00 [info] <0.644.0> Setting up a table for connection tracking on this node: tracked_connection
2024-12-03 11:58:15.931930+00:00 [info] <0.644.0> Setting up a table for per-vhost connection counting on this node: tracked_connection_per_vhost
2024-12-03 11:58:15.931974+00:00 [info] <0.644.0> Setting up a table for per-user connection counting on this node: tracked_connection_per_user
2024-12-03 11:58:15.932002+00:00 [info] <0.644.0> Setting up a table for channel tracking on this node: tracked_channel
2024-12-03 11:58:15.932028+00:00 [info] <0.644.0> Setting up a table for channel tracking on this node: tracked_channel_per_user
2024-12-03 11:58:15.932083+00:00 [info] <0.230.0> Running boot step networking_metadata_store defined by app rabbit
2024-12-03 11:58:15.932164+00:00 [info] <0.230.0> Running boot step database_sync defined by app rabbit
2024-12-03 11:58:15.932233+00:00 [info] <0.230.0> Running boot step feature_flags defined by app rabbit
2024-12-03 11:58:15.932323+00:00 [info] <0.230.0> Running boot step codec_correctness_check defined by app rabbit
2024-12-03 11:58:15.932363+00:00 [info] <0.230.0> Running boot step external_infrastructure defined by app rabbit
2024-12-03 11:58:15.932383+00:00 [info] <0.230.0> Running boot step rabbit_event defined by app rabbit
2024-12-03 11:58:15.932502+00:00 [info] <0.230.0> Running boot step rabbit_registry defined by app rabbit
2024-12-03 11:58:15.932571+00:00 [info] <0.230.0> Running boot step rabbit_auth_mechanism_amqplain defined by app rabbit
2024-12-03 11:58:15.932611+00:00 [info] <0.230.0> Running boot step rabbit_auth_mechanism_cr_demo defined by app rabbit
2024-12-03 11:58:15.932654+00:00 [info] <0.230.0> Running boot step rabbit_auth_mechanism_plain defined by app rabbit
2024-12-03 11:58:15.932679+00:00 [info] <0.230.0> Running boot step rabbit_exchange_type_direct defined by app rabbit
2024-12-03 11:58:15.932702+00:00 [info] <0.230.0> Running boot step rabbit_exchange_type_fanout defined by app rabbit
2024-12-03 11:58:15.932720+00:00 [info] <0.230.0> Running boot step rabbit_exchange_type_headers defined by app rabbit
2024-12-03 11:58:15.932791+00:00 [info] <0.230.0> Running boot step rabbit_exchange_type_topic defined by app rabbit
2024-12-03 11:58:15.932863+00:00 [info] <0.230.0> Running boot step rabbit_mirror_queue_mode_all defined by app rabbit
2024-12-03 11:58:15.932930+00:00 [info] <0.230.0> Running boot step rabbit_mirror_queue_mode_exactly defined by app rabbit
2024-12-03 11:58:15.932997+00:00 [info] <0.230.0> Running boot step rabbit_mirror_queue_mode_nodes defined by app rabbit
2024-12-03 11:58:15.933052+00:00 [info] <0.230.0> Running boot step rabbit_priority_queue defined by app rabbit
2024-12-03 11:58:15.933079+00:00 [info] <0.230.0> Priority queues enabled, real BQ is rabbit_variable_queue
2024-12-03 11:58:15.933176+00:00 [info] <0.230.0> Running boot step rabbit_queue_location_client_local defined by app rabbit
2024-12-03 11:58:15.933245+00:00 [info] <0.230.0> Running boot step rabbit_queue_location_min_masters defined by app rabbit
2024-12-03 11:58:15.933297+00:00 [info] <0.230.0> Running boot step rabbit_queue_location_random defined by app rabbit
2024-12-03 11:58:15.933351+00:00 [info] <0.230.0> Running boot step kernel_ready defined by app rabbit
2024-12-03 11:58:15.933368+00:00 [info] <0.230.0> Running boot step rabbit_sysmon_minder defined by app rabbit
2024-12-03 11:58:15.933505+00:00 [info] <0.230.0> Running boot step rabbit_epmd_monitor defined by app rabbit
2024-12-03 11:58:15.934051+00:00 [info] <0.653.0> epmd monitor knows us, inter-node communication (distribution) port: 25672
2024-12-03 11:58:15.934119+00:00 [info] <0.230.0> Running boot step guid_generator defined by app rabbit
2024-12-03 11:58:15.936085+00:00 [info] <0.230.0> Running boot step rabbit_node_monitor defined by app rabbit
2024-12-03 11:58:15.936184+00:00 [info] <0.657.0> Starting rabbit_node_monitor (in ignore mode)
2024-12-03 11:58:15.936247+00:00 [info] <0.230.0> Running boot step delegate_sup defined by app rabbit
2024-12-03 11:58:15.936619+00:00 [info] <0.230.0> Running boot step rabbit_memory_monitor defined by app rabbit
2024-12-03 11:58:15.936787+00:00 [info] <0.230.0> Running boot step rabbit_fifo_dlx_sup defined by app rabbit
2024-12-03 11:58:15.936843+00:00 [info] <0.230.0> Running boot step core_initialized defined by app rabbit
2024-12-03 11:58:15.936858+00:00 [info] <0.230.0> Running boot step upgrade_queues defined by app rabbit
2024-12-03 11:58:15.940708+00:00 [info] <0.230.0> message_store upgrades: 1 to apply
2024-12-03 11:58:15.940800+00:00 [info] <0.230.0> message_store upgrades: Applying rabbit_variable_queue:move_messages_to_vhost_store
2024-12-03 11:58:15.940900+00:00 [info] <0.230.0> message_store upgrades: No durable queues found. Skipping message store migration
2024-12-03 11:58:15.940934+00:00 [info] <0.230.0> message_store upgrades: Removing the old message store data
2024-12-03 11:58:15.941586+00:00 [info] <0.230.0> message_store upgrades: All upgrades applied successfully
2024-12-03 11:58:15.946045+00:00 [info] <0.230.0> Running boot step channel_tracking defined by app rabbit
2024-12-03 11:58:15.946085+00:00 [info] <0.230.0> Running boot step rabbit_channel_tracking_handler defined by app rabbit
2024-12-03 11:58:15.946179+00:00 [info] <0.230.0> Running boot step connection_tracking defined by app rabbit
2024-12-03 11:58:15.946207+00:00 [info] <0.230.0> Running boot step rabbit_connection_tracking_handler defined by app rabbit
2024-12-03 11:58:15.946346+00:00 [info] <0.230.0> Running boot step rabbit_definitions_hashing defined by app rabbit
2024-12-03 11:58:15.946409+00:00 [info] <0.230.0> Running boot step rabbit_exchange_parameters defined by app rabbit
2024-12-03 11:58:15.946520+00:00 [info] <0.230.0> Running boot step rabbit_mirror_queue_misc defined by app rabbit
2024-12-03 11:58:15.946841+00:00 [info] <0.230.0> Running boot step rabbit_policies defined by app rabbit
2024-12-03 11:58:15.947085+00:00 [info] <0.230.0> Running boot step rabbit_policy defined by app rabbit
2024-12-03 11:58:15.947117+00:00 [info] <0.230.0> Running boot step rabbit_queue_location_validator defined by app rabbit
2024-12-03 11:58:15.947140+00:00 [info] <0.230.0> Running boot step rabbit_quorum_memory_manager defined by app rabbit
2024-12-03 11:58:15.947172+00:00 [info] <0.230.0> Running boot step rabbit_stream_coordinator defined by app rabbit
2024-12-03 11:58:15.947276+00:00 [info] <0.230.0> Running boot step rabbit_vhost_limit defined by app rabbit
2024-12-03 11:58:15.947340+00:00 [info] <0.230.0> Running boot step rabbit_mgmt_reset_handler defined by app rabbitmq_management
2024-12-03 11:58:15.947399+00:00 [info] <0.230.0> Running boot step rabbit_mgmt_db_handler defined by app rabbitmq_management_agent
2024-12-03 11:58:15.947438+00:00 [info] <0.230.0> Management plugin: using rates mode 'basic'
2024-12-03 11:58:15.947726+00:00 [info] <0.230.0> Running boot step recovery defined by app rabbit
2024-12-03 11:58:15.948349+00:00 [info] <0.230.0> Running boot step empty_db_check defined by app rabbit
2024-12-03 11:58:15.948398+00:00 [info] <0.230.0> Will seed default virtual host and user...
2024-12-03 11:58:15.948450+00:00 [info] <0.230.0> Adding vhost '/' (description: 'Default virtual host', tags: [])
2024-12-03 11:58:15.960077+00:00 [info] <0.699.0> Making sure data directory '/var/lib/rabbitmq/mnesia/rabbit@b88b11899848/msg_stores/vhosts/628WB79CIFDYO9LJI6DKMI09L' for vhost '/' exists
2024-12-03 11:58:15.960931+00:00 [info] <0.699.0> Setting segment_entry_count for vhost '/' with 0 queues to '2048'
2024-12-03 11:58:15.963035+00:00 [info] <0.699.0> Starting message stores for vhost '/'
2024-12-03 11:58:15.963261+00:00 [info] <0.704.0> Message store "628WB79CIFDYO9LJI6DKMI09L/msg_store_transient": using rabbit_msg_store_ets_index to provide index
2024-12-03 11:58:15.964210+00:00 [info] <0.699.0> Started message store of type transient for vhost '/'
2024-12-03 11:58:15.964300+00:00 [info] <0.708.0> Message store "628WB79CIFDYO9LJI6DKMI09L/msg_store_persistent": using rabbit_msg_store_ets_index to provide index
2024-12-03 11:58:15.964885+00:00 [warning] <0.708.0> Message store "628WB79CIFDYO9LJI6DKMI09L/msg_store_persistent": rebuilding indices from scratch
2024-12-03 11:58:15.965338+00:00 [info] <0.699.0> Started message store of type persistent for vhost '/'
2024-12-03 11:58:15.965411+00:00 [info] <0.699.0> Recovering 0 queues of type rabbit_classic_queue took 4ms
2024-12-03 11:58:15.965448+00:00 [info] <0.699.0> Recovering 0 queues of type rabbit_quorum_queue took 0ms
2024-12-03 11:58:15.965466+00:00 [info] <0.699.0> Recovering 0 queues of type rabbit_stream_queue took 0ms
2024-12-03 11:58:15.967562+00:00 [info] <0.230.0> Created user 'guest'
2024-12-03 11:58:15.969041+00:00 [info] <0.230.0> Successfully set user tags for user 'guest' to [administrator]
2024-12-03 11:58:15.970425+00:00 [info] <0.230.0> Successfully set permissions for 'guest' in virtual host '/' to '.*', '.*', '.*'
2024-12-03 11:58:15.970461+00:00 [info] <0.230.0> Running boot step rabbit_observer_cli defined by app rabbit
2024-12-03 11:58:15.970496+00:00 [info] <0.230.0> Running boot step rabbit_looking_glass defined by app rabbit
2024-12-03 11:58:15.970529+00:00 [info] <0.230.0> Running boot step rabbit_core_metrics_gc defined by app rabbit
2024-12-03 11:58:15.970637+00:00 [info] <0.230.0> Running boot step background_gc defined by app rabbit
2024-12-03 11:58:15.970714+00:00 [info] <0.230.0> Running boot step routing_ready defined by app rabbit
2024-12-03 11:58:15.970752+00:00 [info] <0.230.0> Running boot step pre_flight defined by app rabbit
2024-12-03 11:58:15.970767+00:00 [info] <0.230.0> Running boot step notify_cluster defined by app rabbit
2024-12-03 11:58:15.970819+00:00 [info] <0.230.0> Running boot step networking defined by app rabbit
2024-12-03 11:58:15.970869+00:00 [info] <0.230.0> Running boot step definition_import_worker_pool defined by app rabbit
2024-12-03 11:58:15.970947+00:00 [info] <0.287.0> Starting worker pool 'definition_import_pool' with 16 processes in it
2024-12-03 11:58:15.971619+00:00 [info] <0.230.0> Running boot step cluster_name defined by app rabbit
2024-12-03 11:58:15.971675+00:00 [info] <0.230.0> Initialising internal cluster ID to 'rabbitmq-cluster-id-w1Odt-PBOfjz-5H9QWv1xw'
2024-12-03 11:58:15.973149+00:00 [info] <0.230.0> Running boot step direct_client defined by app rabbit
2024-12-03 11:58:15.973208+00:00 [info] <0.230.0> Running boot step rabbit_maintenance_mode_state defined by app rabbit
2024-12-03 11:58:15.973233+00:00 [info] <0.230.0> Creating table rabbit_node_maintenance_states for maintenance mode status
2024-12-03 11:58:15.975717+00:00 [info] <0.230.0> Running boot step rabbit_management_load_definitions defined by app rabbitmq_management
2024-12-03 11:58:15.975835+00:00 [info] <0.758.0> Resetting node maintenance status
2024-12-03 11:58:15.983358+00:00 [info] <0.817.0> Management plugin: HTTP (non-TLS) listener started on port 15672
2024-12-03 11:58:15.983463+00:00 [info] <0.845.0> Statistics database started.
2024-12-03 11:58:15.983508+00:00 [info] <0.844.0> Starting worker pool 'management_worker_pool' with 3 processes in it
2024-12-03 11:58:15.987688+00:00 [info] <0.859.0> Prometheus metrics: HTTP (non-TLS) listener started on port 15692
2024-12-03 11:58:15.987766+00:00 [info] <0.758.0> Ready to start client connection listeners
2024-12-03 11:58:15.988663+00:00 [info] <0.903.0> started TCP listener on [::]:5672
 completed with 4 plugins.
2024-12-03 11:58:16.029910+00:00 [info] <0.758.0> Server startup complete; 4 plugins started.
2024-12-03 11:58:16.029910+00:00 [info] <0.758.0>  * rabbitmq_prometheus
2024-12-03 11:58:16.029910+00:00 [info] <0.758.0>  * rabbitmq_management
2024-12-03 11:58:16.029910+00:00 [info] <0.758.0>  * rabbitmq_management_agent
2024-12-03 11:58:16.029910+00:00 [info] <0.758.0>  * rabbitmq_web_dispatch
2024-12-03 11:58:16.085501+00:00 [info] <0.905.0> Successfully changed password for user 'guest'
2024-12-03 11:58:16.085571+00:00 [info] <0.905.0> Successfully set user tags for user 'guest' to []
2024-12-03 11:58:16.176893+00:00 [info] <0.9.0> Time to start RabbitMQ: 3439713 us

Database Container logs:
2024-12-03 11:58:04+00:00 [Note] [Entrypoint]: Entrypoint script for MySQL Server 8.0.30-1.el8 started.
2024-12-03 11:58:04+00:00 [Note] [Entrypoint]: Switching to dedicated user 'mysql'
2024-12-03 11:58:04+00:00 [Note] [Entrypoint]: Entrypoint script for MySQL Server 8.0.30-1.el8 started.
2024-12-03 11:58:04+00:00 [Note] [Entrypoint]: Initializing database files
2024-12-03T11:58:04.528834Z 0 [Warning] [MY-011068] [Server] The syntax '--skip-host-cache' is deprecated and will be removed in a future release. Please use SET GLOBAL host_cache_size=0 instead.
2024-12-03T11:58:04.528853Z 0 [Warning] [MY-011068] [Server] The syntax '--skip-host-cache' is deprecated and will be removed in a future release. Please use SET GLOBAL host_cache_size=0 instead.
2024-12-03T11:58:04.528907Z 0 [System] [MY-013169] [Server] /usr/sbin/mysqld (mysqld 8.0.30) initializing of server in progress as process 80
2024-12-03T11:58:04.532590Z 0 [Warning] [MY-013907] [InnoDB] Deprecated configuration parameters innodb_log_file_size and/or innodb_log_files_in_group have been used to compute innodb_redo_log_capacity=10485760. Please use innodb_redo_log_capacity instead.
2024-12-03T11:58:04.533458Z 1 [System] [MY-013576] [InnoDB] InnoDB initialization has started.
2024-12-03T11:58:04.809588Z 1 [System] [MY-013577] [InnoDB] InnoDB initialization has ended.
2024-12-03T11:58:05.721464Z 6 [Warning] [MY-010453] [Server] root@localhost is created with an empty password ! Please consider switching off the --initialize-insecure option.
2024-12-03 11:58:07+00:00 [Note] [Entrypoint]: Database files initialized
2024-12-03 11:58:07+00:00 [Note] [Entrypoint]: Starting temporary server
2024-12-03T11:58:08.002052Z 0 [Warning] [MY-011068] [Server] The syntax '--skip-host-cache' is deprecated and will be removed in a future release. Please use SET GLOBAL host_cache_size=0 instead.
2024-12-03T11:58:08.002073Z 0 [Warning] [MY-011068] [Server] The syntax '--skip-host-cache' is deprecated and will be removed in a future release. Please use SET GLOBAL host_cache_size=0 instead.
2024-12-03T11:58:08.002614Z 0 [System] [MY-010116] [Server] /usr/sbin/mysqld (mysqld 8.0.30) starting as process 131
2024-12-03T11:58:08.011939Z 0 [Warning] [MY-013907] [InnoDB] Deprecated configuration parameters innodb_log_file_size and/or innodb_log_files_in_group have been used to compute innodb_redo_log_capacity=10485760. Please use innodb_redo_log_capacity instead.
2024-12-03T11:58:08.012887Z 1 [System] [MY-013576] [InnoDB] InnoDB initialization has started.
2024-12-03T11:58:08.062361Z 1 [System] [MY-013577] [InnoDB] InnoDB initialization has ended.
2024-12-03T11:58:08.218237Z 0 [Warning] [MY-010068] [Server] CA certificate ca.pem is self signed.
2024-12-03T11:58:08.218265Z 0 [System] [MY-013602] [Server] Channel mysql_main configured to support TLS. Encrypted connections are now supported for this channel.
2024-12-03T11:58:08.220231Z 0 [Warning] [MY-011810] [Server] Insecure configuration for --pid-file: Location '/var/run/mysqld' in the path is accessible to all OS users. Consider choosing a different directory.
2024-12-03T11:58:08.232108Z 0 [System] [MY-011323] [Server] X Plugin ready for connections. Socket: /var/run/mysqld/mysqlx.sock
2024-12-03T11:58:08.232148Z 0 [System] [MY-010931] [Server] /usr/sbin/mysqld: ready for connections. Version: '8.0.30'  socket: '/var/run/mysqld/mysqld.sock'  port: 0  MySQL Community Server - GPL.
2024-12-03 11:58:08+00:00 [Note] [Entrypoint]: Temporary server started.
'/var/lib/mysql/mysql.sock' -> '/var/run/mysqld/mysqld.sock'
Warning: Unable to load '/usr/share/zoneinfo/iso3166.tab' as time zone. Skipping it.
Warning: Unable to load '/usr/share/zoneinfo/leapseconds' as time zone. Skipping it.
Warning: Unable to load '/usr/share/zoneinfo/tzdata.zi' as time zone. Skipping it.
Warning: Unable to load '/usr/share/zoneinfo/zone.tab' as time zone. Skipping it.
Warning: Unable to load '/usr/share/zoneinfo/zone1970.tab' as time zone. Skipping it.
2024-12-03 11:58:09+00:00 [Note] [Entrypoint]: Creating database friends
2024-12-03 11:58:09+00:00 [Note] [Entrypoint]: Creating user user
2024-12-03 11:58:09+00:00 [Note] [Entrypoint]: Giving user user access to schema friends

2024-12-03 11:58:09+00:00 [Note] [Entrypoint]: Stopping temporary server
2024-12-03T11:58:09.765402Z 13 [System] [MY-013172] [Server] Received SHUTDOWN from user root. Shutting down mysqld (Version: 8.0.30).
2024-12-03T11:58:10.770679Z 0 [System] [MY-010910] [Server] /usr/sbin/mysqld: Shutdown complete (mysqld 8.0.30)  MySQL Community Server - GPL.
2024-12-03 11:58:11+00:00 [Note] [Entrypoint]: Temporary server stopped

2024-12-03 11:58:11+00:00 [Note] [Entrypoint]: MySQL init process done. Ready for start up.

2024-12-03T11:58:11.922163Z 0 [Warning] [MY-011068] [Server] The syntax '--skip-host-cache' is deprecated and will be removed in a future release. Please use SET GLOBAL host_cache_size=0 instead.
2024-12-03T11:58:11.922187Z 0 [Warning] [MY-011068] [Server] The syntax '--skip-host-cache' is deprecated and will be removed in a future release. Please use SET GLOBAL host_cache_size=0 instead.
2024-12-03T11:58:11.922875Z 0 [System] [MY-010116] [Server] /usr/sbin/mysqld (mysqld 8.0.30) starting as process 1
2024-12-03T11:58:11.936052Z 0 [Warning] [MY-013907] [InnoDB] Deprecated configuration parameters innodb_log_file_size and/or innodb_log_files_in_group have been used to compute innodb_redo_log_capacity=10485760. Please use innodb_redo_log_capacity instead.
2024-12-03T11:58:11.936901Z 1 [System] [MY-013576] [InnoDB] InnoDB initialization has started.
2024-12-03T11:58:12.005968Z 1 [System] [MY-013577] [InnoDB] InnoDB initialization has ended.
2024-12-03T11:58:12.172909Z 0 [Warning] [MY-010068] [Server] CA certificate ca.pem is self signed.
2024-12-03T11:58:12.172941Z 0 [System] [MY-013602] [Server] Channel mysql_main configured to support TLS. Encrypted connections are now supported for this channel.
2024-12-03T11:58:12.174342Z 0 [Warning] [MY-011810] [Server] Insecure configuration for --pid-file: Location '/var/run/mysqld' in the path is accessible to all OS users. Consider choosing a different directory.
2024-12-03T11:58:12.186680Z 0 [System] [MY-011323] [Server] X Plugin ready for connections. Bind-address: '::' port: 33060, socket: /var/run/mysqld/mysqlx.sock
2024-12-03T11:58:12.186759Z 0 [System] [MY-010931] [Server] /usr/sbin/mysqld: ready for connections. Version: '8.0.30'  socket: '/var/run/mysqld/mysqld.sock'  port: 3306  MySQL Community Server - GPL.

RabbitMQ Container logs:
2024-12-03 11:58:14.107058+00:00 [notice] <0.44.0> Application syslog exited with reason: stopped
2024-12-03 11:58:14.109881+00:00 [notice] <0.230.0> Logging: switching to configured handler(s); following messages may not be visible in this log output
2024-12-03 11:58:14.118163+00:00 [notice] <0.230.0> Logging: configured log handlers are now ACTIVE
2024-12-03 11:58:14.224391+00:00 [info] <0.230.0> ra: starting system quorum_queues
2024-12-03 11:58:14.224477+00:00 [info] <0.230.0> starting Ra system: quorum_queues in directory: /var/lib/rabbitmq/mnesia/rabbit@b88b11899848/quorum/rabbit@b88b11899848
2024-12-03 11:58:14.253786+00:00 [info] <0.266.0> ra system 'quorum_queues' running pre init for 0 registered servers
2024-12-03 11:58:14.258875+00:00 [info] <0.267.0> ra: meta data store initialised for system quorum_queues. 0 record(s) recovered
2024-12-03 11:58:14.265803+00:00 [notice] <0.272.0> WAL: ra_log_wal init, open tbls: ra_log_open_mem_tables, closed tbls: ra_log_closed_mem_tables
2024-12-03 11:58:14.273691+00:00 [info] <0.230.0> ra: starting system coordination
2024-12-03 11:58:14.273723+00:00 [info] <0.230.0> starting Ra system: coordination in directory: /var/lib/rabbitmq/mnesia/rabbit@b88b11899848/coordination/rabbit@b88b11899848
2024-12-03 11:58:14.274596+00:00 [info] <0.279.0> ra system 'coordination' running pre init for 0 registered servers
2024-12-03 11:58:14.275000+00:00 [info] <0.280.0> ra: meta data store initialised for system coordination. 0 record(s) recovered
2024-12-03 11:58:14.275094+00:00 [notice] <0.285.0> WAL: ra_coordination_log_wal init, open tbls: ra_coordination_log_open_mem_tables, closed tbls: ra_coordination_log_closed_mem_tables
2024-12-03 11:58:14.277183+00:00 [info] <0.230.0> 
2024-12-03 11:58:14.277183+00:00 [info] <0.230.0>  Starting RabbitMQ 3.11.28 on Erlang 25.3.2.9 [jit]
2024-12-03 11:58:14.277183+00:00 [info] <0.230.0>  Copyright (c) 2007-2023 Broadcom Inc and/or its subsidiaries
2024-12-03 11:58:14.277183+00:00 [info] <0.230.0>  Licensed under the MPL 2.0. Website: https://rabbitmq.com

  ##  ##      RabbitMQ 3.11.28
  ##  ##
  ##########  Copyright (c) 2007-2023 Broadcom Inc and/or its subsidiaries
  ######  ##
  ##########  Licensed under the MPL 2.0. Website: https://rabbitmq.com

  Erlang:      25.3.2.9 [jit]
  TLS Library: OpenSSL - OpenSSL 3.1.5 30 Jan 2024
  Release series support status: supported

  Doc guides:  https://rabbitmq.com/documentation.html
  Support:     https://rabbitmq.com/contact.html
  Tutorials:   https://rabbitmq.com/getstarted.html
  Monitoring:  https://rabbitmq.com/monitoring.html

  Logs: /var/log/rabbitmq/rabbit@b88b11899848_upgrade.log
        <stdout>

  Config file(s): /etc/rabbitmq/conf.d/10-defaults.conf

  Starting broker...2024-12-03 11:58:14.277898+00:00 [info] <0.230.0> 
2024-12-03 11:58:14.277898+00:00 [info] <0.230.0>  node           : rabbit@b88b11899848
2024-12-03 11:58:14.277898+00:00 [info] <0.230.0>  home dir       : /var/lib/rabbitmq
2024-12-03 11:58:14.277898+00:00 [info] <0.230.0>  config file(s) : /etc/rabbitmq/conf.d/10-defaults.conf
2024-12-03 11:58:14.277898+00:00 [info] <0.230.0>  cookie hash    : cefUYgo//4ohXY0R3pjxJA==
2024-12-03 11:58:14.277898+00:00 [info] <0.230.0>  log(s)         : /var/log/rabbitmq/rabbit@b88b11899848_upgrade.log
2024-12-03 11:58:14.277898+00:00 [info] <0.230.0>                 : <stdout>
2024-12-03 11:58:14.277898+00:00 [info] <0.230.0>  database dir   : /var/lib/rabbitmq/mnesia/rabbit@b88b11899848
2024-12-03 11:58:15.678332+00:00 [info] <0.230.0> Running boot step pre_boot defined by app rabbit
2024-12-03 11:58:15.678416+00:00 [info] <0.230.0> Running boot step rabbit_global_counters defined by app rabbit
2024-12-03 11:58:15.678779+00:00 [info] <0.230.0> Running boot step rabbit_osiris_metrics defined by app rabbit
2024-12-03 11:58:15.678903+00:00 [info] <0.230.0> Running boot step rabbit_core_metrics defined by app rabbit
2024-12-03 11:58:15.679562+00:00 [info] <0.230.0> Running boot step rabbit_alarm defined by app rabbit
2024-12-03 11:58:15.681700+00:00 [info] <0.300.0> Memory high watermark set to 6225 MiB (6528185139 bytes) of 15564 MiB (16320462848 bytes) total
2024-12-03 11:58:15.683160+00:00 [info] <0.302.0> Enabling free disk space monitoring (disk free space: 994951135232, total memory: 16320462848)
2024-12-03 11:58:15.683193+00:00 [info] <0.302.0> Disk free limit set to 50MB
2024-12-03 11:58:15.684045+00:00 [info] <0.230.0> Running boot step code_server_cache defined by app rabbit
2024-12-03 11:58:15.684100+00:00 [info] <0.230.0> Running boot step file_handle_cache defined by app rabbit
2024-12-03 11:58:15.684209+00:00 [info] <0.305.0> Limiting to approx 1048479 file handles (943629 sockets)
2024-12-03 11:58:15.684295+00:00 [info] <0.306.0> FHC read buffering: OFF
2024-12-03 11:58:15.684336+00:00 [info] <0.306.0> FHC write buffering: ON
2024-12-03 11:58:15.684624+00:00 [info] <0.230.0> Running boot step worker_pool defined by app rabbit
2024-12-03 11:58:15.684694+00:00 [info] <0.287.0> Will use 16 processes for default worker pool
2024-12-03 11:58:15.684734+00:00 [info] <0.287.0> Starting worker pool 'worker_pool' with 16 processes in it
2024-12-03 11:58:15.685034+00:00 [info] <0.230.0> Running boot step database defined by app rabbit
2024-12-03 11:58:15.685215+00:00 [info] <0.230.0> Node database directory at /var/lib/rabbitmq/mnesia/rabbit@b88b11899848 is empty. Assuming we need to join an existing cluster or initialise from scratch...
2024-12-03 11:58:15.685275+00:00 [info] <0.230.0> Configured peer discovery backend: rabbit_peer_discovery_classic_config
2024-12-03 11:58:15.685295+00:00 [info] <0.230.0> Will try to lock with peer discovery backend rabbit_peer_discovery_classic_config
2024-12-03 11:58:15.685344+00:00 [info] <0.230.0> All discovered existing cluster peers:
2024-12-03 11:58:15.685367+00:00 [info] <0.230.0> Discovered no peer nodes to cluster with. Some discovery backends can filter nodes out based on a readiness criteria. Enabling debug logging might help troubleshoot.
2024-12-03 11:58:15.686640+00:00 [notice] <0.44.0> Application mnesia exited with reason: stopped
2024-12-03 11:58:15.751714+00:00 [info] <0.230.0> Waiting for Mnesia tables for 30000 ms, 9 retries left
2024-12-03 11:58:15.751792+00:00 [info] <0.230.0> Successfully synced tables from a peer
2024-12-03 11:58:15.757589+00:00 [info] <0.230.0> Feature flags: `feature_flags_v2`: supported, attempt to enable...
2024-12-03 11:58:15.771405+00:00 [notice] <0.288.0> Feature flags: attempt to enable `classic_mirrored_queue_version`...
2024-12-03 11:58:15.784586+00:00 [notice] <0.288.0> Feature flags: `classic_mirrored_queue_version` enabled
2024-12-03 11:58:15.784841+00:00 [notice] <0.288.0> Feature flags: attempt to enable `classic_queue_type_delivery_support`...
2024-12-03 11:58:15.791576+00:00 [notice] <0.288.0> Feature flags: attempt to enable `stream_queue`...
2024-12-03 11:58:15.805571+00:00 [notice] <0.288.0> Feature flags: `stream_queue` enabled
2024-12-03 11:58:15.812632+00:00 [notice] <0.288.0> Feature flags: `classic_queue_type_delivery_support` enabled
2024-12-03 11:58:15.812974+00:00 [notice] <0.288.0> Feature flags: attempt to enable `direct_exchange_routing_v2`...
2024-12-03 11:58:15.819083+00:00 [info] <0.511.0> Waiting for Mnesia tables for 30000 ms, 9 retries left
2024-12-03 11:58:15.819162+00:00 [info] <0.511.0> Successfully synced tables from a peer
2024-12-03 11:58:15.829862+00:00 [notice] <0.288.0> Feature flags: `direct_exchange_routing_v2` enabled
2024-12-03 11:58:15.830218+00:00 [notice] <0.288.0> Feature flags: attempt to enable `drop_unroutable_metric`...
2024-12-03 11:58:15.843846+00:00 [notice] <0.288.0> Feature flags: `drop_unroutable_metric` enabled
2024-12-03 11:58:15.844384+00:00 [notice] <0.288.0> Feature flags: attempt to enable `empty_basic_get_metric`...
2024-12-03 11:58:15.858267+00:00 [notice] <0.288.0> Feature flags: `empty_basic_get_metric` enabled
2024-12-03 11:58:15.858886+00:00 [notice] <0.288.0> Feature flags: attempt to enable `listener_records_in_ets`...
2024-12-03 11:58:15.881587+00:00 [notice] <0.288.0> Feature flags: `listener_records_in_ets` enabled
2024-12-03 11:58:15.882508+00:00 [notice] <0.288.0> Feature flags: attempt to enable `stream_sac_coordinator_unblock_group`...
2024-12-03 11:58:15.889731+00:00 [notice] <0.288.0> Feature flags: attempt to enable `stream_single_active_consumer`...
2024-12-03 11:58:15.903236+00:00 [notice] <0.288.0> Feature flags: `stream_single_active_consumer` enabled
2024-12-03 11:58:15.910425+00:00 [notice] <0.288.0> Feature flags: `stream_sac_coordinator_unblock_group` enabled
2024-12-03 11:58:15.910993+00:00 [notice] <0.288.0> Feature flags: attempt to enable `tracking_records_in_ets`...
2024-12-03 11:58:15.923783+00:00 [notice] <0.288.0> Feature flags: `tracking_records_in_ets` enabled
2024-12-03 11:58:15.924306+00:00 [info] <0.230.0> Waiting for Mnesia tables for 30000 ms, 9 retries left
2024-12-03 11:58:15.924372+00:00 [info] <0.230.0> Successfully synced tables from a peer
2024-12-03 11:58:15.931530+00:00 [info] <0.230.0> Waiting for Mnesia tables for 30000 ms, 9 retries left
2024-12-03 11:58:15.931612+00:00 [info] <0.230.0> Successfully synced tables from a peer
2024-12-03 11:58:15.931630+00:00 [info] <0.230.0> Peer discovery backend rabbit_peer_discovery_classic_config does not support registration, skipping registration.
2024-12-03 11:58:15.931696+00:00 [info] <0.230.0> Will try to unlock with peer discovery backend rabbit_peer_discovery_classic_config
2024-12-03 11:58:15.931779+00:00 [info] <0.230.0> Running boot step tracking_metadata_store defined by app rabbit
2024-12-03 11:58:15.931855+00:00 [info] <0.644.0> Setting up a table for connection tracking on this node: tracked_connection
2024-12-03 11:58:15.931930+00:00 [info] <0.644.0> Setting up a table for per-vhost connection counting on this node: tracked_connection_per_vhost
2024-12-03 11:58:15.931974+00:00 [info] <0.644.0> Setting up a table for per-user connection counting on this node: tracked_connection_per_user
2024-12-03 11:58:15.932002+00:00 [info] <0.644.0> Setting up a table for channel tracking on this node: tracked_channel
2024-12-03 11:58:15.932028+00:00 [info] <0.644.0> Setting up a table for channel tracking on this node: tracked_channel_per_user
2024-12-03 11:58:15.932083+00:00 [info] <0.230.0> Running boot step networking_metadata_store defined by app rabbit
2024-12-03 11:58:15.932164+00:00 [info] <0.230.0> Running boot step database_sync defined by app rabbit
2024-12-03 11:58:15.932233+00:00 [info] <0.230.0> Running boot step feature_flags defined by app rabbit
2024-12-03 11:58:15.932323+00:00 [info] <0.230.0> Running boot step codec_correctness_check defined by app rabbit
2024-12-03 11:58:15.932363+00:00 [info] <0.230.0> Running boot step external_infrastructure defined by app rabbit
2024-12-03 11:58:15.932383+00:00 [info] <0.230.0> Running boot step rabbit_event defined by app rabbit
2024-12-03 11:58:15.932502+00:00 [info] <0.230.0> Running boot step rabbit_registry defined by app rabbit
2024-12-03 11:58:15.932571+00:00 [info] <0.230.0> Running boot step rabbit_auth_mechanism_amqplain defined by app rabbit
2024-12-03 11:58:15.932611+00:00 [info] <0.230.0> Running boot step rabbit_auth_mechanism_cr_demo defined by app rabbit
2024-12-03 11:58:15.932654+00:00 [info] <0.230.0> Running boot step rabbit_auth_mechanism_plain defined by app rabbit
2024-12-03 11:58:15.932679+00:00 [info] <0.230.0> Running boot step rabbit_exchange_type_direct defined by app rabbit
2024-12-03 11:58:15.932702+00:00 [info] <0.230.0> Running boot step rabbit_exchange_type_fanout defined by app rabbit
2024-12-03 11:58:15.932720+00:00 [info] <0.230.0> Running boot step rabbit_exchange_type_headers defined by app rabbit
2024-12-03 11:58:15.932791+00:00 [info] <0.230.0> Running boot step rabbit_exchange_type_topic defined by app rabbit
2024-12-03 11:58:15.932863+00:00 [info] <0.230.0> Running boot step rabbit_mirror_queue_mode_all defined by app rabbit
2024-12-03 11:58:15.932930+00:00 [info] <0.230.0> Running boot step rabbit_mirror_queue_mode_exactly defined by app rabbit
2024-12-03 11:58:15.932997+00:00 [info] <0.230.0> Running boot step rabbit_mirror_queue_mode_nodes defined by app rabbit
2024-12-03 11:58:15.933052+00:00 [info] <0.230.0> Running boot step rabbit_priority_queue defined by app rabbit
2024-12-03 11:58:15.933079+00:00 [info] <0.230.0> Priority queues enabled, real BQ is rabbit_variable_queue
2024-12-03 11:58:15.933176+00:00 [info] <0.230.0> Running boot step rabbit_queue_location_client_local defined by app rabbit
2024-12-03 11:58:15.933245+00:00 [info] <0.230.0> Running boot step rabbit_queue_location_min_masters defined by app rabbit
2024-12-03 11:58:15.933297+00:00 [info] <0.230.0> Running boot step rabbit_queue_location_random defined by app rabbit
2024-12-03 11:58:15.933351+00:00 [info] <0.230.0> Running boot step kernel_ready defined by app rabbit
2024-12-03 11:58:15.933368+00:00 [info] <0.230.0> Running boot step rabbit_sysmon_minder defined by app rabbit
2024-12-03 11:58:15.933505+00:00 [info] <0.230.0> Running boot step rabbit_epmd_monitor defined by app rabbit
2024-12-03 11:58:15.934051+00:00 [info] <0.653.0> epmd monitor knows us, inter-node communication (distribution) port: 25672
2024-12-03 11:58:15.934119+00:00 [info] <0.230.0> Running boot step guid_generator defined by app rabbit
2024-12-03 11:58:15.936085+00:00 [info] <0.230.0> Running boot step rabbit_node_monitor defined by app rabbit
2024-12-03 11:58:15.936184+00:00 [info] <0.657.0> Starting rabbit_node_monitor (in ignore mode)
2024-12-03 11:58:15.936247+00:00 [info] <0.230.0> Running boot step delegate_sup defined by app rabbit
2024-12-03 11:58:15.936619+00:00 [info] <0.230.0> Running boot step rabbit_memory_monitor defined by app rabbit
2024-12-03 11:58:15.936787+00:00 [info] <0.230.0> Running boot step rabbit_fifo_dlx_sup defined by app rabbit
2024-12-03 11:58:15.936843+00:00 [info] <0.230.0> Running boot step core_initialized defined by app rabbit
2024-12-03 11:58:15.936858+00:00 [info] <0.230.0> Running boot step upgrade_queues defined by app rabbit
2024-12-03 11:58:15.940708+00:00 [info] <0.230.0> message_store upgrades: 1 to apply
2024-12-03 11:58:15.940800+00:00 [info] <0.230.0> message_store upgrades: Applying rabbit_variable_queue:move_messages_to_vhost_store
2024-12-03 11:58:15.940900+00:00 [info] <0.230.0> message_store upgrades: No durable queues found. Skipping message store migration
2024-12-03 11:58:15.940934+00:00 [info] <0.230.0> message_store upgrades: Removing the old message store data
2024-12-03 11:58:15.941586+00:00 [info] <0.230.0> message_store upgrades: All upgrades applied successfully
2024-12-03 11:58:15.946045+00:00 [info] <0.230.0> Running boot step channel_tracking defined by app rabbit
2024-12-03 11:58:15.946085+00:00 [info] <0.230.0> Running boot step rabbit_channel_tracking_handler defined by app rabbit
2024-12-03 11:58:15.946179+00:00 [info] <0.230.0> Running boot step connection_tracking defined by app rabbit
2024-12-03 11:58:15.946207+00:00 [info] <0.230.0> Running boot step rabbit_connection_tracking_handler defined by app rabbit
2024-12-03 11:58:15.946346+00:00 [info] <0.230.0> Running boot step rabbit_definitions_hashing defined by app rabbit
2024-12-03 11:58:15.946409+00:00 [info] <0.230.0> Running boot step rabbit_exchange_parameters defined by app rabbit
2024-12-03 11:58:15.946520+00:00 [info] <0.230.0> Running boot step rabbit_mirror_queue_misc defined by app rabbit
2024-12-03 11:58:15.946841+00:00 [info] <0.230.0> Running boot step rabbit_policies defined by app rabbit
2024-12-03 11:58:15.947085+00:00 [info] <0.230.0> Running boot step rabbit_policy defined by app rabbit
2024-12-03 11:58:15.947117+00:00 [info] <0.230.0> Running boot step rabbit_queue_location_validator defined by app rabbit
2024-12-03 11:58:15.947140+00:00 [info] <0.230.0> Running boot step rabbit_quorum_memory_manager defined by app rabbit
2024-12-03 11:58:15.947172+00:00 [info] <0.230.0> Running boot step rabbit_stream_coordinator defined by app rabbit
2024-12-03 11:58:15.947276+00:00 [info] <0.230.0> Running boot step rabbit_vhost_limit defined by app rabbit
2024-12-03 11:58:15.947340+00:00 [info] <0.230.0> Running boot step rabbit_mgmt_reset_handler defined by app rabbitmq_management
2024-12-03 11:58:15.947399+00:00 [info] <0.230.0> Running boot step rabbit_mgmt_db_handler defined by app rabbitmq_management_agent
2024-12-03 11:58:15.947438+00:00 [info] <0.230.0> Management plugin: using rates mode 'basic'
2024-12-03 11:58:15.947726+00:00 [info] <0.230.0> Running boot step recovery defined by app rabbit
2024-12-03 11:58:15.948349+00:00 [info] <0.230.0> Running boot step empty_db_check defined by app rabbit
2024-12-03 11:58:15.948398+00:00 [info] <0.230.0> Will seed default virtual host and user...
2024-12-03 11:58:15.948450+00:00 [info] <0.230.0> Adding vhost '/' (description: 'Default virtual host', tags: [])
2024-12-03 11:58:15.960077+00:00 [info] <0.699.0> Making sure data directory '/var/lib/rabbitmq/mnesia/rabbit@b88b11899848/msg_stores/vhosts/628WB79CIFDYO9LJI6DKMI09L' for vhost '/' exists
2024-12-03 11:58:15.960931+00:00 [info] <0.699.0> Setting segment_entry_count for vhost '/' with 0 queues to '2048'
2024-12-03 11:58:15.963035+00:00 [info] <0.699.0> Starting message stores for vhost '/'
2024-12-03 11:58:15.963261+00:00 [info] <0.704.0> Message store "628WB79CIFDYO9LJI6DKMI09L/msg_store_transient": using rabbit_msg_store_ets_index to provide index
2024-12-03 11:58:15.964210+00:00 [info] <0.699.0> Started message store of type transient for vhost '/'
2024-12-03 11:58:15.964300+00:00 [info] <0.708.0> Message store "628WB79CIFDYO9LJI6DKMI09L/msg_store_persistent": using rabbit_msg_store_ets_index to provide index
2024-12-03 11:58:15.964885+00:00 [warning] <0.708.0> Message store "628WB79CIFDYO9LJI6DKMI09L/msg_store_persistent": rebuilding indices from scratch
2024-12-03 11:58:15.965338+00:00 [info] <0.699.0> Started message store of type persistent for vhost '/'
2024-12-03 11:58:15.965411+00:00 [info] <0.699.0> Recovering 0 queues of type rabbit_classic_queue took 4ms
2024-12-03 11:58:15.965448+00:00 [info] <0.699.0> Recovering 0 queues of type rabbit_quorum_queue took 0ms
2024-12-03 11:58:15.965466+00:00 [info] <0.699.0> Recovering 0 queues of type rabbit_stream_queue took 0ms
2024-12-03 11:58:15.967562+00:00 [info] <0.230.0> Created user 'guest'
2024-12-03 11:58:15.969041+00:00 [info] <0.230.0> Successfully set user tags for user 'guest' to [administrator]
2024-12-03 11:58:15.970425+00:00 [info] <0.230.0> Successfully set permissions for 'guest' in virtual host '/' to '.*', '.*', '.*'
2024-12-03 11:58:15.970461+00:00 [info] <0.230.0> Running boot step rabbit_observer_cli defined by app rabbit
2024-12-03 11:58:15.970496+00:00 [info] <0.230.0> Running boot step rabbit_looking_glass defined by app rabbit
2024-12-03 11:58:15.970529+00:00 [info] <0.230.0> Running boot step rabbit_core_metrics_gc defined by app rabbit
2024-12-03 11:58:15.970637+00:00 [info] <0.230.0> Running boot step background_gc defined by app rabbit
2024-12-03 11:58:15.970714+00:00 [info] <0.230.0> Running boot step routing_ready defined by app rabbit
2024-12-03 11:58:15.970752+00:00 [info] <0.230.0> Running boot step pre_flight defined by app rabbit
2024-12-03 11:58:15.970767+00:00 [info] <0.230.0> Running boot step notify_cluster defined by app rabbit
2024-12-03 11:58:15.970819+00:00 [info] <0.230.0> Running boot step networking defined by app rabbit
2024-12-03 11:58:15.970869+00:00 [info] <0.230.0> Running boot step definition_import_worker_pool defined by app rabbit
2024-12-03 11:58:15.970947+00:00 [info] <0.287.0> Starting worker pool 'definition_import_pool' with 16 processes in it
2024-12-03 11:58:15.971619+00:00 [info] <0.230.0> Running boot step cluster_name defined by app rabbit
2024-12-03 11:58:15.971675+00:00 [info] <0.230.0> Initialising internal cluster ID to 'rabbitmq-cluster-id-w1Odt-PBOfjz-5H9QWv1xw'
2024-12-03 11:58:15.973149+00:00 [info] <0.230.0> Running boot step direct_client defined by app rabbit
2024-12-03 11:58:15.973208+00:00 [info] <0.230.0> Running boot step rabbit_maintenance_mode_state defined by app rabbit
2024-12-03 11:58:15.973233+00:00 [info] <0.230.0> Creating table rabbit_node_maintenance_states for maintenance mode status
2024-12-03 11:58:15.975717+00:00 [info] <0.230.0> Running boot step rabbit_management_load_definitions defined by app rabbitmq_management
2024-12-03 11:58:15.975835+00:00 [info] <0.758.0> Resetting node maintenance status
2024-12-03 11:58:15.983358+00:00 [info] <0.817.0> Management plugin: HTTP (non-TLS) listener started on port 15672
2024-12-03 11:58:15.983463+00:00 [info] <0.845.0> Statistics database started.
2024-12-03 11:58:15.983508+00:00 [info] <0.844.0> Starting worker pool 'management_worker_pool' with 3 processes in it
2024-12-03 11:58:15.987688+00:00 [info] <0.859.0> Prometheus metrics: HTTP (non-TLS) listener started on port 15692
2024-12-03 11:58:15.987766+00:00 [info] <0.758.0> Ready to start client connection listeners
2024-12-03 11:58:15.988663+00:00 [info] <0.903.0> started TCP listener on [::]:5672
 completed with 4 plugins.
2024-12-03 11:58:16.029910+00:00 [info] <0.758.0> Server startup complete; 4 plugins started.
2024-12-03 11:58:16.029910+00:00 [info] <0.758.0>  * rabbitmq_prometheus
2024-12-03 11:58:16.029910+00:00 [info] <0.758.0>  * rabbitmq_management
2024-12-03 11:58:16.029910+00:00 [info] <0.758.0>  * rabbitmq_management_agent
2024-12-03 11:58:16.029910+00:00 [info] <0.758.0>  * rabbitmq_web_dispatch
2024-12-03 11:58:16.085501+00:00 [info] <0.905.0> Successfully changed password for user 'guest'
2024-12-03 11:58:16.085571+00:00 [info] <0.905.0> Successfully set user tags for user 'guest' to []
2024-12-03 11:58:16.176893+00:00 [info] <0.9.0> Time to start RabbitMQ: 3439713 us

]]></system-out>
  <system-err><![CDATA[WARNING: A Java agent has been loaded dynamically (C:\Users\Leonid\.gradle\caches\modules-2\files-2.1\net.bytebuddy\byte-buddy-agent\1.14.5\20f4e9b9d0ffb953657bfa4b92c0cceb27907d58\byte-buddy-agent-1.14.5.jar)
WARNING: If a serviceability tool is in use, please run with -XX:+EnableDynamicAgentLoading to hide this warning
WARNING: If a serviceability tool is not in use, please run with -Djdk.instrument.traceUsage for more information
WARNING: Dynamic loading of agents will be disallowed by default in a future release
]]></system-err>
</testsuite>
