<?xml version="1.0" encoding="UTF-8"?>
<testsuite name="LobbyTesting" tests="3" skipped="0" failures="0" errors="0" timestamp="2024-12-12T09:23:39" hostname="JOSIES-LAPTOP" time="0.17">
  <properties/>
  <testcase name="shouldInitializeLobbyWithCorrectValuesWithOutGuestPlayer()" classname="LobbyTesting" time="0.113"/>
  <testcase name="shouldThrowExceptionWhenAddingPlayerToFullLobby()" classname="LobbyTesting" time="0.027"/>
  <testcase name="shouldSaveLobbyAfterAddingPlayer()" classname="LobbyTesting" time="0.021"/>
  <system-out><![CDATA[
  .   ____          _            __ _ _
 /\\ / ___'_ __ _ _(_)_ __  __ _ \ \ \ \
( ( )\___ | '_ | '_| | '_ \/ _` | \ \ \ \
 \\/  ___)| |_)| | | | | || (_| |  ) ) ) )
  '  |____| .__|_| |_|_| |_\__, | / / / /
 =========|_|==============|___/=/_/_/_/
 :: Spring Boot ::                (v3.1.1)

2024-12-12T10:23:32.570+01:00  INFO 17032 --- [    Test worker] LobbyTesting                             : Starting LobbyTesting using Java 21.0.5 with PID 17032 (started by josia in C:\Users\josia\projects_2025\bandit-games\lobby)
2024-12-12T10:23:32.577+01:00  INFO 17032 --- [    Test worker] LobbyTesting                             : No active profile set, falling back to 1 default profile: "default"
2024-12-12T10:23:39.421+01:00  INFO 17032 --- [    Test worker] o.s.b.a.e.web.EndpointLinksResolver      : Exposing 1 endpoint(s) beneath base path '/actuator'
2024-12-12T10:23:39.561+01:00  INFO 17032 --- [    Test worker] LobbyTesting                             : Started LobbyTesting in 7.843 seconds (process running for 10.424)
]]></system-out>
  <system-err><![CDATA[WARNING: A Java agent has been loaded dynamically (C:\Users\josia\.gradle\caches\modules-2\files-2.1\net.bytebuddy\byte-buddy-agent\1.14.5\20f4e9b9d0ffb953657bfa4b92c0cceb27907d58\byte-buddy-agent-1.14.5.jar)
WARNING: If a serviceability tool is in use, please run with -XX:+EnableDynamicAgentLoading to hide this warning
WARNING: If a serviceability tool is not in use, please run with -Djdk.instrument.traceUsage for more information
WARNING: Dynamic loading of agents will be disallowed by default in a future release
]]></system-err>
</testsuite>
