<?xml version="1.0" encoding="UTF-8"?>
<testsuite name="LobbyTesting" tests="3" skipped="0" failures="0" errors="0" timestamp="2025-01-13T20:50:34" hostname="JOSIE" time="0.055">
  <properties/>
  <testcase name="shouldInitializeLobbyWithCorrectValuesWithOutGuestPlayer()" classname="LobbyTesting" time="0.039"/>
  <testcase name="shouldThrowExceptionWhenAddingPlayerToFullLobby()" classname="LobbyTesting" time="0.006"/>
  <testcase name="shouldSaveLobbyAfterAddingPlayer()" classname="LobbyTesting" time="0.008"/>
  <system-out><![CDATA[
  .   ____          _            __ _ _
 /\\ / ___'_ __ _ _(_)_ __  __ _ \ \ \ \
( ( )\___ | '_ | '_| | '_ \/ _` | \ \ \ \
 \\/  ___)| |_)| | | | | || (_| |  ) ) ) )
  '  |____| .__|_| |_|_| |_\__, | / / / /
 =========|_|==============|___/=/_/_/_/
 :: Spring Boot ::                (v3.1.1)

2025-01-13T21:50:31.546+01:00  INFO 17912 --- [    Test worker] LobbyTesting                             : Starting LobbyTesting using Java 21.0.5 with PID 17912 (started by josia in C:\Users\josia\IdeaProjects\bandit-games\lobby)
2025-01-13T21:50:31.551+01:00  INFO 17912 --- [    Test worker] LobbyTesting                             : No active profile set, falling back to 1 default profile: "default"
2025-01-13T21:50:34.197+01:00  WARN 17912 --- [    Test worker] .s.s.UserDetailsServiceAutoConfiguration : 

Using generated security password: 94b25252-e6b6-4e88-9978-82d60700c45e

This generated password is for development use only. Your security configuration must be updated before running your application in production.

2025-01-13T21:50:34.297+01:00  INFO 17912 --- [    Test worker] o.s.b.a.e.web.EndpointLinksResolver      : Exposing 1 endpoint(s) beneath base path '/actuator'
2025-01-13T21:50:34.308+01:00  INFO 17912 --- [    Test worker] o.s.s.web.DefaultSecurityFilterChain     : Will secure any request with [org.springframework.security.web.session.DisableEncodeUrlFilter@4861df70, org.springframework.security.web.context.request.async.WebAsyncManagerIntegrationFilter@402ceac2, org.springframework.security.web.context.SecurityContextHolderFilter@41cf885f, org.springframework.security.web.header.HeaderWriterFilter@778bdf42, org.springframework.web.filter.CorsFilter@1613e5ab, org.springframework.security.web.csrf.CsrfFilter@146b1d42, org.springframework.security.web.authentication.logout.LogoutFilter@5d16f27b, org.springframework.security.web.authentication.UsernamePasswordAuthenticationFilter@7cff8996, org.springframework.security.web.authentication.ui.DefaultLoginPageGeneratingFilter@130cad14, org.springframework.security.web.authentication.ui.DefaultLogoutPageGeneratingFilter@580930b7, org.springframework.security.web.authentication.www.BasicAuthenticationFilter@724f5157, org.springframework.security.web.savedrequest.RequestCacheAwareFilter@24037ea, org.springframework.security.web.servletapi.SecurityContextHolderAwareRequestFilter@623f27a9, org.springframework.security.web.authentication.AnonymousAuthenticationFilter@1e55ee99, org.springframework.security.web.access.ExceptionTranslationFilter@2d8ef86b, org.springframework.security.web.access.intercept.AuthorizationFilter@6a6b5f00]
2025-01-13T21:50:34.386+01:00  INFO 17912 --- [    Test worker] LobbyTesting                             : Started LobbyTesting in 3.066 seconds (process running for 4.21)
]]></system-out>
  <system-err><![CDATA[WARNING: A Java agent has been loaded dynamically (C:\Users\josia\.gradle\caches\modules-2\files-2.1\net.bytebuddy\byte-buddy-agent\1.14.5\20f4e9b9d0ffb953657bfa4b92c0cceb27907d58\byte-buddy-agent-1.14.5.jar)
WARNING: If a serviceability tool is in use, please run with -XX:+EnableDynamicAgentLoading to hide this warning
WARNING: If a serviceability tool is not in use, please run with -Djdk.instrument.traceUsage for more information
WARNING: Dynamic loading of agents will be disallowed by default in a future release
]]></system-err>
</testsuite>
