<?xml version="1.0" encoding="UTF-8"?>
<testsuite name="LobbyTesting" tests="3" skipped="0" failures="0" errors="0" timestamp="2025-01-03T17:07:11" hostname="JOSIE" time="0.051">
  <properties/>
  <testcase name="shouldInitializeLobbyWithCorrectValuesWithOutGuestPlayer()" classname="LobbyTesting" time="0.035"/>
  <testcase name="shouldThrowExceptionWhenAddingPlayerToFullLobby()" classname="LobbyTesting" time="0.006"/>
  <testcase name="shouldSaveLobbyAfterAddingPlayer()" classname="LobbyTesting" time="0.007"/>
  <system-out><![CDATA[
  .   ____          _            __ _ _
 /\\ / ___'_ __ _ _(_)_ __  __ _ \ \ \ \
( ( )\___ | '_ | '_| | '_ \/ _` | \ \ \ \
 \\/  ___)| |_)| | | | | || (_| |  ) ) ) )
  '  |____| .__|_| |_|_| |_\__, | / / / /
 =========|_|==============|___/=/_/_/_/
 :: Spring Boot ::                (v3.1.1)

2025-01-03T18:07:09.392+01:00  INFO 21656 --- [    Test worker] LobbyTesting                             : Starting LobbyTesting using Java 21.0.5 with PID 21656 (started by josia in C:\Users\josia\IdeaProjects\bandit-games\lobby)
2025-01-03T18:07:09.394+01:00  INFO 21656 --- [    Test worker] LobbyTesting                             : No active profile set, falling back to 1 default profile: "default"
2025-01-03T18:07:11.295+01:00  INFO 21656 --- [    Test worker] o.s.b.a.e.web.EndpointLinksResolver      : Exposing 1 endpoint(s) beneath base path '/actuator'
2025-01-03T18:07:11.329+01:00  INFO 21656 --- [    Test worker] LobbyTesting                             : Started LobbyTesting in 2.146 seconds (process running for 2.816)
]]></system-out>
  <system-err><![CDATA[WARNING: A Java agent has been loaded dynamically (C:\Users\josia\.gradle\caches\modules-2\files-2.1\net.bytebuddy\byte-buddy-agent\1.14.5\20f4e9b9d0ffb953657bfa4b92c0cceb27907d58\byte-buddy-agent-1.14.5.jar)
WARNING: If a serviceability tool is in use, please run with -XX:+EnableDynamicAgentLoading to hide this warning
WARNING: If a serviceability tool is not in use, please run with -Djdk.instrument.traceUsage for more information
WARNING: Dynamic loading of agents will be disallowed by default in a future release
]]></system-err>
</testsuite>
