<?xml version="1.0" encoding="UTF-8"?>
<testsuite name="LobbyTestUseCase" tests="3" skipped="0" failures="0" errors="0" timestamp="2024-12-01T07:07:26" hostname="archlinux" time="0.032">
  <properties/>
  <testcase name="shouldInitializeLobbyWithCorrectValuesWithOutGuestPlayer()" classname="LobbyTestUseCase" time="0.019"/>
  <testcase name="shouldThrowExceptionWhenAddingPlayerToFullLobby()" classname="LobbyTestUseCase" time="0.004"/>
  <testcase name="shouldSaveLobbyAfterAddingPlayer()" classname="LobbyTestUseCase" time="0.007"/>
  <system-out><![CDATA[
  .   ____          _            __ _ _
 /\\ / ___'_ __ _ _(_)_ __  __ _ \ \ \ \
( ( )\___ | '_ | '_| | '_ \/ _` | \ \ \ \
 \\/  ___)| |_)| | | | | || (_| |  ) ) ) )
  '  |____| .__|_| |_|_| |_\__, | / / / /
 =========|_|==============|___/=/_/_/_/
 :: Spring Boot ::                (v3.1.1)

2024-12-01T08:07:25.118+01:00  INFO 21330 --- [    Test worker] LobbyTestUseCase                         : Starting LobbyTestUseCase using Java 21.0.5 with PID 21330 (started by ali in /home/ali/IdeaProjects/bandit-games_REAL/lobby)
2024-12-01T08:07:25.121+01:00  INFO 21330 --- [    Test worker] LobbyTestUseCase                         : No active profile set, falling back to 1 default profile: "default"
2024-12-01T08:07:26.709+01:00  INFO 21330 --- [    Test worker] o.s.b.a.e.web.EndpointLinksResolver      : Exposing 1 endpoint(s) beneath base path '/actuator'
2024-12-01T08:07:26.734+01:00  INFO 21330 --- [    Test worker] LobbyTestUseCase                         : Started LobbyTestUseCase in 1.772 seconds (process running for 2.29)
]]></system-out>
  <system-err><![CDATA[WARNING: A Java agent has been loaded dynamically (/home/ali/.gradle/caches/modules-2/files-2.1/net.bytebuddy/byte-buddy-agent/1.14.5/20f4e9b9d0ffb953657bfa4b92c0cceb27907d58/byte-buddy-agent-1.14.5.jar)
WARNING: If a serviceability tool is in use, please run with -XX:+EnableDynamicAgentLoading to hide this warning
WARNING: If a serviceability tool is not in use, please run with -Djdk.instrument.traceUsage for more information
WARNING: Dynamic loading of agents will be disallowed by default in a future release
]]></system-err>
</testsuite>
