<?xml version="1.0" encoding="UTF-8"?>
<testsuite name="GameUseCaseImpTest" tests="5" skipped="0" failures="0" errors="0" timestamp="2024-12-01T07:09:50" hostname="archlinux" time="0.046">
  <properties/>
  <testcase name="markGameAsFavourite_GameNotFound_ShouldThrowException()" classname="GameUseCaseImpTest" time="0.027"/>
  <testcase name="markGameAsFavourite()" classname="GameUseCaseImpTest" time="0.006"/>
  <testcase name="markGameAsFavourite_GameAlreadyMarked_ShouldThrowException()" classname="GameUseCaseImpTest" time="0.003"/>
  <testcase name="givePlayerAnAchievement()" classname="GameUseCaseImpTest" time="0.003"/>
  <testcase name="givePlayerAnAchievement_AchievementAlreadyEarned_ShouldThrowException()" classname="GameUseCaseImpTest" time="0.003"/>
  <system-out><![CDATA[
  .   ____          _            __ _ _
 /\\ / ___'_ __ _ _(_)_ __  __ _ \ \ \ \
( ( )\___ | '_ | '_| | '_ \/ _` | \ \ \ \
 \\/  ___)| |_)| | | | | || (_| |  ) ) ) )
  '  |____| .__|_| |_|_| |_\__, | / / / /
 =========|_|==============|___/=/_/_/_/
 :: Spring Boot ::                (v3.1.1)

2024-12-01T08:09:48.791+01:00  INFO 22129 --- [    Test worker] GameUseCaseImpTest                       : Starting GameUseCaseImpTest using Java 21.0.5 with PID 22129 (started by ali in /home/ali/IdeaProjects/bandit-games_REAL/library)
2024-12-01T08:09:48.792+01:00  INFO 22129 --- [    Test worker] GameUseCaseImpTest                       : No active profile set, falling back to 1 default profile: "default"
2024-12-01T08:09:50.223+01:00  INFO 22129 --- [    Test worker] o.s.b.t.m.w.SpringBootMockServletContext : Initializing Spring TestDispatcherServlet ''
2024-12-01T08:09:50.223+01:00  INFO 22129 --- [    Test worker] o.s.t.web.servlet.TestDispatcherServlet  : Initializing Servlet ''
2024-12-01T08:09:50.229+01:00  INFO 22129 --- [    Test worker] o.s.b.a.e.web.EndpointLinksResolver      : Exposing 1 endpoint(s) beneath base path '/actuator'
2024-12-01T08:09:50.234+01:00  INFO 22129 --- [    Test worker] o.s.t.web.servlet.TestDispatcherServlet  : Completed initialization in 10 ms
2024-12-01T08:09:50.258+01:00  INFO 22129 --- [    Test worker] GameUseCaseImpTest                       : Started GameUseCaseImpTest in 1.598 seconds (process running for 2.075)
2024-12-01T08:09:50.326+01:00 ERROR 22129 --- [    Test worker] b.k.p.l.core.GameUseCaseImp              : Library not found or game not found for player: PlayerId[Id=123e4567-e89b-12d3-a456-426614174000]
2024-12-01T08:09:50.334+01:00  INFO 22129 --- [    Test worker] b.k.p.l.core.GameUseCaseImp              : Game marked as favorite: 
]]></system-out>
  <system-err><![CDATA[WARNING: A Java agent has been loaded dynamically (/home/ali/.gradle/caches/modules-2/files-2.1/net.bytebuddy/byte-buddy-agent/1.14.5/20f4e9b9d0ffb953657bfa4b92c0cceb27907d58/byte-buddy-agent-1.14.5.jar)
WARNING: If a serviceability tool is in use, please run with -XX:+EnableDynamicAgentLoading to hide this warning
WARNING: If a serviceability tool is not in use, please run with -Djdk.instrument.traceUsage for more information
WARNING: Dynamic loading of agents will be disallowed by default in a future release
]]></system-err>
</testsuite>
