<?xml version="1.0" encoding="UTF-8"?>
<testsuite name="GameUseCaseImpTest" tests="4" skipped="0" failures="0" errors="0" timestamp="2025-01-13T20:50:29" hostname="JOSIE" time="0.068">
  <properties/>
  <testcase name="markGameAsFavourite_GameNotFound_ShouldThrowException()" classname="GameUseCaseImpTest" time="0.046"/>
  <testcase name="markGameAsFavourite()" classname="GameUseCaseImpTest" time="0.01"/>
  <testcase name="givePlayerAnAchievement()" classname="GameUseCaseImpTest" time="0.003"/>
  <testcase name="givePlayerAnAchievement_AchievementAlreadyEarned_ShouldThrowException()" classname="GameUseCaseImpTest" time="0.005"/>
  <system-out><![CDATA[
  .   ____          _            __ _ _
 /\\ / ___'_ __ _ _(_)_ __  __ _ \ \ \ \
( ( )\___ | '_ | '_| | '_ \/ _` | \ \ \ \
 \\/  ___)| |_)| | | | | || (_| |  ) ) ) )
  '  |____| .__|_| |_|_| |_\__, | / / / /
 =========|_|==============|___/=/_/_/_/
 :: Spring Boot ::                (v3.1.1)

2025-01-13T21:50:25.944+01:00  INFO 9488 --- [    Test worker] GameUseCaseImpTest                       : Starting GameUseCaseImpTest using Java 21.0.5 with PID 9488 (started by josia in C:\Users\josia\IdeaProjects\bandit-games\library)
2025-01-13T21:50:25.947+01:00  INFO 9488 --- [    Test worker] GameUseCaseImpTest                       : No active profile set, falling back to 1 default profile: "default"
2025-01-13T21:50:28.863+01:00  WARN 9488 --- [    Test worker] .s.s.UserDetailsServiceAutoConfiguration : 

Using generated security password: 79870314-c8c7-4d12-a220-befce46a6f5a

This generated password is for development use only. Your security configuration must be updated before running your application in production.

2025-01-13T21:50:28.975+01:00  INFO 9488 --- [    Test worker] o.s.b.a.e.web.EndpointLinksResolver      : Exposing 1 endpoint(s) beneath base path '/actuator'
2025-01-13T21:50:28.990+01:00  INFO 9488 --- [    Test worker] o.s.s.web.DefaultSecurityFilterChain     : Will secure any request with [org.springframework.security.web.session.DisableEncodeUrlFilter@4d026a3a, org.springframework.security.web.context.request.async.WebAsyncManagerIntegrationFilter@5803dcf0, org.springframework.security.web.context.SecurityContextHolderFilter@5fc88c91, org.springframework.security.web.header.HeaderWriterFilter@69e91f2b, org.springframework.web.filter.CorsFilter@5cacf095, org.springframework.security.web.csrf.CsrfFilter@5ceb9fae, org.springframework.security.web.authentication.logout.LogoutFilter@668f0ee, org.springframework.security.web.authentication.UsernamePasswordAuthenticationFilter@6f800942, org.springframework.security.web.authentication.ui.DefaultLoginPageGeneratingFilter@3b6d5459, org.springframework.security.web.authentication.ui.DefaultLogoutPageGeneratingFilter@11e930e, org.springframework.security.web.authentication.www.BasicAuthenticationFilter@600eb351, org.springframework.security.web.savedrequest.RequestCacheAwareFilter@1ecf9602, org.springframework.security.web.servletapi.SecurityContextHolderAwareRequestFilter@5728d44a, org.springframework.security.web.authentication.AnonymousAuthenticationFilter@5f936aad, org.springframework.security.web.access.ExceptionTranslationFilter@505f8cf, org.springframework.security.web.access.intercept.AuthorizationFilter@435e122]
2025-01-13T21:50:29.042+01:00  INFO 9488 --- [    Test worker] o.s.b.t.m.w.SpringBootMockServletContext : Initializing Spring TestDispatcherServlet ''
2025-01-13T21:50:29.042+01:00  INFO 9488 --- [    Test worker] o.s.t.web.servlet.TestDispatcherServlet  : Initializing Servlet ''
2025-01-13T21:50:29.043+01:00  INFO 9488 --- [    Test worker] o.s.t.web.servlet.TestDispatcherServlet  : Completed initialization in 1 ms
2025-01-13T21:50:29.100+01:00  INFO 9488 --- [    Test worker] o.s.a.r.c.CachingConnectionFactory       : Attempting to connect to: [localhost:5672]
2025-01-13T21:50:29.105+01:00  INFO 9488 --- [    Test worker] o.s.a.r.l.SimpleMessageListenerContainer : Broker not available; cannot force queue declarations during start: java.net.ConnectException: Connection refused: getsockopt
2025-01-13T21:50:29.116+01:00  INFO 9488 --- [ntContainer#0-1] o.s.a.r.c.CachingConnectionFactory       : Attempting to connect to: [localhost:5672]
2025-01-13T21:50:29.150+01:00  INFO 9488 --- [    Test worker] GameUseCaseImpTest                       : Started GameUseCaseImpTest in 3.478 seconds (process running for 4.596)
2025-01-13T21:50:29.259+01:00 ERROR 9488 --- [    Test worker] b.k.p.l.core.GameUseCaseImp              : Library not found or game not found for player: PlayerId[Id=123e4567-e89b-12d3-a456-426614174000]
2025-01-13T21:50:29.275+01:00  INFO 9488 --- [    Test worker] b.k.p.l.core.GameUseCaseImp              : Game marked as favorite: 
]]></system-out>
  <system-err><![CDATA[WARNING: A Java agent has been loaded dynamically (C:\Users\josia\.gradle\caches\modules-2\files-2.1\net.bytebuddy\byte-buddy-agent\1.14.5\20f4e9b9d0ffb953657bfa4b92c0cceb27907d58\byte-buddy-agent-1.14.5.jar)
WARNING: If a serviceability tool is in use, please run with -XX:+EnableDynamicAgentLoading to hide this warning
WARNING: If a serviceability tool is not in use, please run with -Djdk.instrument.traceUsage for more information
WARNING: Dynamic loading of agents will be disallowed by default in a future release
]]></system-err>
</testsuite>
