<?xml version="1.0" encoding="UTF-8"?>
<testsuite name="PredictionUseCaseImplTest" tests="1" skipped="0" failures="0" errors="0" timestamp="2025-01-13T20:50:37" hostname="JOSIE" time="0.029">
  <properties/>
  <testcase name="testPredictChurn()" classname="PredictionUseCaseImplTest" time="0.029"/>
  <system-out><![CDATA[]]></system-out>
  <system-err><![CDATA[]]></system-err>
</testsuite>
