<?xml version="1.0" encoding="UTF-8"?>
<testsuite name="RecommendationUseCaseImplTest" tests="1" skipped="0" failures="0" errors="0" timestamp="2025-01-09T21:07:44" hostname="Teas-MacBook-Pro.local" time="1.559">
  <properties/>
  <testcase name="testRecommendCollaboratively()" classname="RecommendationUseCaseImplTest" time="1.559"/>
  <system-out><![CDATA[]]></system-out>
  <system-err><![CDATA[WARNING: A Java agent has been loaded dynamically (/Users/teaa/.gradle/caches/modules-2/files-2.1/net.bytebuddy/byte-buddy-agent/1.14.5/20f4e9b9d0ffb953657bfa4b92c0cceb27907d58/byte-buddy-agent-1.14.5.jar)
WARNING: If a serviceability tool is in use, please run with -XX:+EnableDynamicAgentLoading to hide this warning
WARNING: If a serviceability tool is not in use, please run with -Djdk.instrument.traceUsage for more information
WARNING: Dynamic loading of agents will be disallowed by default in a future release
]]></system-err>
</testsuite>
