<?xml version="1.0" encoding="UTF-8"?>
<testsuite name="ChatbotUseCaseImplTest" tests="3" skipped="0" failures="0" errors="0" timestamp="2025-01-13T20:50:36" hostname="JOSIE" time="0.874">
  <properties/>
  <testcase name="testGetResponseWithException()" classname="ChatbotUseCaseImplTest" time="0.863"/>
  <testcase name="testGetResponseWithEmptyInput()" classname="ChatbotUseCaseImplTest" time="0.006"/>
  <testcase name="testGetResponse()" classname="ChatbotUseCaseImplTest" time="0.002"/>
  <system-out><![CDATA[]]></system-out>
  <system-err><![CDATA[WARNING: A Java agent has been loaded dynamically (C:\Users\josia\.gradle\caches\modules-2\files-2.1\net.bytebuddy\byte-buddy-agent\1.14.5\20f4e9b9d0ffb953657bfa4b92c0cceb27907d58\byte-buddy-agent-1.14.5.jar)
WARNING: If a serviceability tool is in use, please run with -XX:+EnableDynamicAgentLoading to hide this warning
WARNING: If a serviceability tool is not in use, please run with -Djdk.instrument.traceUsage for more information
WARNING: Dynamic loading of agents will be disallowed by default in a future release
]]></system-err>
</testsuite>
