<?xml version="1.0" encoding="UTF-8"?>
<testsuite name="RecommendationUseCaseImplTest" tests="1" skipped="0" failures="0" errors="0" timestamp="2025-01-07T15:39:02" hostname="Teas-MacBook-Pro.local" time="0.018">
  <properties/>
  <testcase name="testRecommendCollaboratively()" classname="RecommendationUseCaseImplTest" time="0.018"/>
  <system-out><![CDATA[]]></system-out>
  <system-err><![CDATA[]]></system-err>
</testsuite>
