<?xml version="1.0" encoding="UTF-8"?>
<testsuite name="ExportPlayerStatisticsUseCaseImplTest" tests="1" skipped="0" failures="0" errors="0" timestamp="2025-01-13T20:50:37" hostname="JOSIE" time="0.025">
  <properties/>
  <testcase name="testExportAllStatistics()" classname="ExportPlayerStatisticsUseCaseImplTest" time="0.025"/>
  <system-out><![CDATA[]]></system-out>
  <system-err><![CDATA[]]></system-err>
</testsuite>
