<?xml version="1.0" encoding="UTF-8"?>
<testsuite name="ExportPlayerStatisticsUseCaseImplTest" tests="1" skipped="0" failures="0" errors="0" timestamp="2025-01-07T15:39:02" hostname="Teas-MacBook-Pro.local" time="0.03">
  <properties/>
  <testcase name="testExportAllStatistics()" classname="ExportPlayerStatisticsUseCaseImplTest" time="0.03"/>
  <system-out><![CDATA[]]></system-out>
  <system-err><![CDATA[]]></system-err>
</testsuite>
