<?xml version="1.0" encoding="UTF-8"?>
<testsuite name="ChatbotControllerTest" tests="1" skipped="0" failures="0" errors="0" timestamp="2025-01-07T15:39:02" hostname="Teas-MacBook-Pro.local" time="0.1">
  <properties/>
  <testcase name="testGetChatbotResponse()" classname="ChatbotControllerTest" time="0.1"/>
  <system-out><![CDATA[
  .   ____          _            __ _ _
 /\\ / ___'_ __ _ _(_)_ __  __ _ \ \ \ \
( ( )\___ | '_ | '_| | '_ \/ _` | \ \ \ \
 \\/  ___)| |_)| | | | | || (_| |  ) ) ) )
  '  |____| .__|_| |_|_| |_\__, | / / / /
 =========|_|==============|___/=/_/_/_/
 :: Spring Boot ::                (v3.1.1)

2025-01-07T16:39:01.243+01:00  INFO 17533 --- [    Test worker] ChatbotControllerTest                    : Starting ChatbotControllerTest using Java 21.0.5 with PID 17533 (started by teaa in /Users/teaa/Documents/Year4-Final/Integration5/bandit-games/statistics)
2025-01-07T16:39:01.245+01:00  INFO 17533 --- [    Test worker] ChatbotControllerTest                    : No active profile set, falling back to 1 default profile: "default"
2025-01-07T16:39:02.210+01:00  INFO 17533 --- [    Test worker] o.s.b.t.m.w.SpringBootMockServletContext : Initializing Spring TestDispatcherServlet ''
2025-01-07T16:39:02.211+01:00  INFO 17533 --- [    Test worker] o.s.t.web.servlet.TestDispatcherServlet  : Initializing Servlet ''
2025-01-07T16:39:02.212+01:00  INFO 17533 --- [    Test worker] o.s.t.web.servlet.TestDispatcherServlet  : Completed initialization in 0 ms
2025-01-07T16:39:02.228+01:00  INFO 17533 --- [    Test worker] ChatbotControllerTest                    : Started ChatbotControllerTest in 1.209 seconds (process running for 1.75)
]]></system-out>
  <system-err><![CDATA[WARNING: A Java agent has been loaded dynamically (/Users/teaa/.gradle/caches/modules-2/files-2.1/net.bytebuddy/byte-buddy-agent/1.14.5/20f4e9b9d0ffb953657bfa4b92c0cceb27907d58/byte-buddy-agent-1.14.5.jar)
WARNING: If a serviceability tool is in use, please run with -XX:+EnableDynamicAgentLoading to hide this warning
WARNING: If a serviceability tool is not in use, please run with -Djdk.instrument.traceUsage for more information
WARNING: Dynamic loading of agents will be disallowed by default in a future release
]]></system-err>
</testsuite>
